Log file open, 03/14/20 04:07:40
LogWindows: Failed to load 'aqProf.dll' (GetLastError=126)
LogWindows: File 'aqProf.dll' does not exist
LogWindows: Failed to load 'VtuneApi.dll' (GetLastError=126)
LogWindows: File 'VtuneApi.dll' does not exist
LogWindows: Failed to load 'VtuneApi32e.dll' (GetLastError=126)
LogWindows: File 'VtuneApi32e.dll' does not exist
LogConsoleResponse: Display: Failed to find resolution value strings in scalability ini. Falling back to default.
LogInit: Display: Running engine for game: Unreal_Project
LogPlatformFile: Not using cached read wrapper
LogTaskGraph: Started task graph with 5 named threads and 35 total threads with 3 sets of task threads.
LogStats: Stats thread started at 0.086517
LogD3D11RHI: Loaded GFSDK_Aftermath_Lib.x64.dll
LogICUInternationalization: ICU TimeZone Detection - Raw Offset: +1:00, Platform Override: ''
LogPluginManager: Mounting plugin Paper2D
LogPluginManager: Mounting plugin AISupport
LogPluginManager: Mounting plugin LightPropagationVolume
LogPluginManager: Mounting plugin ActorLayerUtilities
LogPluginManager: Mounting plugin AnimationSharing
LogPluginManager: Mounting plugin CLionSourceCodeAccess
LogPluginManager: Mounting plugin CodeLiteSourceCodeAccess
LogPluginManager: Mounting plugin GitSourceControl
LogPluginManager: Mounting plugin KDevelopSourceCodeAccess
LogPluginManager: Mounting plugin NullSourceCodeAccess
LogPluginManager: Mounting plugin PerforceSourceControl
LogPluginManager: Mounting plugin PlasticSourceControl
LogPluginManager: Mounting plugin SubversionSourceControl
LogPluginManager: Mounting plugin UObjectPlugin
LogPluginManager: Mounting plugin VisualStudioCodeSourceCodeAccess
LogPluginManager: Mounting plugin VisualStudioSourceCodeAccess
LogPluginManager: Mounting plugin XCodeSourceCodeAccess
LogPluginManager: Mounting plugin AssetManagerEditor
LogPluginManager: Mounting plugin CryptoKeys
LogPluginManager: Mounting plugin CurveEditorTools
LogPluginManager: Mounting plugin DataValidation
LogPluginManager: Mounting plugin FacialAnimation
LogPluginManager: Mounting plugin GameplayTagsEditor
LogPluginManager: Mounting plugin MacGraphicsSwitching
LogPluginManager: Mounting plugin MaterialAnalyzer
LogPluginManager: Mounting plugin MobileLauncherProfileWizard
LogPluginManager: Mounting plugin PluginBrowser
LogPluginManager: Mounting plugin SpeedTreeImporter
LogPluginManager: Mounting plugin DatasmithContent
LogPluginManager: Mounting plugin VariantManagerContent
LogPluginManager: Mounting plugin AlembicImporter
LogPluginManager: Mounting plugin AutomationUtils
LogPluginManager: Mounting plugin BackChannel
LogPluginManager: Mounting plugin CharacterAI
LogPluginManager: Mounting plugin GeometryCache
LogPluginManager: Mounting plugin PlatformCrypto
LogPluginManager: Mounting plugin ProxyLODPlugin
LogPluginManager: Mounting plugin SkeletalReduction
LogPluginManager: Mounting plugin MagicLeap
LogPluginManager: Mounting plugin MagicLeapMedia
LogPluginManager: Mounting plugin MLSDK
LogPluginManager: Mounting plugin AndroidMedia
LogPluginManager: Mounting plugin AvfMedia
LogPluginManager: Mounting plugin ImgMedia
LogPluginManager: Mounting plugin MediaCompositing
LogPluginManager: Mounting plugin MediaPlayerEditor
LogPluginManager: Mounting plugin WebMMedia
LogPluginManager: Mounting plugin WmfMedia
LogPluginManager: Mounting plugin TcpMessaging
LogPluginManager: Mounting plugin UdpMessaging
LogPluginManager: Mounting plugin ActorSequence
LogPluginManager: Mounting plugin LevelSequenceEditor
LogPluginManager: Mounting plugin MatineeToLevelSequence
LogPluginManager: Mounting plugin NetcodeUnitTest
LogPluginManager: Mounting plugin NUTUnrealEngine4
LogPluginManager: Mounting plugin OnlineSubsystemGooglePlay
LogPluginManager: Mounting plugin OnlineSubsystemIOS
LogPluginManager: Mounting plugin OnlineSubsystem
LogPluginManager: Mounting plugin OnlineSubsystemNull
LogPluginManager: Mounting plugin OnlineSubsystemUtils
LogPluginManager: Mounting plugin LauncherChunkInstaller
LogPluginManager: Mounting plugin AndroidDeviceProfileSelector
LogPluginManager: Mounting plugin AndroidMoviePlayer
LogPluginManager: Mounting plugin AndroidPermission
LogPluginManager: Mounting plugin AppleImageUtils
LogPluginManager: Mounting plugin AppleMoviePlayer
LogPluginManager: Mounting plugin ArchVisCharacter
LogPluginManager: Mounting plugin AssetTags
LogPluginManager: Mounting plugin AudioCapture
LogPluginManager: Mounting plugin CableComponent
LogPluginManager: Mounting plugin CustomMeshComponent
LogPluginManager: Mounting plugin EditableMesh
LogPluginManager: Mounting plugin ExampleDeviceProfileSelector
LogPluginManager: Mounting plugin GoogleCloudMessaging
LogPluginManager: Mounting plugin IOSDeviceProfileSelector
LogPluginManager: Mounting plugin LinuxDeviceProfileSelector
LogPluginManager: Mounting plugin LocationServicesBPLibrary
LogPluginManager: Mounting plugin MobilePatchingUtils
LogPluginManager: Mounting plugin OculusVR
LogPluginManager: Mounting plugin PhysXVehicles
LogPluginManager: Mounting plugin PostSplashScreen
LogPluginManager: Mounting plugin ProceduralMeshComponent
LogPluginManager: Mounting plugin RuntimePhysXCooking
LogPluginManager: Mounting plugin SignificanceManager
LogPluginManager: Mounting plugin SteamVR
LogPluginManager: Mounting plugin WebMMoviePlayer
LogPluginManager: Mounting plugin WindowsMoviePlayer
LogPluginManager: Mounting plugin ScreenshotTools
LogInit: Using libcurl 7.55.1-DEV
LogInit:  - built for x86_64-pc-win32
LogInit:  - supports SSL with OpenSSL/1.1.1
LogInit:  - supports HTTP deflate (compression) using libz 1.2.8
LogInit:  - other features:
LogInit:      CURL_VERSION_SSL
LogInit:      CURL_VERSION_LIBZ
LogInit:      CURL_VERSION_IPV6
LogInit:      CURL_VERSION_ASYNCHDNS
LogInit:      CURL_VERSION_LARGEFILE
LogInit:      CURL_VERSION_IDN
LogInit:  CurlRequestOptions (configurable via config and command line):
LogInit:  - bVerifyPeer = true  - Libcurl will verify peer certificate
LogInit:  - bUseHttpProxy = false  - Libcurl will NOT use HTTP proxy
LogInit:  - bDontReuseConnections = false  - Libcurl will reuse connections
LogInit:  - MaxHostConnections = 16  - Libcurl will limit the number of connections to a host
LogInit:  - LocalHostAddr = Default
LogInit:  - BufferSize = 65536
LogOnline: OSS: Creating online subsystem instance for: NULL
LogInit: WinSock: version 1.1 (2.2), MaxSocks=32767, MaxUdp=65467
LogOnline: OSS: TryLoadSubsystemAndSetDefault: Loaded subsystem for module [NULL]
LogInit: Build: ++UE4+Release-4.24-CL-10757647
LogInit: Engine Version: 4.24.1-10757647+++UE4+Release-4.24
LogInit: Compatible Engine Version: 4.24.0-10570792+++UE4+Release-4.24
LogInit: Net CL: 10570792
LogInit: OS: Windows 10 (Release 1903) (), CPU: Intel(R) Core(TM) i7-8750H CPU @ 2.20GHz, GPU: Intel(R) UHD Graphics 630
LogInit: Compiled (64-bit): Dec 17 2019 02:08:03
LogInit: Compiled with Visual C++: 19.16.27032.01
LogInit: Build Configuration: Development
LogInit: Branch Name: ++UE4+Release-4.24
LogInit: Command Line: 
LogInit: Base Directory: C:/Program Files/Epic Games/UE_4.24/Engine/Binaries/Win64/
LogInit: Installed Engine Build: 1
LogDevObjectVersion: Number of dev versions registered: 25
LogDevObjectVersion:   Dev-Blueprints (B0D832E4-1F89-4F0D-ACCF-7EB736FD4AA2): 10
LogDevObjectVersion:   Dev-Build (E1C64328-A22C-4D53-A36C-8E866417BD8C): 0
LogDevObjectVersion:   Dev-Core (375EC13C-06E4-48FB-B500-84F0262A717E): 3
LogDevObjectVersion:   Dev-Editor (E4B068ED-F494-42E9-A231-DA0B2E46BB41): 37
LogDevObjectVersion:   Dev-Framework (CFFC743F-43B0-4480-9391-14DF171D2073): 36
LogDevObjectVersion:   Dev-Mobile (B02B49B5-BB20-44E9-A304-32B752E40360): 2
LogDevObjectVersion:   Dev-Networking (A4E4105C-59A1-49B5-A7C5-40C4547EDFEE): 0
LogDevObjectVersion:   Dev-Online (39C831C9-5AE6-47DC-9A44-9C173E1C8E7C): 0
LogDevObjectVersion:   Dev-Physics (78F01B33-EBEA-4F98-B9B4-84EACCB95AA2): 2
LogDevObjectVersion:   Dev-Platform (6631380F-2D4D-43E0-8009-CF276956A95A): 0
LogDevObjectVersion:   Dev-Rendering (12F88B9F-8875-4AFC-A67C-D90C383ABD29): 36
LogDevObjectVersion:   Dev-Sequencer (7B5AE74C-D270-4C10-A958-57980B212A5A): 11
LogDevObjectVersion:   Dev-VR (D7296918-1DD6-4BDD-9DE2-64A83CC13884): 2
LogDevObjectVersion:   Dev-LoadTimes (C2A15278-BFE7-4AFE-6C17-90FF531DF755): 1
LogDevObjectVersion:   Private-Geometry (6EACA3D4-40EC-4CC1-B786-8BED09428FC5): 3
LogDevObjectVersion:   Dev-AnimPhys (29E575DD-E0A3-4627-9D10-D276232CDCEA): 17
LogDevObjectVersion:   Dev-Anim (AF43A65D-7FD3-4947-9873-3E8ED9C1BB05): 2
LogDevObjectVersion:   Dev-ReflectionCapture (6B266CEC-1EC7-4B8F-A30B-E4D90942FC07): 1
LogDevObjectVersion:   Dev-Automation (0DF73D61-A23F-47EA-B727-89E90C41499A): 1
LogDevObjectVersion:   FortniteMain (601D1886-AC64-4F84-AA16-D3DE0DEAC7D6): 31
LogDevObjectVersion:   Dev-Enterprise (9DFFBCD6-494F-0158-E221-12823C92A888): 8
LogDevObjectVersion:   Dev-Niagara (F2AED0AC-9AFE-416F-8664-AA7FFA26D6FC): 1
LogDevObjectVersion:   Dev-Destruction (174F1F0B-B4C6-45A5-B13F-2EE8D0FB917D): 9
LogDevObjectVersion:   Dev-Physics-Ext (35F94A83-E258-406C-A318-09F59610247C): 8
LogDevObjectVersion:   Dev-CineCamera (B2E18506-4273-CFC2-A54E-F4BB758BBA07): 1
LogInit: Presizing for max 25165824 objects, including 0 objects not considered by GC, pre-allocating 0 bytes for permanent pool.
LogInit: Object subsystem initialized
LogConfig: Setting CVar [[con.DebugEarlyDefault:1]]
LogConfig: Setting CVar [[r.setres:1280x720]]
[2020.03.14-03.07.40:615][  0]LogConfig: Setting CVar [[r.VSync:0]]
[2020.03.14-03.07.40:615][  0]LogConfig: Setting CVar [[r.RHICmdBypass:0]]
[2020.03.14-03.07.40:615][  0]LogConfig: Applying CVar settings from Section [/Script/Engine.RendererSettings] File [C:/Users/adria/Desktop/Projectes Unreal/GitHub/Unreal_Project/Unreal_Project/Saved/Config/Windows/Engine.ini]
[2020.03.14-03.07.40:615][  0]LogConfig: Setting CVar [[r.GPUCrashDebugging:0]]
[2020.03.14-03.07.40:615][  0]LogConfig: Applying CVar settings from Section [/Script/Engine.RendererOverrideSettings] File [C:/Users/adria/Desktop/Projectes Unreal/GitHub/Unreal_Project/Unreal_Project/Saved/Config/Windows/Engine.ini]
[2020.03.14-03.07.40:615][  0]LogConfig: Applying CVar settings from Section [/Script/Engine.StreamingSettings] File [C:/Users/adria/Desktop/Projectes Unreal/GitHub/Unreal_Project/Unreal_Project/Saved/Config/Windows/Engine.ini]
[2020.03.14-03.07.40:615][  0]LogConfig: Setting CVar [[s.MinBulkDataSizeForAsyncLoading:131072]]
[2020.03.14-03.07.40:615][  0]LogConfig: Setting CVar [[s.AsyncLoadingThreadEnabled:0]]
[2020.03.14-03.07.40:615][  0]LogConfig: Setting CVar [[s.EventDrivenLoaderEnabled:1]]
[2020.03.14-03.07.40:615][  0]LogConfig: Setting CVar [[s.WarnIfTimeLimitExceeded:0]]
[2020.03.14-03.07.40:615][  0]LogConfig: Setting CVar [[s.TimeLimitExceededMultiplier:1.5]]
[2020.03.14-03.07.40:615][  0]LogConfig: Setting CVar [[s.TimeLimitExceededMinTime:0.005]]
[2020.03.14-03.07.40:615][  0]LogConfig: Setting CVar [[s.UseBackgroundLevelStreaming:1]]
[2020.03.14-03.07.40:615][  0]LogConfig: Setting CVar [[s.PriorityAsyncLoadingExtraTime:15.0]]
[2020.03.14-03.07.40:615][  0]LogConfig: Setting CVar [[s.LevelStreamingActorsUpdateTimeLimit:5.0]]
[2020.03.14-03.07.40:615][  0]LogConfig: Setting CVar [[s.PriorityLevelStreamingActorsUpdateExtraTime:5.0]]
[2020.03.14-03.07.40:615][  0]LogConfig: Setting CVar [[s.LevelStreamingComponentsRegistrationGranularity:10]]
[2020.03.14-03.07.40:615][  0]LogConfig: Setting CVar [[s.UnregisterComponentsTimeLimit:1.0]]
[2020.03.14-03.07.40:615][  0]LogConfig: Setting CVar [[s.LevelStreamingComponentsUnregistrationGranularity:5]]
[2020.03.14-03.07.40:615][  0]LogConfig: Setting CVar [[s.FlushStreamingOnExit:1]]
[2020.03.14-03.07.40:615][  0]LogConfig: Applying CVar settings from Section [/Script/Engine.GarbageCollectionSettings] File [C:/Users/adria/Desktop/Projectes Unreal/GitHub/Unreal_Project/Unreal_Project/Saved/Config/Windows/Engine.ini]
[2020.03.14-03.07.40:615][  0]LogConfig: Setting CVar [[gc.MaxObjectsNotConsideredByGC:1]]
[2020.03.14-03.07.40:615][  0]LogConfig: Setting CVar [[gc.SizeOfPermanentObjectPool:0]]
[2020.03.14-03.07.40:615][  0]LogConfig: Setting CVar [[gc.FlushStreamingOnGC:0]]
[2020.03.14-03.07.40:615][  0]LogConfig: Setting CVar [[gc.NumRetriesBeforeForcingGC:10]]
[2020.03.14-03.07.40:615][  0]LogConfig: Setting CVar [[gc.AllowParallelGC:1]]
[2020.03.14-03.07.40:615][  0]LogConfig: Setting CVar [[gc.TimeBetweenPurgingPendingKillObjects:61.1]]
[2020.03.14-03.07.40:615][  0]LogConfig: Setting CVar [[gc.MaxObjectsInEditor:25165824]]
[2020.03.14-03.07.40:615][  0]LogConfig: Setting CVar [[gc.IncrementalBeginDestroyEnabled:1]]
[2020.03.14-03.07.40:615][  0]LogConfig: Setting CVar [[gc.CreateGCClusters:1]]
[2020.03.14-03.07.40:615][  0]LogConfig: Setting CVar [[gc.MinGCClusterSize:5]]
[2020.03.14-03.07.40:615][  0]LogConfig: Setting CVar [[gc.ActorClusteringEnabled:0]]
[2020.03.14-03.07.40:615][  0]LogConfig: Setting CVar [[gc.BlueprintClusteringEnabled:0]]
[2020.03.14-03.07.40:615][  0]LogConfig: Setting CVar [[gc.UseDisregardForGCOnDedicatedServers:0]]
[2020.03.14-03.07.40:615][  0]LogConfig: Applying CVar settings from Section [/Script/Engine.NetworkSettings] File [C:/Users/adria/Desktop/Projectes Unreal/GitHub/Unreal_Project/Unreal_Project/Saved/Config/Windows/Engine.ini]
[2020.03.14-03.07.40:615][  0]LogConfig: Applying CVar settings from Section [/Script/UnrealEd.CookerSettings] File [C:/Users/adria/Desktop/Projectes Unreal/GitHub/Unreal_Project/Unreal_Project/Saved/Config/Windows/Engine.ini]
[2020.03.14-03.07.40:617][  0]LogConfig: Applying CVar settings from Section [ViewDistanceQuality@3] File [C:/Users/adria/Desktop/Projectes Unreal/GitHub/Unreal_Project/Unreal_Project/Saved/Config/Windows/Scalability.ini]
[2020.03.14-03.07.40:617][  0]LogConfig: Setting CVar [[r.SkeletalMeshLODBias:0]]
[2020.03.14-03.07.40:617][  0]LogConfig: Setting CVar [[r.ViewDistanceScale:1.0]]
[2020.03.14-03.07.40:617][  0]LogConfig: Applying CVar settings from Section [AntiAliasingQuality@3] File [C:/Users/adria/Desktop/Projectes Unreal/GitHub/Unreal_Project/Unreal_Project/Saved/Config/Windows/Scalability.ini]
[2020.03.14-03.07.40:617][  0]LogConfig: Setting CVar [[r.PostProcessAAQuality:4]]
[2020.03.14-03.07.40:617][  0]LogConfig: Applying CVar settings from Section [ShadowQuality@3] File [C:/Users/adria/Desktop/Projectes Unreal/GitHub/Unreal_Project/Unreal_Project/Saved/Config/Windows/Scalability.ini]
[2020.03.14-03.07.40:617][  0]LogConfig: Setting CVar [[r.LightFunctionQuality:1]]
[2020.03.14-03.07.40:617][  0]LogConfig: Setting CVar [[r.ShadowQuality:5]]
[2020.03.14-03.07.40:617][  0]LogConfig: Setting CVar [[r.Shadow.CSM.MaxCascades:10]]
[2020.03.14-03.07.40:617][  0]LogConfig: Setting CVar [[r.Shadow.MaxResolution:2048]]
[2020.03.14-03.07.40:617][  0]LogConfig: Setting CVar [[r.Shadow.MaxCSMResolution:2048]]
[2020.03.14-03.07.40:617][  0]LogConfig: Setting CVar [[r.Shadow.RadiusThreshold:0.01]]
[2020.03.14-03.07.40:617][  0]LogConfig: Setting CVar [[r.Shadow.DistanceScale:1.0]]
[2020.03.14-03.07.40:617][  0]LogConfig: Setting CVar [[r.Shadow.CSM.TransitionScale:1.0]]
[2020.03.14-03.07.40:617][  0]LogConfig: Setting CVar [[r.Shadow.PreShadowResolutionFactor:1.0]]
[2020.03.14-03.07.40:617][  0]LogConfig: Setting CVar [[r.DistanceFieldShadowing:1]]
[2020.03.14-03.07.40:617][  0]LogConfig: Setting CVar [[r.DistanceFieldAO:1]]
[2020.03.14-03.07.40:617][  0]LogConfig: Setting CVar [[r.AOQuality:2]]
[2020.03.14-03.07.40:617][  0]LogConfig: Setting CVar [[r.VolumetricFog:1]]
[2020.03.14-03.07.40:617][  0]LogConfig: Setting CVar [[r.VolumetricFog.GridPixelSize:8]]
[2020.03.14-03.07.40:617][  0]LogConfig: Setting CVar [[r.VolumetricFog.GridSizeZ:128]]
[2020.03.14-03.07.40:617][  0]LogConfig: Setting CVar [[r.VolumetricFog.HistoryMissSupersampleCount:4]]
[2020.03.14-03.07.40:617][  0]LogConfig: Setting CVar [[r.LightMaxDrawDistanceScale:1]]
[2020.03.14-03.07.40:617][  0]LogConfig: Setting CVar [[r.CapsuleShadows:1]]
[2020.03.14-03.07.40:617][  0]LogConfig: Applying CVar settings from Section [PostProcessQuality@3] File [C:/Users/adria/Desktop/Projectes Unreal/GitHub/Unreal_Project/Unreal_Project/Saved/Config/Windows/Scalability.ini]
[2020.03.14-03.07.40:617][  0]LogConfig: Setting CVar [[r.MotionBlurQuality:4]]
[2020.03.14-03.07.40:617][  0]LogConfig: Setting CVar [[r.AmbientOcclusionMipLevelFactor:0.4]]
[2020.03.14-03.07.40:617][  0]LogConfig: Setting CVar [[r.AmbientOcclusionMaxQuality:100]]
[2020.03.14-03.07.40:617][  0]LogConfig: Setting CVar [[r.AmbientOcclusionLevels:-1]]
[2020.03.14-03.07.40:617][  0]LogConfig: Setting CVar [[r.AmbientOcclusionRadiusScale:1.0]]
[2020.03.14-03.07.40:617][  0]LogConfig: Setting CVar [[r.DepthOfFieldQuality:2]]
[2020.03.14-03.07.40:617][  0]LogConfig: Setting CVar [[r.RenderTargetPoolMin:400]]
[2020.03.14-03.07.40:617][  0]LogConfig: Setting CVar [[r.LensFlareQuality:2]]
[2020.03.14-03.07.40:617][  0]LogConfig: Setting CVar [[r.SceneColorFringeQuality:1]]
[2020.03.14-03.07.40:617][  0]LogConfig: Setting CVar [[r.EyeAdaptationQuality:2]]
[2020.03.14-03.07.40:617][  0]LogConfig: Setting CVar [[r.BloomQuality:5]]
[2020.03.14-03.07.40:617][  0]LogConfig: Setting CVar [[r.FastBlurThreshold:100]]
[2020.03.14-03.07.40:617][  0]LogConfig: Setting CVar [[r.Upscale.Quality:3]]
[2020.03.14-03.07.40:617][  0]LogConfig: Setting CVar [[r.Tonemapper.GrainQuantization:1]]
[2020.03.14-03.07.40:617][  0]LogConfig: Setting CVar [[r.LightShaftQuality:1]]
[2020.03.14-03.07.40:617][  0]LogConfig: Setting CVar [[r.Filter.SizeScale:1]]
[2020.03.14-03.07.40:617][  0]LogConfig: Setting CVar [[r.Tonemapper.Quality:5]]
[2020.03.14-03.07.40:617][  0]LogConfig: Setting CVar [[r.DOF.Gather.AccumulatorQuality:1        ; higher gathering accumulator quality]]
[2020.03.14-03.07.40:617][  0]LogConfig: Setting CVar [[r.DOF.Gather.PostfilterMethod:1          ; Median3x3 postfilering method]]
[2020.03.14-03.07.40:617][  0]LogConfig: Setting CVar [[r.DOF.Gather.EnableBokehSettings:0       ; no bokeh simulation when gathering]]
[2020.03.14-03.07.40:617][  0]LogConfig: Setting CVar [[r.DOF.Gather.RingCount:4                 ; medium number of samples when gathering]]
[2020.03.14-03.07.40:617][  0]LogConfig: Setting CVar [[r.DOF.Scatter.ForegroundCompositing:1    ; additive foreground scattering]]
[2020.03.14-03.07.40:618][  0]LogConfig: Setting CVar [[r.DOF.Scatter.BackgroundCompositing:2    ; additive background scattering]]
[2020.03.14-03.07.40:618][  0]LogConfig: Setting CVar [[r.DOF.Scatter.EnableBokehSettings:1      ; bokeh simulation when scattering]]
[2020.03.14-03.07.40:618][  0]LogConfig: Setting CVar [[r.DOF.Scatter.MaxSpriteRatio:0.1         ; only a maximum of 10% of scattered bokeh]]
[2020.03.14-03.07.40:618][  0]LogConfig: Setting CVar [[r.DOF.Recombine.Quality:1                ; cheap slight out of focus]]
[2020.03.14-03.07.40:618][  0]LogConfig: Setting CVar [[r.DOF.Recombine.EnableBokehSettings:0    ; no bokeh simulation on slight out of focus]]
[2020.03.14-03.07.40:618][  0]LogConfig: Setting CVar [[r.DOF.TemporalAAQuality:1                ; more stable temporal accumulation]]
[2020.03.14-03.07.40:618][  0]LogConfig: Setting CVar [[r.DOF.Kernel.MaxForegroundRadius:0.025]]
[2020.03.14-03.07.40:618][  0]LogConfig: Setting CVar [[r.DOF.Kernel.MaxBackgroundRadius:0.025]]
[2020.03.14-03.07.40:618][  0]LogConfig: Applying CVar settings from Section [TextureQuality@3] File [C:/Users/adria/Desktop/Projectes Unreal/GitHub/Unreal_Project/Unreal_Project/Saved/Config/Windows/Scalability.ini]
[2020.03.14-03.07.40:618][  0]LogConfig: Setting CVar [[r.Streaming.MipBias:0]]
[2020.03.14-03.07.40:618][  0]LogConfig: Setting CVar [[r.Streaming.AmortizeCPUToGPUCopy:0]]
[2020.03.14-03.07.40:618][  0]LogConfig: Setting CVar [[r.Streaming.MaxNumTexturesToStreamPerFrame:0]]
[2020.03.14-03.07.40:618][  0]LogConfig: Setting CVar [[r.Streaming.Boost:1]]
[2020.03.14-03.07.40:618][  0]LogConfig: Setting CVar [[r.MaxAnisotropy:8]]
[2020.03.14-03.07.40:618][  0]LogConfig: Setting CVar [[r.VT.MaxAnisotropy:8]]
[2020.03.14-03.07.40:618][  0]LogConfig: Setting CVar [[r.Streaming.LimitPoolSizeToVRAM:0]]
[2020.03.14-03.07.40:618][  0]LogConfig: Setting CVar [[r.Streaming.PoolSize:1000]]
[2020.03.14-03.07.40:618][  0]LogConfig: Setting CVar [[r.Streaming.MaxEffectiveScreenSize:0]]
[2020.03.14-03.07.40:618][  0]LogConfig: Applying CVar settings from Section [EffectsQuality@3] File [C:/Users/adria/Desktop/Projectes Unreal/GitHub/Unreal_Project/Unreal_Project/Saved/Config/Windows/Scalability.ini]
[2020.03.14-03.07.40:618][  0]LogConfig: Setting CVar [[r.TranslucencyLightingVolumeDim:64]]
[2020.03.14-03.07.40:618][  0]LogConfig: Setting CVar [[r.RefractionQuality:2]]
[2020.03.14-03.07.40:618][  0]LogConfig: Setting CVar [[r.SSR.Quality:3]]
[2020.03.14-03.07.40:618][  0]LogConfig: Setting CVar [[r.SSR.HalfResSceneColor:0]]
[2020.03.14-03.07.40:618][  0]LogConfig: Setting CVar [[r.SceneColorFormat:4]]
[2020.03.14-03.07.40:618][  0]LogConfig: Setting CVar [[r.DetailMode:2]]
[2020.03.14-03.07.40:618][  0]LogConfig: Setting CVar [[r.TranslucencyVolumeBlur:1]]
[2020.03.14-03.07.40:618][  0]LogConfig: Setting CVar [[r.MaterialQualityLevel:1 ; High quality]]
[2020.03.14-03.07.40:618][  0]LogConfig: Setting CVar [[r.SSS.Scale:1]]
[2020.03.14-03.07.40:618][  0]LogConfig: Setting CVar [[r.SSS.SampleSet:2]]
[2020.03.14-03.07.40:618][  0]LogConfig: Setting CVar [[r.SSS.Quality:1]]
[2020.03.14-03.07.40:618][  0]LogConfig: Setting CVar [[r.SSS.HalfRes:1]]
[2020.03.14-03.07.40:618][  0]LogConfig: Setting CVar [[r.SSGI.Quality:3]]
[2020.03.14-03.07.40:618][  0]LogConfig: Setting CVar [[r.EmitterSpawnRateScale:1.0]]
[2020.03.14-03.07.40:618][  0]LogConfig: Setting CVar [[r.ParticleLightQuality:2]]
[2020.03.14-03.07.40:618][  0]LogConfig: Setting CVar [[r.SkyAtmosphere.AerialPerspectiveLUT.FastApplyOnOpaque:1 ; Always have FastSkyLUT 1 in this case to avoid wrong sky]]
[2020.03.14-03.07.40:618][  0]LogConfig: Setting CVar [[r.SkyAtmosphere.AerialPerspectiveLUT.SampleCountPerSlice:1]]
[2020.03.14-03.07.40:618][  0]LogConfig: Setting CVar [[r.SkyAtmosphere.AerialPerspectiveLUT.DepthResolution:16.0]]
[2020.03.14-03.07.40:618][  0]LogConfig: Setting CVar [[r.SkyAtmosphere.FastSkyLUT:1]]
[2020.03.14-03.07.40:618][  0]LogConfig: Setting CVar [[r.SkyAtmosphere.FastSkyLUT.SampleCountMin:4.0]]
[2020.03.14-03.07.40:618][  0]LogConfig: Setting CVar [[r.SkyAtmosphere.FastSkyLUT.SampleCountMax:32.0]]
[2020.03.14-03.07.40:618][  0]LogConfig: Setting CVar [[r.SkyAtmosphere.SampleCountMin:4.0]]
[2020.03.14-03.07.40:618][  0]LogConfig: Setting CVar [[r.SkyAtmosphere.SampleCountMax:32.0]]
[2020.03.14-03.07.40:618][  0]LogConfig: Setting CVar [[r.SkyAtmosphere.TransmittanceLUT.UseSmallFormat:0]]
[2020.03.14-03.07.40:618][  0]LogConfig: Setting CVar [[r.SkyAtmosphere.TransmittanceLUT.SampleCount:10.0]]
[2020.03.14-03.07.40:618][  0]LogConfig: Setting CVar [[r.SkyAtmosphere.MultiScatteringLUT.SampleCount:15.0]]
[2020.03.14-03.07.40:618][  0]LogConfig: Applying CVar settings from Section [FoliageQuality@3] File [C:/Users/adria/Desktop/Projectes Unreal/GitHub/Unreal_Project/Unreal_Project/Saved/Config/Windows/Scalability.ini]
[2020.03.14-03.07.40:618][  0]LogConfig: Setting CVar [[foliage.DensityScale:1.0]]
[2020.03.14-03.07.40:618][  0]LogConfig: Setting CVar [[grass.DensityScale:1.0]]
[2020.03.14-03.07.40:618][  0]LogConfig: Applying CVar settings from Section [ShadingQuality@3] File [C:/Users/adria/Desktop/Projectes Unreal/GitHub/Unreal_Project/Unreal_Project/Saved/Config/Windows/Scalability.ini]
[2020.03.14-03.07.40:618][  0]LogConfig: Setting CVar [[r.HairStrands.SkyLighting.SampleCount:16]]
[2020.03.14-03.07.40:618][  0]LogConfig: Setting CVar [[r.HairStrands.SkyLighting.JitterIntegration:0]]
[2020.03.14-03.07.40:618][  0]LogConfig: Setting CVar [[r.HairStrands.SkyAO.SampleCount:16]]
[2020.03.14-03.07.40:618][  0]LogInit: Selected Device Profile: [Windows]
[2020.03.14-03.07.40:618][  0]LogInit: Applying CVar settings loaded from the selected device profile: [Windows]
[2020.03.14-03.07.40:620][  0]LogHAL: Display: Platform has ~ 8 GB [8424574976 / 8589934592 / 8], which maps to Default [LargestMinGB=32, LargerMinGB=12, DefaultMinGB=8, SmallerMinGB=6, SmallestMinGB=0)
[2020.03.14-03.07.40:620][  0]LogInit: Going up to parent DeviceProfile []
[2020.03.14-03.07.40:621][  0]LogConfig: Applying CVar settings from Section [ViewDistanceQuality@3] File [C:/Users/adria/Desktop/Projectes Unreal/GitHub/Unreal_Project/Unreal_Project/Saved/Config/Windows/Scalability.ini]
[2020.03.14-03.07.40:621][  0]LogConfig: Setting CVar [[r.SkeletalMeshLODBias:0]]
[2020.03.14-03.07.40:621][  0]LogConfig: Setting CVar [[r.ViewDistanceScale:1.0]]
[2020.03.14-03.07.40:621][  0]LogConfig: Applying CVar settings from Section [AntiAliasingQuality@3] File [C:/Users/adria/Desktop/Projectes Unreal/GitHub/Unreal_Project/Unreal_Project/Saved/Config/Windows/Scalability.ini]
[2020.03.14-03.07.40:621][  0]LogConfig: Setting CVar [[r.PostProcessAAQuality:4]]
[2020.03.14-03.07.40:621][  0]LogConfig: Applying CVar settings from Section [ShadowQuality@3] File [C:/Users/adria/Desktop/Projectes Unreal/GitHub/Unreal_Project/Unreal_Project/Saved/Config/Windows/Scalability.ini]
[2020.03.14-03.07.40:621][  0]LogConfig: Setting CVar [[r.LightFunctionQuality:1]]
[2020.03.14-03.07.40:621][  0]LogConfig: Setting CVar [[r.ShadowQuality:5]]
[2020.03.14-03.07.40:621][  0]LogConfig: Setting CVar [[r.Shadow.CSM.MaxCascades:10]]
[2020.03.14-03.07.40:621][  0]LogConfig: Setting CVar [[r.Shadow.MaxResolution:2048]]
[2020.03.14-03.07.40:621][  0]LogConfig: Setting CVar [[r.Shadow.MaxCSMResolution:2048]]
[2020.03.14-03.07.40:621][  0]LogConfig: Setting CVar [[r.Shadow.RadiusThreshold:0.01]]
[2020.03.14-03.07.40:621][  0]LogConfig: Setting CVar [[r.Shadow.DistanceScale:1.0]]
[2020.03.14-03.07.40:621][  0]LogConfig: Setting CVar [[r.Shadow.CSM.TransitionScale:1.0]]
[2020.03.14-03.07.40:621][  0]LogConfig: Setting CVar [[r.Shadow.PreShadowResolutionFactor:1.0]]
[2020.03.14-03.07.40:621][  0]LogConfig: Setting CVar [[r.DistanceFieldShadowing:1]]
[2020.03.14-03.07.40:621][  0]LogConfig: Setting CVar [[r.DistanceFieldAO:1]]
[2020.03.14-03.07.40:621][  0]LogConfig: Setting CVar [[r.AOQuality:2]]
[2020.03.14-03.07.40:621][  0]LogConfig: Setting CVar [[r.VolumetricFog:1]]
[2020.03.14-03.07.40:621][  0]LogConfig: Setting CVar [[r.VolumetricFog.GridPixelSize:8]]
[2020.03.14-03.07.40:621][  0]LogConfig: Setting CVar [[r.VolumetricFog.GridSizeZ:128]]
[2020.03.14-03.07.40:621][  0]LogConfig: Setting CVar [[r.VolumetricFog.HistoryMissSupersampleCount:4]]
[2020.03.14-03.07.40:621][  0]LogConfig: Setting CVar [[r.LightMaxDrawDistanceScale:1]]
[2020.03.14-03.07.40:621][  0]LogConfig: Setting CVar [[r.CapsuleShadows:1]]
[2020.03.14-03.07.40:621][  0]LogConfig: Applying CVar settings from Section [PostProcessQuality@3] File [C:/Users/adria/Desktop/Projectes Unreal/GitHub/Unreal_Project/Unreal_Project/Saved/Config/Windows/Scalability.ini]
[2020.03.14-03.07.40:621][  0]LogConfig: Setting CVar [[r.MotionBlurQuality:4]]
[2020.03.14-03.07.40:621][  0]LogConfig: Setting CVar [[r.AmbientOcclusionMipLevelFactor:0.4]]
[2020.03.14-03.07.40:621][  0]LogConfig: Setting CVar [[r.AmbientOcclusionMaxQuality:100]]
[2020.03.14-03.07.40:621][  0]LogConfig: Setting CVar [[r.AmbientOcclusionLevels:-1]]
[2020.03.14-03.07.40:621][  0]LogConfig: Setting CVar [[r.AmbientOcclusionRadiusScale:1.0]]
[2020.03.14-03.07.40:621][  0]LogConfig: Setting CVar [[r.DepthOfFieldQuality:2]]
[2020.03.14-03.07.40:621][  0]LogConfig: Setting CVar [[r.RenderTargetPoolMin:400]]
[2020.03.14-03.07.40:621][  0]LogConfig: Setting CVar [[r.LensFlareQuality:2]]
[2020.03.14-03.07.40:621][  0]LogConfig: Setting CVar [[r.SceneColorFringeQuality:1]]
[2020.03.14-03.07.40:621][  0]LogConfig: Setting CVar [[r.EyeAdaptationQuality:2]]
[2020.03.14-03.07.40:621][  0]LogConfig: Setting CVar [[r.BloomQuality:5]]
[2020.03.14-03.07.40:621][  0]LogConfig: Setting CVar [[r.FastBlurThreshold:100]]
[2020.03.14-03.07.40:621][  0]LogConfig: Setting CVar [[r.Upscale.Quality:3]]
[2020.03.14-03.07.40:621][  0]LogConfig: Setting CVar [[r.Tonemapper.GrainQuantization:1]]
[2020.03.14-03.07.40:621][  0]LogConfig: Setting CVar [[r.LightShaftQuality:1]]
[2020.03.14-03.07.40:621][  0]LogConfig: Setting CVar [[r.Filter.SizeScale:1]]
[2020.03.14-03.07.40:621][  0]LogConfig: Setting CVar [[r.Tonemapper.Quality:5]]
[2020.03.14-03.07.40:621][  0]LogConfig: Setting CVar [[r.DOF.Gather.AccumulatorQuality:1        ; higher gathering accumulator quality]]
[2020.03.14-03.07.40:621][  0]LogConfig: Setting CVar [[r.DOF.Gather.PostfilterMethod:1          ; Median3x3 postfilering method]]
[2020.03.14-03.07.40:621][  0]LogConfig: Setting CVar [[r.DOF.Gather.EnableBokehSettings:0       ; no bokeh simulation when gathering]]
[2020.03.14-03.07.40:621][  0]LogConfig: Setting CVar [[r.DOF.Gather.RingCount:4                 ; medium number of samples when gathering]]
[2020.03.14-03.07.40:621][  0]LogConfig: Setting CVar [[r.DOF.Scatter.ForegroundCompositing:1    ; additive foreground scattering]]
[2020.03.14-03.07.40:621][  0]LogConfig: Setting CVar [[r.DOF.Scatter.BackgroundCompositing:2    ; additive background scattering]]
[2020.03.14-03.07.40:621][  0]LogConfig: Setting CVar [[r.DOF.Scatter.EnableBokehSettings:1      ; bokeh simulation when scattering]]
[2020.03.14-03.07.40:621][  0]LogConfig: Setting CVar [[r.DOF.Scatter.MaxSpriteRatio:0.1         ; only a maximum of 10% of scattered bokeh]]
[2020.03.14-03.07.40:621][  0]LogConfig: Setting CVar [[r.DOF.Recombine.Quality:1                ; cheap slight out of focus]]
[2020.03.14-03.07.40:621][  0]LogConfig: Setting CVar [[r.DOF.Recombine.EnableBokehSettings:0    ; no bokeh simulation on slight out of focus]]
[2020.03.14-03.07.40:621][  0]LogConfig: Setting CVar [[r.DOF.TemporalAAQuality:1                ; more stable temporal accumulation]]
[2020.03.14-03.07.40:621][  0]LogConfig: Setting CVar [[r.DOF.Kernel.MaxForegroundRadius:0.025]]
[2020.03.14-03.07.40:621][  0]LogConfig: Setting CVar [[r.DOF.Kernel.MaxBackgroundRadius:0.025]]
[2020.03.14-03.07.40:621][  0]LogConfig: Applying CVar settings from Section [TextureQuality@3] File [C:/Users/adria/Desktop/Projectes Unreal/GitHub/Unreal_Project/Unreal_Project/Saved/Config/Windows/Scalability.ini]
[2020.03.14-03.07.40:621][  0]LogConfig: Setting CVar [[r.Streaming.MipBias:0]]
[2020.03.14-03.07.40:621][  0]LogConfig: Setting CVar [[r.Streaming.AmortizeCPUToGPUCopy:0]]
[2020.03.14-03.07.40:621][  0]LogConfig: Setting CVar [[r.Streaming.MaxNumTexturesToStreamPerFrame:0]]
[2020.03.14-03.07.40:621][  0]LogConfig: Setting CVar [[r.Streaming.Boost:1]]
[2020.03.14-03.07.40:621][  0]LogConfig: Setting CVar [[r.MaxAnisotropy:8]]
[2020.03.14-03.07.40:621][  0]LogConfig: Setting CVar [[r.VT.MaxAnisotropy:8]]
[2020.03.14-03.07.40:621][  0]LogConfig: Setting CVar [[r.Streaming.LimitPoolSizeToVRAM:0]]
[2020.03.14-03.07.40:621][  0]LogConfig: Setting CVar [[r.Streaming.PoolSize:1000]]
[2020.03.14-03.07.40:621][  0]LogConfig: Setting CVar [[r.Streaming.MaxEffectiveScreenSize:0]]
[2020.03.14-03.07.40:621][  0]LogConfig: Applying CVar settings from Section [EffectsQuality@3] File [C:/Users/adria/Desktop/Projectes Unreal/GitHub/Unreal_Project/Unreal_Project/Saved/Config/Windows/Scalability.ini]
[2020.03.14-03.07.40:621][  0]LogConfig: Setting CVar [[r.TranslucencyLightingVolumeDim:64]]
[2020.03.14-03.07.40:621][  0]LogConfig: Setting CVar [[r.RefractionQuality:2]]
[2020.03.14-03.07.40:621][  0]LogConfig: Setting CVar [[r.SSR.Quality:3]]
[2020.03.14-03.07.40:621][  0]LogConfig: Setting CVar [[r.SSR.HalfResSceneColor:0]]
[2020.03.14-03.07.40:621][  0]LogConfig: Setting CVar [[r.SceneColorFormat:4]]
[2020.03.14-03.07.40:621][  0]LogConfig: Setting CVar [[r.DetailMode:2]]
[2020.03.14-03.07.40:621][  0]LogConfig: Setting CVar [[r.TranslucencyVolumeBlur:1]]
[2020.03.14-03.07.40:621][  0]LogConfig: Setting CVar [[r.MaterialQualityLevel:1 ; High quality]]
[2020.03.14-03.07.40:621][  0]LogConfig: Setting CVar [[r.SSS.Scale:1]]
[2020.03.14-03.07.40:621][  0]LogConfig: Setting CVar [[r.SSS.SampleSet:2]]
[2020.03.14-03.07.40:621][  0]LogConfig: Setting CVar [[r.SSS.Quality:1]]
[2020.03.14-03.07.40:621][  0]LogConfig: Setting CVar [[r.SSS.HalfRes:1]]
[2020.03.14-03.07.40:621][  0]LogConfig: Setting CVar [[r.SSGI.Quality:3]]
[2020.03.14-03.07.40:621][  0]LogConfig: Setting CVar [[r.EmitterSpawnRateScale:1.0]]
[2020.03.14-03.07.40:621][  0]LogConfig: Setting CVar [[r.ParticleLightQuality:2]]
[2020.03.14-03.07.40:621][  0]LogConfig: Setting CVar [[r.SkyAtmosphere.AerialPerspectiveLUT.FastApplyOnOpaque:1 ; Always have FastSkyLUT 1 in this case to avoid wrong sky]]
[2020.03.14-03.07.40:621][  0]LogConfig: Setting CVar [[r.SkyAtmosphere.AerialPerspectiveLUT.SampleCountPerSlice:1]]
[2020.03.14-03.07.40:621][  0]LogConfig: Setting CVar [[r.SkyAtmosphere.AerialPerspectiveLUT.DepthResolution:16.0]]
[2020.03.14-03.07.40:622][  0]LogConfig: Setting CVar [[r.SkyAtmosphere.FastSkyLUT:1]]
[2020.03.14-03.07.40:622][  0]LogConfig: Setting CVar [[r.SkyAtmosphere.FastSkyLUT.SampleCountMin:4.0]]
[2020.03.14-03.07.40:622][  0]LogConfig: Setting CVar [[r.SkyAtmosphere.FastSkyLUT.SampleCountMax:32.0]]
[2020.03.14-03.07.40:622][  0]LogConfig: Setting CVar [[r.SkyAtmosphere.SampleCountMin:4.0]]
[2020.03.14-03.07.40:622][  0]LogConfig: Setting CVar [[r.SkyAtmosphere.SampleCountMax:32.0]]
[2020.03.14-03.07.40:622][  0]LogConfig: Setting CVar [[r.SkyAtmosphere.TransmittanceLUT.UseSmallFormat:0]]
[2020.03.14-03.07.40:622][  0]LogConfig: Setting CVar [[r.SkyAtmosphere.TransmittanceLUT.SampleCount:10.0]]
[2020.03.14-03.07.40:622][  0]LogConfig: Setting CVar [[r.SkyAtmosphere.MultiScatteringLUT.SampleCount:15.0]]
[2020.03.14-03.07.40:622][  0]LogConfig: Applying CVar settings from Section [FoliageQuality@3] File [C:/Users/adria/Desktop/Projectes Unreal/GitHub/Unreal_Project/Unreal_Project/Saved/Config/Windows/Scalability.ini]
[2020.03.14-03.07.40:622][  0]LogConfig: Setting CVar [[foliage.DensityScale:1.0]]
[2020.03.14-03.07.40:622][  0]LogConfig: Setting CVar [[grass.DensityScale:1.0]]
[2020.03.14-03.07.40:622][  0]LogConfig: Applying CVar settings from Section [ShadingQuality@3] File [C:/Users/adria/Desktop/Projectes Unreal/GitHub/Unreal_Project/Unreal_Project/Saved/Config/Windows/Scalability.ini]
[2020.03.14-03.07.40:622][  0]LogConfig: Setting CVar [[r.HairStrands.SkyLighting.SampleCount:16]]
[2020.03.14-03.07.40:622][  0]LogConfig: Setting CVar [[r.HairStrands.SkyLighting.JitterIntegration:0]]
[2020.03.14-03.07.40:622][  0]LogConfig: Setting CVar [[r.HairStrands.SkyAO.SampleCount:16]]
[2020.03.14-03.07.40:622][  0]LogConfig: Applying CVar settings from Section [Startup] File [../../../Engine/Config/ConsoleVariables.ini]
[2020.03.14-03.07.40:622][  0]LogConfig: Setting CVar [[net.UseAdaptiveNetUpdateFrequency:0]]
[2020.03.14-03.07.40:622][  0]LogConfig: Setting CVar [[p.chaos.AllowCreatePhysxBodies:1]]
[2020.03.14-03.07.40:622][  0]LogConfig: Applying CVar settings from Section [ConsoleVariables] File [C:/Users/adria/Desktop/Projectes Unreal/GitHub/Unreal_Project/Unreal_Project/Saved/Config/Windows/Engine.ini]
[2020.03.14-03.07.40:622][  0]LogInit: Computer: LAPTOP-NI3JV54U
[2020.03.14-03.07.40:622][  0]LogInit: User: adria
[2020.03.14-03.07.40:622][  0]LogInit: CPU Page size=4096, Cores=6
[2020.03.14-03.07.40:622][  0]LogInit: High frequency timer resolution =10.000000 MHz
[2020.03.14-03.07.40:622][  0]LogMemory: Memory total: Physical=7.8GB (8GB approx)
[2020.03.14-03.07.40:622][  0]LogMemory: Platform Memory Stats for Windows
[2020.03.14-03.07.40:622][  0]LogMemory: Process Physical Memory: 106.52 MB used, 106.52 MB peak
[2020.03.14-03.07.40:622][  0]LogMemory: Process Virtual Memory: 101.36 MB used, 101.36 MB peak
[2020.03.14-03.07.40:622][  0]LogMemory: Physical Memory: 5963.76 MB used,  2070.54 MB free, 8034.30 MB total
[2020.03.14-03.07.40:622][  0]LogMemory: Virtual Memory: 5159.25 MB used,  134212568.00 MB free, 134217728.00 MB total
[2020.03.14-03.07.40:626][  0]LogWindows: WindowsPlatformFeatures enabled
[2020.03.14-03.07.40:643][  0]LogInit: Using OS detected language (ca-ES).
[2020.03.14-03.07.40:643][  0]LogInit: Using OS detected locale (ca-ES).
[2020.03.14-03.07.40:644][  0]LogTextLocalizationManager: No localization for 'ca-ES' exists, so 'en' will be used for the language.
[2020.03.14-03.07.40:835][  0]LogInit: Setting process to per monitor DPI aware
[2020.03.14-03.07.40:870][  0]LogSlate: New Slate User Created.  User Index 0, Is Virtual User: 0
[2020.03.14-03.07.40:870][  0]LogSlate: Slate User Registered.  User Index 0, Is Virtual User: 0
[2020.03.14-03.07.41:043][  0]LogHMD: Failed to initialize OpenVR with code 110
[2020.03.14-03.07.41:043][  0]LogD3D11RHI: D3D11 min allowed feature level: 11_0
[2020.03.14-03.07.41:043][  0]LogD3D11RHI: D3D11 max allowed feature level: 11_0
[2020.03.14-03.07.41:043][  0]LogD3D11RHI: D3D11 adapters:
[2020.03.14-03.07.41:107][  0]LogD3D11RHI:    0. 'NVIDIA GeForce GTX 1060' (Feature Level 11_0)
[2020.03.14-03.07.41:107][  0]LogD3D11RHI:       6052/0/4017 MB DedicatedVideo/DedicatedSystem/SharedSystem, Outputs:1, VendorId:0x10de
[2020.03.14-03.07.41:119][  0]LogD3D11RHI:    1. 'Intel(R) UHD Graphics 630' (Feature Level 11_0)
[2020.03.14-03.07.41:119][  0]LogD3D11RHI:       128/0/4017 MB DedicatedVideo/DedicatedSystem/SharedSystem, Outputs:0, VendorId:0x8086
[2020.03.14-03.07.41:121][  0]LogD3D11RHI:    2. 'Microsoft Basic Render Driver' (Feature Level 11_0)
[2020.03.14-03.07.41:121][  0]LogD3D11RHI:       0/0/4017 MB DedicatedVideo/DedicatedSystem/SharedSystem, Outputs:0, VendorId:0x1414
[2020.03.14-03.07.41:121][  0]LogD3D11RHI: Chosen D3D11 Adapter: 0
[2020.03.14-03.07.41:158][  0]LogD3D11RHI: Creating new Direct3DDevice
[2020.03.14-03.07.41:158][  0]LogD3D11RHI:     GPU DeviceId: 0x1c20 (for the marketing name, search the web for "GPU Device Id")
[2020.03.14-03.07.41:158][  0]LogWindows: EnumDisplayDevices:
[2020.03.14-03.07.41:158][  0]LogWindows:    0. 'Intel(R) UHD Graphics 630' (P:1 D:1)
[2020.03.14-03.07.41:158][  0]LogWindows:    1. 'Intel(R) UHD Graphics 630' (P:0 D:0)
[2020.03.14-03.07.41:158][  0]LogWindows:    2. 'Intel(R) UHD Graphics 630' (P:0 D:0)
[2020.03.14-03.07.41:159][  0]LogWindows:    3. 'NVIDIA GeForce GTX 1060' (P:0 D:0)
[2020.03.14-03.07.41:159][  0]LogWindows: DebugString: PrimaryIsNotTheChoosenAdapter PrimaryIsNotTheChoosenAdapter PrimaryIsNotTheChoosenAdapter 
[2020.03.14-03.07.41:159][  0]LogD3D11RHI:     Adapter Name: NVIDIA GeForce GTX 1060
[2020.03.14-03.07.41:159][  0]LogD3D11RHI:   Driver Version: 419.72 (internal:25.21.14.1972, unified:419.72)
[2020.03.14-03.07.41:159][  0]LogD3D11RHI:      Driver Date: 3-18-2019
[2020.03.14-03.07.41:159][  0]LogRHI: Texture pool is 4236 MB (70% of 6052 MB)
[2020.03.14-03.07.41:198][  0]LogD3D11RHI: RHI has support for 64 bit atomics
[2020.03.14-03.07.41:198][  0]LogD3D11RHI: Async texture creation enabled
[2020.03.14-03.07.41:209][  0]LogD3D11RHI: GPU Timing Frequency: 1000.000000 (Debug: 2 1)
[2020.03.14-03.07.41:471][  0]LogTargetPlatformManager: Display: Loaded TargetPlatform 'AllDesktop'
[2020.03.14-03.07.41:511][  0]LogTargetPlatformManager: Display: Loaded TargetPlatform 'Android'
[2020.03.14-03.07.41:511][  0]LogTargetPlatformManager: Display: Loaded TargetPlatform 'Android_ASTC'
[2020.03.14-03.07.41:511][  0]LogTargetPlatformManager: Display: Loaded TargetPlatform 'Android_ATC'
[2020.03.14-03.07.41:511][  0]LogTargetPlatformManager: Display: Loaded TargetPlatform 'Android_DXT'
[2020.03.14-03.07.41:511][  0]LogTargetPlatformManager: Display: Loaded TargetPlatform 'Android_ETC1'
[2020.03.14-03.07.41:511][  0]LogTargetPlatformManager: Display: Loaded TargetPlatform 'Android_ETC1a'
[2020.03.14-03.07.41:511][  0]LogTargetPlatformManager: Display: Loaded TargetPlatform 'Android_ETC2'
[2020.03.14-03.07.41:511][  0]LogTargetPlatformManager: Display: Loaded TargetPlatform 'Android_PVRTC'
[2020.03.14-03.07.41:511][  0]LogTargetPlatformManager: Display: Loaded TargetPlatform 'AndroidClient'
[2020.03.14-03.07.41:511][  0]LogTargetPlatformManager: Display: Loaded TargetPlatform 'Android_ASTCClient'
[2020.03.14-03.07.41:511][  0]LogTargetPlatformManager: Display: Loaded TargetPlatform 'Android_ATCClient'
[2020.03.14-03.07.41:511][  0]LogTargetPlatformManager: Display: Loaded TargetPlatform 'Android_DXTClient'
[2020.03.14-03.07.41:511][  0]LogTargetPlatformManager: Display: Loaded TargetPlatform 'Android_ETC1Client'
[2020.03.14-03.07.41:511][  0]LogTargetPlatformManager: Display: Loaded TargetPlatform 'Android_ETC1aClient'
[2020.03.14-03.07.41:511][  0]LogTargetPlatformManager: Display: Loaded TargetPlatform 'Android_ETC2Client'
[2020.03.14-03.07.41:511][  0]LogTargetPlatformManager: Display: Loaded TargetPlatform 'Android_PVRTCClient'
[2020.03.14-03.07.41:511][  0]LogTargetPlatformManager: Display: Loaded TargetPlatform 'Android_Multi'
[2020.03.14-03.07.41:511][  0]LogTargetPlatformManager: Display: Loaded TargetPlatform 'Android_MultiClient'
[2020.03.14-03.07.41:528][  0]LogTargetPlatformManager: Display: Loaded TargetPlatform 'IOSClient'
[2020.03.14-03.07.41:528][  0]LogTargetPlatformManager: Display: Loaded TargetPlatform 'IOS'
[2020.03.14-03.07.41:536][  0]LogTargetPlatformManager: Display: Loaded TargetPlatform 'LinuxNoEditor'
[2020.03.14-03.07.41:545][  0]LogTargetPlatformManager: Display: Loaded TargetPlatform 'LinuxClient'
[2020.03.14-03.07.41:554][  0]LogTargetPlatformManager: Display: Loaded TargetPlatform 'LinuxServer'
[2020.03.14-03.07.41:563][  0]LogTargetPlatformManager: Display: Loaded TargetPlatform 'LinuxAArch64NoEditor'
[2020.03.14-03.07.41:571][  0]LogTargetPlatformManager: Display: Loaded TargetPlatform 'LinuxAArch64Client'
[2020.03.14-03.07.41:582][  0]LogTargetPlatformManager: Display: Loaded TargetPlatform 'LinuxAArch64Server'
[2020.03.14-03.07.41:610][  0]LogTargetPlatformManager: Display: Loaded TargetPlatform 'Lumin'
[2020.03.14-03.07.41:610][  0]LogTargetPlatformManager: Display: Loaded TargetPlatform 'LuminClient'
[2020.03.14-03.07.41:626][  0]LogTargetPlatformManager: Display: Loaded TargetPlatform 'TVOSClient'
[2020.03.14-03.07.41:626][  0]LogTargetPlatformManager: Display: Loaded TargetPlatform 'TVOS'
[2020.03.14-03.07.41:633][  0]LogTargetPlatformManager: Display: Loaded TargetPlatform 'WindowsNoEditor'
[2020.03.14-03.07.41:641][  0]LogTargetPlatformManager: Display: Loaded TargetPlatform 'Windows'
[2020.03.14-03.07.41:648][  0]LogTargetPlatformManager: Display: Loaded TargetPlatform 'WindowsClient'
[2020.03.14-03.07.41:655][  0]LogTargetPlatformManager: Display: Loaded TargetPlatform 'WindowsServer'
[2020.03.14-03.07.41:655][  0]LogTargetPlatformManager: Display: Building Assets For Windows
[2020.03.14-03.07.41:659][  0]LogAudioDebug: Display: Lib vorbis DLL was dynamically loaded.
[2020.03.14-03.07.41:681][  0]LogShaderCompilers: Guid format shader working directory is -46 characters bigger than the processId version (../../../../../../Users/adria/Desktop/Projectes Unreal/GitHub/Unreal_Project/Unreal_Project/Intermediate/Shaders/WorkingDirectory/21836/).
[2020.03.14-03.07.41:681][  0]LogShaderCompilers: Cleaned the shader compiler working directory 'C:/Users/adria/AppData/Local/Temp/UnrealShaderWorkingDir/E4C4F1F44CF0E104CACCA2901CC4CFD7/'.
[2020.03.14-03.07.41:682][  0]LogXGEController: Cannot use XGE Controller as Incredibuild is not installed on this machine.
[2020.03.14-03.07.41:682][  0]LogShaderCompilers: Cannot use XGE Shader Compiler as Incredibuild is not installed on this machine.
[2020.03.14-03.07.41:682][  0]LogShaderCompilers: Display: Using Local Shader Compiler.
[2020.03.14-03.07.42:337][  0]LogDerivedDataCache: Display: Max Cache Size: 512 MB
[2020.03.14-03.07.42:398][  0]LogDerivedDataCache: Loaded boot cache 0.06s 78MB C:/Users/adria/AppData/Local/UnrealEngine/4.24/DerivedDataCache/Boot.ddc.
[2020.03.14-03.07.42:399][  0]LogDerivedDataCache: Display: Loaded Boot cache: C:/Users/adria/AppData/Local/UnrealEngine/4.24/DerivedDataCache/Boot.ddc
[2020.03.14-03.07.42:399][  0]LogDerivedDataCache: FDerivedDataBackendGraph:  Pak pak cache file ../../../../../../Users/adria/Desktop/Projectes Unreal/GitHub/Unreal_Project/Unreal_Project/DerivedDataCache/DDC.ddp not found, will not use a pak cache.
[2020.03.14-03.07.42:399][  0]LogDerivedDataCache: Unable to find inner node Pak for hierarchical cache Hierarchy.
[2020.03.14-03.07.42:399][  0]LogDerivedDataCache: FDerivedDataBackendGraph:  CompressedPak pak cache file ../../../../../../Users/adria/Desktop/Projectes Unreal/GitHub/Unreal_Project/Unreal_Project/DerivedDataCache/Compressed.ddp not found, will not use a pak cache.
[2020.03.14-03.07.42:399][  0]LogDerivedDataCache: Unable to find inner node CompressedPak for hierarchical cache Hierarchy.
[2020.03.14-03.07.42:408][  0]LogDerivedDataCache: Display: Pak cache opened for reading ../../../Engine/DerivedDataCache/Compressed.ddp.
[2020.03.14-03.07.42:408][  0]LogDerivedDataCache: FDerivedDataBackendGraph:  EnterprisePak pak cache file ../../../Enterprise/DerivedDataCache/Compressed.ddp not found, will not use a pak cache.
[2020.03.14-03.07.42:408][  0]LogDerivedDataCache: Unable to find inner node EnterprisePak for hierarchical cache Hierarchy.
[2020.03.14-03.07.42:409][  0]LogDerivedDataCache: Using Local data cache path C:/Users/adria/AppData/Local/UnrealEngine/Common/DerivedDataCache: Writable
[2020.03.14-03.07.42:409][  0]LogDerivedDataCache: Shared data cache path not found in *engine.ini, will not use an Shared cache.
[2020.03.14-03.07.42:409][  0]LogDerivedDataCache: Unable to find inner node Shared for hierarchical cache Hierarchy.
[2020.03.14-03.07.42:436][  0]LogMaterial: Verifying Global Shaders for PCD3D_SM5
[2020.03.14-03.07.42:438][  0]LogSlate: Using FreeType 2.10.0
[2020.03.14-03.07.42:438][  0]LogSlate: SlateFontServices - WITH_FREETYPE: 1, WITH_HARFBUZZ: 1
[2020.03.14-03.07.42:484][  0]LogAssetRegistry: FAssetRegistry took 0.0022 seconds to start up
[2020.03.14-03.07.42:749][  0]LogInit: Selected Device Profile: [Windows]
[2020.03.14-03.07.42:898][  0]LogMeshReduction: Using QuadricMeshReduction for automatic static mesh reduction
[2020.03.14-03.07.42:898][  0]LogMeshReduction: Using SimplygonMeshReduction for automatic skeletal mesh reduction
[2020.03.14-03.07.42:898][  0]LogMeshReduction: Using ProxyLODMeshReduction for automatic mesh merging
[2020.03.14-03.07.42:898][  0]LogMeshReduction: No distributed automatic mesh merging module available
[2020.03.14-03.07.42:898][  0]LogMeshMerging: No distributed automatic mesh merging module available
[2020.03.14-03.07.42:912][  0]LogNetVersion: Unreal_Project 1.0.0, NetCL: 10570792, EngineNetVer: 13, GameNetVer: 0 (Checksum: 1551711951)
[2020.03.14-03.07.43:983][  0]LogPackageLocalizationCache: Processed 10 localized package path(s) for 1 prioritized culture(s) in 0.047533 seconds
[2020.03.14-03.07.43:990][  0]LogUObjectArray: 46750 objects as part of root set at end of initial load.
[2020.03.14-03.07.43:990][  0]LogUObjectAllocator: 8137160 out of 0 bytes used by permanent object pool.
[2020.03.14-03.07.43:990][  0]LogUObjectArray: CloseDisregardForGC: 0/0 objects in disregard for GC pool
[2020.03.14-03.07.44:340][  0]LogTcpMessaging: Initializing TcpMessaging bridge
[2020.03.14-03.07.44:343][  0]LogUdpMessaging: Initializing bridge on interface 0.0.0.0:0 to multicast group 230.0.0.1:6666.
[2020.03.14-03.07.44:388][  0]SourceControl: Source control is disabled
[2020.03.14-03.07.44:388][  0]SourceControl: Source control is disabled
[2020.03.14-03.07.44:390][  0]SourceControl: Source control is disabled
[2020.03.14-03.07.44:391][  0]SourceControl: Source control is disabled
[2020.03.14-03.07.44:392][  0]SourceControl: Source control is disabled
[2020.03.14-03.07.44:497][  0]LogAndroidPermission: UAndroidPermissionCallbackProxy::GetInstance
[2020.03.14-03.07.44:514][  0]LogAudioCaptureCore: Display: No Audio Capture implementations found. Audio input will be silent.
[2020.03.14-03.07.44:514][  0]LogAudioCaptureCore: Display: No Audio Capture implementations found. Audio input will be silent.
[2020.03.14-03.07.44:604][  0]LogOcInput: OculusInput pre-init called
[2020.03.14-03.07.44:612][  0]LogWindows: Failed to load 'OVRPlugin.dll' (GetLastError=126)
[2020.03.14-03.07.44:612][  0]LogWindows: File 'OVRPlugin.dll' does not exist
[2020.03.14-03.07.44:673][  0]LogEngine: Initializing Engine...
[2020.03.14-03.07.44:674][  0]LogHMD: Failed to initialize OpenVR with code 110
[2020.03.14-03.07.44:675][  0]LogStats: UGameplayTagsManager::InitializeManager -  0.000 s
[2020.03.14-03.07.45:000][  0]LogInit: Initializing FReadOnlyCVARCache
[2020.03.14-03.07.45:006][  0]LogAIModule: Creating AISystem for world Untitled
[2020.03.14-03.07.45:084][  0]LogAudioMixer: Display: Audio Mixer Platform Settings:
[2020.03.14-03.07.45:084][  0]LogAudioMixer: Display: 	Sample Rate:						  48000
[2020.03.14-03.07.45:084][  0]LogAudioMixer: Display: 	Callback Buffer Frame Size Requested: 1024
[2020.03.14-03.07.45:084][  0]LogAudioMixer: Display: 	Callback Buffer Frame Size To Use:	  1024
[2020.03.14-03.07.45:084][  0]LogAudioMixer: Display: 	Number of buffers to queue:			  2
[2020.03.14-03.07.45:085][  0]LogAudioMixer: Display: 	Max Channels (voices):				  32
[2020.03.14-03.07.45:085][  0]LogAudioMixer: Display: 	Number of Async Source Workers:		  0
[2020.03.14-03.07.45:085][  0]LogAudio: Display: AudioDevice MaxSources: 32
[2020.03.14-03.07.45:085][  0]LogAudio: Display: Using built-in audio occlusion.
[2020.03.14-03.07.45:085][  0]LogAudioMixer: Display: Initializing audio mixer.
[2020.03.14-03.07.45:092][  0]LogAudioMixer: Display: Audio Device Output Speaker Info:
[2020.03.14-03.07.45:092][  0]LogAudioMixer: Display: Name: Altavoces (Realtek High Definition Audio)
[2020.03.14-03.07.45:092][  0]LogAudioMixer: Display: Is Default: Yes
[2020.03.14-03.07.45:092][  0]LogAudioMixer: Display: Sample Rate: 48000
[2020.03.14-03.07.45:092][  0]LogAudioMixer: Display: Channel Count Used: 2
[2020.03.14-03.07.45:092][  0]LogAudioMixer: Display: Device Channel Count: 2
[2020.03.14-03.07.45:092][  0]LogAudioMixer: Display: Channel Order:
[2020.03.14-03.07.45:092][  0]LogAudioMixer: Display: 0: FrontLeft
[2020.03.14-03.07.45:092][  0]LogAudioMixer: Display: 1: FrontRight
[2020.03.14-03.07.45:112][  0]LogAudioMixer: Display: Using Audio Device Altavoces (Realtek High Definition Audio)
[2020.03.14-03.07.45:120][  0]LogInit: FAudioDevice initialized.
[2020.03.14-03.07.45:120][  0]LogNetVersion: Set ProjectVersion to 1.0.0.0. Version Checksum will be recalculated on next use.
[2020.03.14-03.07.45:278][  0]LogDerivedDataCache: Saved boot cache 0.16s 78MB C:/Users/adria/AppData/Local/UnrealEngine/4.24/DerivedDataCache/Boot.ddc.
[2020.03.14-03.07.45:283][  0]LogInit: Texture streaming: Enabled
[2020.03.14-03.07.45:292][  0]LogEngineSessionManager: EngineSessionManager initialized
[2020.03.14-03.07.45:292][  0]LogEditorSessionSummary: Verbose: Initializing EditorSessionSummaryWriter for editor session tracking
[2020.03.14-03.07.45:499][  0]LogEditorSessionSummary: EditorSessionSummaryWriter initialized
[2020.03.14-03.07.45:571][  0]LogInit: Transaction tracking system initialized
[2020.03.14-03.07.45:580][  0]BlueprintLog: New page: Editor Load
[2020.03.14-03.07.45:604][  0]LocalizationService: Localization service is disabled
[2020.03.14-03.07.45:973][  0]LogFileCache: Scanning file cache for directory 'C:/Users/adria/Desktop/Projectes Unreal/GitHub/Unreal_Project/Unreal_Project/Content/' took 0.01s
[2020.03.14-03.07.45:973][  0]LogCook: Display: Max memory allowance for cook 16384mb min free memory 0mb
[2020.03.14-03.07.45:973][  0]LogCook: Display: Mobile HDR setting 1
[2020.03.14-03.07.46:607][  0]SourceControl: Source control is disabled
[2020.03.14-03.07.46:607][  0]Cmd: MAP LOAD FILE="../../../../../../Users/adria/Desktop/Projectes Unreal/GitHub/Unreal_Project/Unreal_Project/Content/ThirdPersonBP/Maps/MainMenu.umap" TEMPLATE=0 SHOWPROGRESS=1 FEATURELEVEL=3
[2020.03.14-03.07.46:608][  0]LogEditorServer: Warning: Can't find file '../../../../../../Users/adria/Desktop/Projectes Unreal/GitHub/Unreal_Project/Unreal_Project/Content/ThirdPersonBP/Maps/MainMenu.umap'
[2020.03.14-03.07.46:608][  0]Cmd: MAP CHECKDEP NOCLEARLOG
[2020.03.14-03.07.46:608][  0]MapCheck: Map check complete: 0 Error(s), 0 Warning(s), took 0,128ms to complete.
[2020.03.14-03.07.46:608][  0]LogFileHelpers: Loading map 'MainMenu' took 0.001
[2020.03.14-03.07.46:886][  0]LogSlate: Updating window title bar state: overlay mode, drag disabled, window buttons hidden, title bar hidden
[2020.03.14-03.07.46:893][  0]LogSlate: Updating window title bar state: overlay mode, drag disabled, window buttons hidden, title bar hidden
[2020.03.14-03.07.46:899][  0]LogSlate: Updating window title bar state: overlay mode, drag disabled, window buttons hidden, title bar hidden
[2020.03.14-03.07.46:907][  0]LogSlate: Updating window title bar state: overlay mode, drag disabled, window buttons hidden, title bar hidden
[2020.03.14-03.07.46:916][  0]LogCollectionManager: Loaded 0 collections in 0.001586 seconds
[2020.03.14-03.07.46:956][  0]LogFileCache: Scanning file cache for directory 'C:/Users/adria/Desktop/Projectes Unreal/GitHub/Unreal_Project/Unreal_Project/Saved/Collections/' took 0.00s
[2020.03.14-03.07.46:956][  0]LogFileCache: Scanning file cache for directory 'C:/Users/adria/Desktop/Projectes Unreal/GitHub/Unreal_Project/Unreal_Project/Content/Developers/adria/Collections/' took 0.00s
[2020.03.14-03.07.46:956][  0]LogFileCache: Scanning file cache for directory 'C:/Users/adria/Desktop/Projectes Unreal/GitHub/Unreal_Project/Unreal_Project/Content/Collections/' took 0.00s
[2020.03.14-03.07.46:956][  0]LogContentBrowser: Native class hierarchy populated in 0.0078 seconds. Added 3017 classes and 720 folders.
[2020.03.14-03.07.46:961][  0]LogContentBrowser: Native class hierarchy updated for 'WidgetCarousel' in 0.0002 seconds. Added 0 classes and 0 folders.
[2020.03.14-03.07.48:310][  0]LogContentBrowser: Native class hierarchy updated for 'AddContentDialog' in 0.0002 seconds. Added 0 classes and 0 folders.
[2020.03.14-03.07.48:822][  0]LogSlate: Took 0.000180 seconds to synchronously load lazily loaded font '../../../Engine/Content/Slate/Fonts/Roboto-Regular.ttf' (155K)
[2020.03.14-03.07.48:826][  0]LogSlate: Took 0.000184 seconds to synchronously load lazily loaded font '../../../Engine/Content/Slate/Fonts/Roboto-Bold.ttf' (160K)
[2020.03.14-03.07.48:833][  0]LogSlate: Took 0.005016 seconds to synchronously load lazily loaded font '../../../Engine/Content/Editor/Slate/Fonts/FontAwesome.ttf' (139K)
[2020.03.14-03.07.49:076][  0]LogRenderer: Reallocating scene render targets to support 928x380 Format 10 NumSamples 1 (Frame:1).
[2020.03.14-03.07.49:237][  0]LogContentBrowser: Native class hierarchy updated for 'HierarchicalLODOutliner' in 0.0003 seconds. Added 0 classes and 0 folders.
[2020.03.14-03.07.49:237][  0]LogLoad: (Engine Initialization) Total time: 9.94 seconds
[2020.03.14-03.07.49:237][  0]LogLoad: (Engine Initialization) Total Blueprint compile time: 0.00 seconds
[2020.03.14-03.07.49:319][  0]LogContentStreaming: Texture pool size now 1000 MB
[2020.03.14-03.07.50:334][ 13]LogAssetRegistry: Asset discovery search completed in 7.8512 seconds
[2020.03.14-03.07.50:338][ 13]LogCollectionManager: Fixed up redirectors for 0 collections in 0.000030 seconds (updated 0 objects)
[2020.03.14-03.07.53:687][ 23]LogSlate: Took 0.008644 seconds to synchronously load lazily loaded font '../../../Engine/Content/Slate/Fonts/Roboto-Light.ttf' (167K)
[2020.03.14-03.21.11:528][686]LogSlate: Took 0.000172 seconds to synchronously load lazily loaded font '../../../Engine/Content/Slate/Fonts/Roboto-Light.ttf' (167K)
[2020.03.14-03.21.11:545][686]LogFactory: FactoryCreateFile: FileMediaSource with WmfFileMediaSourceFactory (0 0 C:\Users\adria\Desktop\Projectes Unity\Disseny De Jocs 2\Assets\Music and Sounds\InGame Sounds\Player shot\GameOver.mp3)
[2020.03.14-03.21.28:014][542]LogUObjectHash: Compacting FUObjectHashTables data took   1.65ms
[2020.03.14-03.21.31:819][542]LogSlate: Window 'Delete Assets' being destroyed
[2020.03.14-03.21.31:928][542]LogUObjectHash: Compacting FUObjectHashTables data took   1.33ms
[2020.03.14-03.22.05:154][779]LogFactory: FactoryCreateFile: SoundWave with ReimportSoundFactory (0 0 C:\Users\adria\Desktop\Projectes Unity\Disseny De Jocs 2\Assets\Music and Sounds\InGame Sounds\Player shot\GameOver.wav)
[2020.03.14-03.22.05:161][779]LogAudioDerivedData: Display: Building compressed audio format OGG hash OGG10025600-1-1-1-1-1 wave GameOver...
[2020.03.14-03.22.05:161][779]LogAudioDerivedData: Display: Compression Quality for SoundWave /Game/Sounds/GameOver.GameOver will be modified from 40 to 40.
[2020.03.14-03.22.05:207][779]LogAudioDerivedData: Display: Updated SoundWave->RawPCMDataSize from 0 to 778752 while cooking SoundWave /Game/Sounds/GameOver.GameOver.
[2020.03.14-03.23.20:055][157]LogBlueprint: Warning: [Compiler FirstPersonCharacter] InputAction Event references unknown Action 'Fire' for  InputAction Fire
[2020.03.14-03.23.22:093][157]LogLinker: Warning: While loading '../../../../../../Users/adria/Desktop/Projectes Unreal/GitHub/Unreal_Project/Unreal_Project/Content/AbandonedFactory/Environment/Props/Lamp_01/sm_en_Lamp_01_01.uasset' failed to load '/Game/AbandonedFactory/Environment/Pipe_01/Materials/mi_en_Pipe_01_01': Can't find file.
[2020.03.14-03.23.22:093][157]LogLinker: Warning: While loading '../../../../../../Users/adria/Desktop/Projectes Unreal/GitHub/Unreal_Project/Unreal_Project/Content/AbandonedFactory/Environment/Props/Lamp_01/sm_en_Lamp_01_01.uasset' failed to load '/Game/AbandonedFactory/Environment/Pipe_01/Materials/mi_en_Pipe_01_01': Can't find file.
[2020.03.14-03.23.22:094][157]LogLinker: Warning: While loading '../../../../../../Users/adria/Desktop/Projectes Unreal/GitHub/Unreal_Project/Unreal_Project/Content/AbandonedFactory/Environment/Props/Lamp_01/sm_en_Lamp_01_01.uasset' failed to load '/Game/AbandonedFactory/Environment/Pipe_01/Materials/mi_en_Pipe_01_01': Can't find file.
[2020.03.14-03.23.22:094][157]LogLinker: Warning: While loading '../../../../../../Users/adria/Desktop/Projectes Unreal/GitHub/Unreal_Project/Unreal_Project/Content/AbandonedFactory/Environment/Props/Lamp_01/sm_en_Lamp_01_01.uasset' failed to load '/Game/AbandonedFactory/Environment/Pipe_01/Materials/mi_en_Pipe_01_01': Can't find file.
[2020.03.14-03.23.24:278][157]LogLinker: Warning: While loading '../../../../../../Users/adria/Desktop/Projectes Unreal/GitHub/Unreal_Project/Unreal_Project/Content/AbandonedFactory/Environment/Props/Lamp_01/sm_en_Lamp_01_01.uasset' failed to load '/Game/AbandonedFactory/Environment/Pipe_01/Materials/mi_en_Pipe_01_01': Can't find file.
[2020.03.14-03.23.24:278][157]LoadErrors: Failed to load /Game/AbandonedFactory/Environment/Pipe_01/Materials/mi_en_Pipe_01_01.mi_en_Pipe_01_01 Referenced by sm_en_Lamp_01_01
[2020.03.14-03.23.24:278][157]LogLinker: Warning: While loading '../../../../../../Users/adria/Desktop/Projectes Unreal/GitHub/Unreal_Project/Unreal_Project/Content/AbandonedFactory/Environment/Props/Lamp_01/sm_en_Lamp_01_01.uasset' failed to load '/Game/AbandonedFactory/Environment/Pipe_01/Materials/mi_en_Pipe_01_01': Can't find file.
[2020.03.14-03.23.24:279][157]LogLinker: Warning: While loading '../../../../../../Users/adria/Desktop/Projectes Unreal/GitHub/Unreal_Project/Unreal_Project/Content/AbandonedFactory/Environment/Props/Lamp_01/sm_en_Lamp_01_01.uasset' failed to load '/Game/AbandonedFactory/Environment/Pipe_01/Materials/mi_en_Pipe_01_01': Can't find file.
[2020.03.14-03.23.24:279][157]LogLinker: Warning: While loading '../../../../../../Users/adria/Desktop/Projectes Unreal/GitHub/Unreal_Project/Unreal_Project/Content/AbandonedFactory/Environment/Props/Lamp_01/sm_en_Lamp_01_01.uasset' failed to load '/Game/AbandonedFactory/Environment/Pipe_01/Materials/mi_en_Pipe_01_01': Can't find file.
[2020.03.14-03.23.32:378][157]LogAIModule: Creating AISystem for world ThirdPersonExampleMap
[2020.03.14-03.23.32:406][157]LogAssetEditorSubsystem: Opening Asset editor for World /Game/Maps/ThirdPersonExampleMap.ThirdPersonExampleMap
[2020.03.14-03.23.32:441][157]LogUObjectHash: Compacting FUObjectHashTables data took   2.47ms
[2020.03.14-03.23.34:912][157]LogSlate: Window 'Save Content' being destroyed
[2020.03.14-03.23.34:942][157]Cmd: OBJ SAVEPACKAGE PACKAGE="/Game/Sounds/GameOver" FILE="../../../../../../Users/adria/Desktop/Projectes Unreal/GitHub/Unreal_Project/Unreal_Project/Content/Sounds/GameOver.uasset" SILENT=true
[2020.03.14-03.23.34:955][157]LogSavePackage: Moving '../../../../../../Users/adria/Desktop/Projectes Unreal/GitHub/Unreal_Project/Unreal_Project/Saved/GameOverEAFD022546ACD83145A092826A8A388B.tmp' to '../../../../../../Users/adria/Desktop/Projectes Unreal/GitHub/Unreal_Project/Unreal_Project/Content/Sounds/GameOver.uasset'
[2020.03.14-03.23.34:959][157]Cmd: OBJ SAVEPACKAGE PACKAGE="/Game/Sounds/GameOver_Cue" FILE="../../../../../../Users/adria/Desktop/Projectes Unreal/GitHub/Unreal_Project/Unreal_Project/Content/Sounds/GameOver_Cue.uasset" SILENT=true
[2020.03.14-03.23.34:970][157]LogSavePackage: Moving '../../../../../../Users/adria/Desktop/Projectes Unreal/GitHub/Unreal_Project/Unreal_Project/Saved/GameOver_Cue024F6A33457F3AE579C31F9B1E04C7D0.tmp' to '../../../../../../Users/adria/Desktop/Projectes Unreal/GitHub/Unreal_Project/Unreal_Project/Content/Sounds/GameOver_Cue.uasset'
[2020.03.14-03.23.34:973][157]Cmd: MAP LOAD FILE="../../../../../../Users/adria/Desktop/Projectes Unreal/GitHub/Unreal_Project/Unreal_Project/Content/Maps/ThirdPersonExampleMap.umap" TEMPLATE=0 SHOWPROGRESS=1 FEATURELEVEL=3
[2020.03.14-03.23.34:974][157]LightingResults: New page: Lighting Build
[2020.03.14-03.23.34:974][157]LogContentBrowser: Native class hierarchy updated for 'StatsViewer' in 0.0002 seconds. Added 5 classes and 0 folders.
[2020.03.14-03.23.34:975][157]LoadErrors: New page: Loading map: ThirdPersonExampleMap.umap
[2020.03.14-03.23.34:975][157]LogWorld: UWorld::CleanupWorld for Untitled, bSessionEnded=true, bCleanupResources=true
[2020.03.14-03.23.34:975][157]LogSlate: InvalidateAllWidgets triggered.  All widgets were invalidated
[2020.03.14-03.23.34:975][157]MapCheck: New page: Map Check
[2020.03.14-03.23.34:975][157]LightingResults: New page: Lighting Build
[2020.03.14-03.23.35:004][157]LogUObjectHash: Compacting FUObjectHashTables data took   1.61ms
[2020.03.14-03.23.36:602][157]LogEditorServer: Finished looking for orphan Actors (0.000 secs)
[2020.03.14-03.23.36:670][157]LogUObjectHash: Compacting FUObjectHashTables data took   3.96ms
[2020.03.14-03.23.36:711][157]Cmd: MAP CHECKDEP NOCLEARLOG
[2020.03.14-03.23.36:712][157]MapCheck: Map check complete: 0 Error(s), 0 Warning(s), took 0,216ms to complete.
[2020.03.14-03.23.36:712][157]LogFileHelpers: Loading map 'ThirdPersonExampleMap' took 1.739
[2020.03.14-03.23.37:167][157]AssetCheck: New page: Asset Save: multiple assets
[2020.03.14-03.23.37:167][157]LogContentValidation: Display: Validating SoundWave /Game/Sounds/GameOver.GameOver
[2020.03.14-03.23.37:167][157]LogContentValidation: Display: Validating SoundCue /Game/Sounds/GameOver_Cue.GameOver_Cue
[2020.03.14-03.24.14:780][237]LogEditorViewport: Clicking on Actor (LMB): Cube_Blueprint_C (Cube_Blueprint)
[2020.03.14-03.24.33:314][146]LogAssetEditorSubsystem: Opening Asset editor for Blueprint /Game/ThirdPersonBP/Blueprints/BluePrints/Cube_Blueprint.Cube_Blueprint
[2020.03.14-03.24.33:987][146]LogContentBrowser: Native class hierarchy updated for 'BlueprintGraph' in 0.0004 seconds. Added 121 classes and 0 folders.
[2020.03.14-03.24.40:231][146]LogSlate: Took 0.000195 seconds to synchronously load lazily loaded font '../../../Engine/Content/Slate/Fonts/Roboto-BoldCondensed.ttf' (158K)
[2020.03.14-03.24.42:368][147]LogSlate: Took 0.570661 seconds to synchronously load lazily loaded font '../../../Engine/Content/Slate/Fonts/Roboto-Italic.ttf' (157K)
[2020.03.14-03.24.45:356][200]LogSlate: Window 'Cube_Blueprint' being destroyed
[2020.03.14-03.25.59:800][444]LogSavePackage: Moving '../../../../../../Users/adria/Desktop/Projectes Unreal/GitHub/Unreal_Project/Unreal_Project/Saved/Cube_Blueprint6E5AA0F848ED3589E39EAE84B20D7A5B.tmp' to '../../../../../../Users/adria/Desktop/Projectes Unreal/GitHub/Unreal_Project/Unreal_Project/Content/ThirdPersonBP/Blueprints/BluePrints/Cube_Blueprint.uasset'
[2020.03.14-03.25.59:821][444]AssetCheck: New page: Asset Save: Cube_Blueprint
[2020.03.14-03.25.59:821][444]LogContentValidation: Display: Validating Blueprint /Game/ThirdPersonBP/Blueprints/BluePrints/Cube_Blueprint.Cube_Blueprint
[2020.03.14-03.26.00:465][485]BlueprintLog: New page: Compile Cube_Blueprint
[2020.03.14-03.26.00:797][485]LogUObjectHash: Compacting FUObjectHashTables data took   3.28ms
[2020.03.14-03.26.07:764][890]LogTemp: Repeating last play command: Selected Viewport
[2020.03.14-03.26.07:792][890]LogBlueprintUserMessages: Early PlayInEditor Detection: Level '/Game/Maps/ThirdPersonExampleMap.ThirdPersonExampleMap:PersistentLevel' has LevelScriptBlueprint '/Game/Maps/ThirdPersonExampleMap.ThirdPersonExampleMap:PersistentLevel.ThirdPersonExampleMap' with GeneratedClass '/Game/Maps/ThirdPersonExampleMap.ThirdPersonExampleMap_C' with ClassGeneratedBy '/Game/Maps/ThirdPersonExampleMap.ThirdPersonExampleMap:PersistentLevel.ThirdPersonExampleMap'
[2020.03.14-03.26.07:792][890]LogPlayLevel: PlayLevel: No blueprints needed recompiling
[2020.03.14-03.26.07:793][890]PIE: New page: PIE session: ThirdPersonExampleMap (14 de març 2020, 5:26:07)
[2020.03.14-03.26.07:794][890]LogOnline: OSS: Creating online subsystem instance for: NULL
[2020.03.14-03.26.07:795][890]LogOnline: OSS: TryLoadSubsystemAndSetDefault: Loaded subsystem for module [NULL]
[2020.03.14-03.26.07:796][890]LogPlayLevel: Creating play world package: /Game/Maps/UEDPIE_0_ThirdPersonExampleMap
[2020.03.14-03.26.07:998][890]LogPlayLevel: PIE: StaticDuplicateObject took: (0.200202s)
[2020.03.14-03.26.07:999][890]LogAIModule: Creating AISystem for world ThirdPersonExampleMap
[2020.03.14-03.26.07:999][890]LogPlayLevel: PIE: World Init took: (0.001356s)
[2020.03.14-03.26.08:015][890]LogPlayLevel: PIE: Created PIE world by copying editor world from /Game/Maps/ThirdPersonExampleMap.ThirdPersonExampleMap to /Game/Maps/UEDPIE_0_ThirdPersonExampleMap.ThirdPersonExampleMap (0.218465s)
[2020.03.14-03.26.08:074][890]LogUObjectHash: Compacting FUObjectHashTables data took   3.84ms
[2020.03.14-03.26.08:077][890]LogAudioMixer: Display: Audio Mixer Platform Settings:
[2020.03.14-03.26.08:077][890]LogAudioMixer: Display: 	Sample Rate:						  48000
[2020.03.14-03.26.08:077][890]LogAudioMixer: Display: 	Callback Buffer Frame Size Requested: 1024
[2020.03.14-03.26.08:077][890]LogAudioMixer: Display: 	Callback Buffer Frame Size To Use:	  1024
[2020.03.14-03.26.08:077][890]LogAudioMixer: Display: 	Number of buffers to queue:			  2
[2020.03.14-03.26.08:077][890]LogAudioMixer: Display: 	Max Channels (voices):				  32
[2020.03.14-03.26.08:077][890]LogAudioMixer: Display: 	Number of Async Source Workers:		  0
[2020.03.14-03.26.08:077][890]LogAudio: Display: AudioDevice MaxSources: 32
[2020.03.14-03.26.08:077][890]LogAudio: Display: Using built-in audio occlusion.
[2020.03.14-03.26.08:077][890]LogAudioMixer: Display: Initializing audio mixer.
[2020.03.14-03.26.08:082][890]LogAudioMixer: Display: Audio Device Output Speaker Info:
[2020.03.14-03.26.08:082][890]LogAudioMixer: Display: Name: Altavoces (Realtek High Definition Audio)
[2020.03.14-03.26.08:082][890]LogAudioMixer: Display: Is Default: Yes
[2020.03.14-03.26.08:082][890]LogAudioMixer: Display: Sample Rate: 48000
[2020.03.14-03.26.08:082][890]LogAudioMixer: Display: Channel Count Used: 2
[2020.03.14-03.26.08:082][890]LogAudioMixer: Display: Device Channel Count: 2
[2020.03.14-03.26.08:082][890]LogAudioMixer: Display: Channel Order:
[2020.03.14-03.26.08:082][890]LogAudioMixer: Display: 0: FrontLeft
[2020.03.14-03.26.08:082][890]LogAudioMixer: Display: 1: FrontRight
[2020.03.14-03.26.08:100][890]LogAudioMixer: Display: Using Audio Device Altavoces (Realtek High Definition Audio)
[2020.03.14-03.26.08:101][890]LogInit: FAudioDevice initialized.
[2020.03.14-03.26.08:111][890]LogLoad: Game class is 'ThirdPersonGameMode_C'
[2020.03.14-03.26.08:124][890]LogWorld: Bringing World /Game/Maps/UEDPIE_0_ThirdPersonExampleMap.ThirdPersonExampleMap up for play (max tick rate 0) at 2020.03.14-04.26.08
[2020.03.14-03.26.08:132][890]LogWorld: Bringing up level for play took: 0.016952
[2020.03.14-03.26.08:132][890]LogOnline: OSS: Creating online subsystem instance for: :Context_5
[2020.03.14-03.26.08:203][890]LogContentBrowser: Native class hierarchy updated for 'MovieSceneCapture' in 0.0003 seconds. Added 20 classes and 0 folders.
[2020.03.14-03.26.08:228][890]PIE: Play in editor start time for /Game/Maps/UEDPIE_0_ThirdPersonExampleMap 1,167
[2020.03.14-03.26.08:228][890]LogBlueprintUserMessages: Late PlayInEditor Detection: Level '/Game/Maps/ThirdPersonExampleMap.ThirdPersonExampleMap:PersistentLevel' has LevelScriptBlueprint '/Game/Maps/ThirdPersonExampleMap.ThirdPersonExampleMap:PersistentLevel.ThirdPersonExampleMap' with GeneratedClass '/Game/Maps/ThirdPersonExampleMap.ThirdPersonExampleMap_C' with ClassGeneratedBy '/Game/Maps/ThirdPersonExampleMap.ThirdPersonExampleMap:PersistentLevel.ThirdPersonExampleMap'
[2020.03.14-03.27.09:629][  8]LogPlayerController: Error: InputMode:UIOnly - Attempting to focus Non-Focusable widget SObjectWidget [Widget.cpp(776)]!
[2020.03.14-03.27.20:143][224]Cmd: RestartLevel
[2020.03.14-03.27.20:193][224]LogNet: Browse: /Game/Maps/ThirdPersonExampleMap?restart
[2020.03.14-03.27.20:193][224]LogLoad: LoadMap: /Game/Maps/ThirdPersonExampleMap
[2020.03.14-03.27.20:194][224]LogWorld: BeginTearingDown for /Game/Maps/UEDPIE_0_ThirdPersonExampleMap
[2020.03.14-03.27.20:293][224]LogWorld: UWorld::CleanupWorld for ThirdPersonExampleMap, bSessionEnded=true, bCleanupResources=true
[2020.03.14-03.27.20:296][224]LogSlate: InvalidateAllWidgets triggered.  All widgets were invalidated
[2020.03.14-03.27.20:296][224]LogAudioMixer: Display: No commands were queued while flushing the source manager.
[2020.03.14-03.27.20:429][224]LogUObjectHash: Compacting FUObjectHashTables data took   5.07ms
[2020.03.14-03.27.20:432][224]LogPlayLevel: Creating play world package: /Game/Maps/UEDPIE_0_ThirdPersonExampleMap
[2020.03.14-03.27.20:558][224]LogPlayLevel: PIE: StaticDuplicateObject took: (0.126994s)
[2020.03.14-03.27.20:559][224]LogAIModule: Creating AISystem for world ThirdPersonExampleMap
[2020.03.14-03.27.20:559][224]LogPlayLevel: PIE: World Init took: (0.000991s)
[2020.03.14-03.27.20:559][224]LogPlayLevel: PIE: Created PIE world by copying editor world from /Game/Maps/ThirdPersonExampleMap.ThirdPersonExampleMap to /Game/Maps/UEDPIE_0_ThirdPersonExampleMap.ThirdPersonExampleMap (0.128175s)
[2020.03.14-03.27.20:559][224]LogLoad: Game class is 'ThirdPersonGameMode_C'
[2020.03.14-03.27.20:570][224]LogWorld: Bringing World /Game/Maps/UEDPIE_0_ThirdPersonExampleMap.ThirdPersonExampleMap up for play (max tick rate 0) at 2020.03.14-04.27.20
[2020.03.14-03.27.20:572][224]LogWorld: Bringing up level for play took: 0.011521
[2020.03.14-03.27.20:579][224]LogLoad: Took 0.384956 seconds to LoadMap(/Game/Maps/UEDPIE_0_ThirdPersonExampleMap)
[2020.03.14-03.27.34:590][957]LogAudioMixer: Display: No commands were queued while flushing the source manager.
[2020.03.14-03.27.34:590][957]LogAudioMixer: Display: No commands were queued while flushing the source manager.
[2020.03.14-03.27.34:594][957]LogBlueprintUserMessages: Early EndPlayMap Detection: Level '/Game/Maps/ThirdPersonExampleMap.ThirdPersonExampleMap:PersistentLevel' has LevelScriptBlueprint '/Game/Maps/ThirdPersonExampleMap.ThirdPersonExampleMap:PersistentLevel.ThirdPersonExampleMap' with GeneratedClass '/Game/Maps/ThirdPersonExampleMap.ThirdPersonExampleMap_C' with ClassGeneratedBy '/Game/Maps/ThirdPersonExampleMap.ThirdPersonExampleMap:PersistentLevel.ThirdPersonExampleMap'
[2020.03.14-03.27.34:608][957]LogSlate: Updating window title bar state: overlay mode, drag disabled, window buttons hidden, title bar hidden
[2020.03.14-03.27.34:608][957]LogWorld: BeginTearingDown for /Game/Maps/UEDPIE_0_ThirdPersonExampleMap
[2020.03.14-03.27.34:608][957]LogAudioMixer: Display: No commands were queued while flushing the source manager.
[2020.03.14-03.27.34:609][957]LogWorld: UWorld::CleanupWorld for ThirdPersonExampleMap, bSessionEnded=true, bCleanupResources=true
[2020.03.14-03.27.34:611][957]LogSlate: InvalidateAllWidgets triggered.  All widgets were invalidated
[2020.03.14-03.27.34:620][957]LogPlayLevel: Display: Shutting down PIE online subsystems
[2020.03.14-03.27.34:621][957]LogBlueprintUserMessages: Late EndPlayMap Detection: Level '/Game/Maps/ThirdPersonExampleMap.ThirdPersonExampleMap:PersistentLevel' has LevelScriptBlueprint '/Game/Maps/ThirdPersonExampleMap.ThirdPersonExampleMap:PersistentLevel.ThirdPersonExampleMap' with GeneratedClass '/Game/Maps/ThirdPersonExampleMap.ThirdPersonExampleMap_C' with ClassGeneratedBy '/Game/Maps/ThirdPersonExampleMap.ThirdPersonExampleMap:PersistentLevel.ThirdPersonExampleMap'
[2020.03.14-03.27.34:629][957]LogSlate: InvalidateAllWidgets triggered.  All widgets were invalidated
[2020.03.14-03.27.34:669][957]LogAudioMixer: Display: No commands were queued while flushing the source manager.
[2020.03.14-03.27.34:705][957]LogSlate: Updating window title bar state: overlay mode, drag disabled, window buttons hidden, title bar hidden
[2020.03.14-03.27.34:726][957]LogUObjectHash: Compacting FUObjectHashTables data took   3.29ms
[2020.03.14-03.27.34:774][958]LogPlayLevel: Display: Destroying online subsystem :Context_5
[2020.03.14-03.27.55:606][136]LogAssetEditorSubsystem: Opening Asset editor for Blueprint /Game/ThirdPersonBP/Blueprints/BluePrints/Door.Door
[2020.03.14-03.28.22:446][715]LogEditorViewport: Clicking on Actor (LMB): PuzzleDoor_C (CoinDoor)
[2020.03.14-03.28.24:152][814]LogAssetEditorSubsystem: Opening Asset editor for Blueprint /Game/ThirdPersonBP/Blueprints/BluePrints/PuzzleDoor.PuzzleDoor
[2020.03.14-03.28.30:145][153]LogEditorViewport: Clicking on Actor (LMB): PuzzleDoor_C (KeyDoor)
[2020.03.14-03.31.54:309][187]AssetReimport: New page: Outstanding source content changes 5:31:54
[2020.03.14-03.31.54:381][188]LogFactory: FactoryCreateFile: SoundWave with ReimportSoundFactory (0 0 C:/Users/adria/Desktop/Projectes Unreal/GitHub/Unreal_Project/Unreal_Project/Content/Sounds/coin.wav)
[2020.03.14-03.31.54:780][189]Cmd: OBJ SAVEPACKAGE PACKAGE="/Game/Sounds/coin" FILE="../../../../../../Users/adria/Desktop/Projectes Unreal/GitHub/Unreal_Project/Unreal_Project/Content/Sounds/coin.uasset" SILENT=true
[2020.03.14-03.31.54:793][189]LogSavePackage: Moving '../../../../../../Users/adria/Desktop/Projectes Unreal/GitHub/Unreal_Project/Unreal_Project/Saved/coinF5DFA30D45C7B94329F7EB965E4DAE62.tmp' to '../../../../../../Users/adria/Desktop/Projectes Unreal/GitHub/Unreal_Project/Unreal_Project/Content/Sounds/coin.uasset'
[2020.03.14-03.31.54:866][190]AssetCheck: New page: Asset Save: coin
[2020.03.14-03.31.54:866][190]LogContentValidation: Display: Validating SoundWave /Game/Sounds/coin.coin
[2020.03.14-03.31.57:843][365]AssetReimport: Importing new asset /Game/Sounds/coin.
[2020.03.14-03.32.16:982][375]LogEditorViewport: Clicking on Actor (LMB): Key_C (Key)
[2020.03.14-03.32.19:387][516]LogAssetEditorSubsystem: Opening Asset editor for Blueprint /Game/ThirdPersonBP/Blueprints/BluePrints/Key.Key
[2020.03.14-03.33.19:119][899]LogSavePackage: Moving '../../../../../../Users/adria/Desktop/Projectes Unreal/GitHub/Unreal_Project/Unreal_Project/Saved/Key5DD7EC0F44758466E43C33AF2EF9A557.tmp' to '../../../../../../Users/adria/Desktop/Projectes Unreal/GitHub/Unreal_Project/Unreal_Project/Content/ThirdPersonBP/Blueprints/BluePrints/Key.uasset'
[2020.03.14-03.33.19:139][899]AssetCheck: New page: Asset Save: Key
[2020.03.14-03.33.19:139][899]LogContentValidation: Display: Validating Blueprint /Game/ThirdPersonBP/Blueprints/BluePrints/Key.Key
[2020.03.14-03.33.19:525][920]BlueprintLog: New page: Compile Key
[2020.03.14-03.33.19:865][920]LogUObjectHash: Compacting FUObjectHashTables data took   4.87ms
[2020.03.14-03.33.25:607][262]LogEditorViewport: Clicking on Actor (LMB): Coin_C (Coin3)
[2020.03.14-03.33.27:013][344]LogAssetEditorSubsystem: Opening Asset editor for Blueprint /Game/ThirdPersonBP/Blueprints/BluePrints/Coin.Coin
[2020.03.14-03.34.02:736][440]LogSavePackage: Moving '../../../../../../Users/adria/Desktop/Projectes Unreal/GitHub/Unreal_Project/Unreal_Project/Saved/Coin957FA70F45ACC54E150310B8E18C5C8E.tmp' to '../../../../../../Users/adria/Desktop/Projectes Unreal/GitHub/Unreal_Project/Unreal_Project/Content/ThirdPersonBP/Blueprints/BluePrints/Coin.uasset'
[2020.03.14-03.34.02:754][440]AssetCheck: New page: Asset Save: Coin
[2020.03.14-03.34.02:754][440]LogContentValidation: Display: Validating Blueprint /Game/ThirdPersonBP/Blueprints/BluePrints/Coin.Coin
[2020.03.14-03.34.03:186][470]BlueprintLog: New page: Compile Coin
[2020.03.14-03.34.03:520][470]LogUObjectHash: Compacting FUObjectHashTables data took   4.32ms
[2020.03.14-03.34.05:535][588]LogTemp: Repeating last play command: Selected Viewport
[2020.03.14-03.34.05:561][588]LogBlueprintUserMessages: Early PlayInEditor Detection: Level '/Game/Maps/ThirdPersonExampleMap.ThirdPersonExampleMap:PersistentLevel' has LevelScriptBlueprint '/Game/Maps/ThirdPersonExampleMap.ThirdPersonExampleMap:PersistentLevel.ThirdPersonExampleMap' with GeneratedClass '/Game/Maps/ThirdPersonExampleMap.ThirdPersonExampleMap_C' with ClassGeneratedBy '/Game/Maps/ThirdPersonExampleMap.ThirdPersonExampleMap:PersistentLevel.ThirdPersonExampleMap'
[2020.03.14-03.34.05:561][588]LogPlayLevel: PlayLevel: No blueprints needed recompiling
[2020.03.14-03.34.05:562][588]PIE: New page: PIE session: ThirdPersonExampleMap (14 de març 2020, 5:34:05)
[2020.03.14-03.34.05:562][588]LogPlayLevel: Creating play world package: /Game/Maps/UEDPIE_0_ThirdPersonExampleMap
[2020.03.14-03.34.05:682][588]LogPlayLevel: PIE: StaticDuplicateObject took: (0.119888s)
[2020.03.14-03.34.05:683][588]LogAIModule: Creating AISystem for world ThirdPersonExampleMap
[2020.03.14-03.34.05:683][588]LogPlayLevel: PIE: World Init took: (0.001060s)
[2020.03.14-03.34.05:683][588]LogPlayLevel: PIE: Created PIE world by copying editor world from /Game/Maps/ThirdPersonExampleMap.ThirdPersonExampleMap to /Game/Maps/UEDPIE_0_ThirdPersonExampleMap.ThirdPersonExampleMap (0.121125s)
[2020.03.14-03.34.05:752][588]LogUObjectHash: Compacting FUObjectHashTables data took   3.76ms
[2020.03.14-03.34.05:753][588]LogAudioMixer: Display: Audio Mixer Platform Settings:
[2020.03.14-03.34.05:753][588]LogAudioMixer: Display: 	Sample Rate:						  48000
[2020.03.14-03.34.05:753][588]LogAudioMixer: Display: 	Callback Buffer Frame Size Requested: 1024
[2020.03.14-03.34.05:753][588]LogAudioMixer: Display: 	Callback Buffer Frame Size To Use:	  1024
[2020.03.14-03.34.05:753][588]LogAudioMixer: Display: 	Number of buffers to queue:			  2
[2020.03.14-03.34.05:753][588]LogAudioMixer: Display: 	Max Channels (voices):				  32
[2020.03.14-03.34.05:753][588]LogAudioMixer: Display: 	Number of Async Source Workers:		  0
[2020.03.14-03.34.05:753][588]LogAudio: Display: AudioDevice MaxSources: 32
[2020.03.14-03.34.05:753][588]LogAudio: Display: Using built-in audio occlusion.
[2020.03.14-03.34.05:753][588]LogAudioMixer: Display: Initializing audio mixer.
[2020.03.14-03.34.05:758][588]LogAudioMixer: Display: Audio Device Output Speaker Info:
[2020.03.14-03.34.05:758][588]LogAudioMixer: Display: Name: Altavoces (Realtek High Definition Audio)
[2020.03.14-03.34.05:758][588]LogAudioMixer: Display: Is Default: Yes
[2020.03.14-03.34.05:758][588]LogAudioMixer: Display: Sample Rate: 48000
[2020.03.14-03.34.05:758][588]LogAudioMixer: Display: Channel Count Used: 2
[2020.03.14-03.34.05:758][588]LogAudioMixer: Display: Device Channel Count: 2
[2020.03.14-03.34.05:758][588]LogAudioMixer: Display: Channel Order:
[2020.03.14-03.34.05:758][588]LogAudioMixer: Display: 0: FrontLeft
[2020.03.14-03.34.05:758][588]LogAudioMixer: Display: 1: FrontRight
[2020.03.14-03.34.05:772][588]LogAudioMixer: Display: Using Audio Device Altavoces (Realtek High Definition Audio)
[2020.03.14-03.34.05:773][588]LogInit: FAudioDevice initialized.
[2020.03.14-03.34.05:782][588]LogLoad: Game class is 'ThirdPersonGameMode_C'
[2020.03.14-03.34.05:791][588]LogWorld: Bringing World /Game/Maps/UEDPIE_0_ThirdPersonExampleMap.ThirdPersonExampleMap up for play (max tick rate 0) at 2020.03.14-04.34.05
[2020.03.14-03.34.05:793][588]LogWorld: Bringing up level for play took: 0.010229
[2020.03.14-03.34.05:793][588]LogOnline: OSS: Creating online subsystem instance for: :Context_12
[2020.03.14-03.34.05:796][588]PIE: Play in editor start time for /Game/Maps/UEDPIE_0_ThirdPersonExampleMap 0,736
[2020.03.14-03.34.05:797][588]LogBlueprintUserMessages: Late PlayInEditor Detection: Level '/Game/Maps/ThirdPersonExampleMap.ThirdPersonExampleMap:PersistentLevel' has LevelScriptBlueprint '/Game/Maps/ThirdPersonExampleMap.ThirdPersonExampleMap:PersistentLevel.ThirdPersonExampleMap' with GeneratedClass '/Game/Maps/ThirdPersonExampleMap.ThirdPersonExampleMap_C' with ClassGeneratedBy '/Game/Maps/ThirdPersonExampleMap.ThirdPersonExampleMap:PersistentLevel.ThirdPersonExampleMap'
[2020.03.14-03.34.27:907][576]Cmd: ce COIN_OVERLAP
[2020.03.14-03.34.38:946][908]Cmd: ce KEY_OVERLAP
[2020.03.14-03.35.05:178][538]LogAudioMixer: Display: No commands were queued while flushing the source manager.
[2020.03.14-03.35.05:189][538]LogAudioMixer: Display: Flush succeeded in the source manager command queue (1).
[2020.03.14-03.35.05:209][538]LogAudioMixer: Display: Flush succeeded the source manager command queue (2).
[2020.03.14-03.35.05:209][538]LogBlueprintUserMessages: Early EndPlayMap Detection: Level '/Game/Maps/ThirdPersonExampleMap.ThirdPersonExampleMap:PersistentLevel' has LevelScriptBlueprint '/Game/Maps/ThirdPersonExampleMap.ThirdPersonExampleMap:PersistentLevel.ThirdPersonExampleMap' with GeneratedClass '/Game/Maps/ThirdPersonExampleMap.ThirdPersonExampleMap_C' with ClassGeneratedBy '/Game/Maps/ThirdPersonExampleMap.ThirdPersonExampleMap:PersistentLevel.ThirdPersonExampleMap'
[2020.03.14-03.35.05:235][538]LogSlate: Updating window title bar state: overlay mode, drag disabled, window buttons hidden, title bar hidden
[2020.03.14-03.35.05:235][538]LogWorld: BeginTearingDown for /Game/Maps/UEDPIE_0_ThirdPersonExampleMap
[2020.03.14-03.35.05:235][538]LogAudioMixer: Display: No commands were queued while flushing the source manager.
[2020.03.14-03.35.05:236][538]LogWorld: UWorld::CleanupWorld for ThirdPersonExampleMap, bSessionEnded=true, bCleanupResources=true
[2020.03.14-03.35.05:238][538]LogSlate: InvalidateAllWidgets triggered.  All widgets were invalidated
[2020.03.14-03.35.05:264][538]LogPlayLevel: Display: Shutting down PIE online subsystems
[2020.03.14-03.35.05:265][538]LogBlueprintUserMessages: Late EndPlayMap Detection: Level '/Game/Maps/ThirdPersonExampleMap.ThirdPersonExampleMap:PersistentLevel' has LevelScriptBlueprint '/Game/Maps/ThirdPersonExampleMap.ThirdPersonExampleMap:PersistentLevel.ThirdPersonExampleMap' with GeneratedClass '/Game/Maps/ThirdPersonExampleMap.ThirdPersonExampleMap_C' with ClassGeneratedBy '/Game/Maps/ThirdPersonExampleMap.ThirdPersonExampleMap:PersistentLevel.ThirdPersonExampleMap'
[2020.03.14-03.35.05:276][538]LogSlate: InvalidateAllWidgets triggered.  All widgets were invalidated
[2020.03.14-03.35.05:331][538]LogAudioMixer: Display: No commands were queued while flushing the source manager.
[2020.03.14-03.35.05:334][538]LogSlate: Updating window title bar state: overlay mode, drag disabled, window buttons hidden, title bar hidden
[2020.03.14-03.35.05:367][538]LogUObjectHash: Compacting FUObjectHashTables data took   3.76ms
[2020.03.14-03.35.05:398][539]LogPlayLevel: Display: Destroying online subsystem :Context_12
[2020.03.14-03.35.06:277][583]LogTemp: Repeating last play command: Selected Viewport
[2020.03.14-03.35.06:307][583]LogBlueprintUserMessages: Early PlayInEditor Detection: Level '/Game/Maps/ThirdPersonExampleMap.ThirdPersonExampleMap:PersistentLevel' has LevelScriptBlueprint '/Game/Maps/ThirdPersonExampleMap.ThirdPersonExampleMap:PersistentLevel.ThirdPersonExampleMap' with GeneratedClass '/Game/Maps/ThirdPersonExampleMap.ThirdPersonExampleMap_C' with ClassGeneratedBy '/Game/Maps/ThirdPersonExampleMap.ThirdPersonExampleMap:PersistentLevel.ThirdPersonExampleMap'
[2020.03.14-03.35.06:308][583]LogPlayLevel: PlayLevel: No blueprints needed recompiling
[2020.03.14-03.35.06:308][583]PIE: New page: PIE session: ThirdPersonExampleMap (14 de març 2020, 5:35:06)
[2020.03.14-03.35.06:308][583]LogPlayLevel: Creating play world package: /Game/Maps/UEDPIE_0_ThirdPersonExampleMap
[2020.03.14-03.35.06:461][583]LogPlayLevel: PIE: StaticDuplicateObject took: (0.152701s)
[2020.03.14-03.35.06:463][583]LogAIModule: Creating AISystem for world ThirdPersonExampleMap
[2020.03.14-03.35.06:463][583]LogPlayLevel: PIE: World Init took: (0.001558s)
[2020.03.14-03.35.06:463][583]LogPlayLevel: PIE: Created PIE world by copying editor world from /Game/Maps/ThirdPersonExampleMap.ThirdPersonExampleMap to /Game/Maps/UEDPIE_0_ThirdPersonExampleMap.ThirdPersonExampleMap (0.154483s)
[2020.03.14-03.35.06:536][583]LogUObjectHash: Compacting FUObjectHashTables data took   6.45ms
[2020.03.14-03.35.06:541][583]LogAudioMixer: Display: Audio Mixer Platform Settings:
[2020.03.14-03.35.06:541][583]LogAudioMixer: Display: 	Sample Rate:						  48000
[2020.03.14-03.35.06:541][583]LogAudioMixer: Display: 	Callback Buffer Frame Size Requested: 1024
[2020.03.14-03.35.06:541][583]LogAudioMixer: Display: 	Callback Buffer Frame Size To Use:	  1024
[2020.03.14-03.35.06:541][583]LogAudioMixer: Display: 	Number of buffers to queue:			  2
[2020.03.14-03.35.06:541][583]LogAudioMixer: Display: 	Max Channels (voices):				  32
[2020.03.14-03.35.06:541][583]LogAudioMixer: Display: 	Number of Async Source Workers:		  0
[2020.03.14-03.35.06:541][583]LogAudio: Display: AudioDevice MaxSources: 32
[2020.03.14-03.35.06:541][583]LogAudio: Display: Using built-in audio occlusion.
[2020.03.14-03.35.06:541][583]LogAudioMixer: Display: Initializing audio mixer.
[2020.03.14-03.35.06:547][583]LogAudioMixer: Display: Audio Device Output Speaker Info:
[2020.03.14-03.35.06:547][583]LogAudioMixer: Display: Name: Altavoces (Realtek High Definition Audio)
[2020.03.14-03.35.06:547][583]LogAudioMixer: Display: Is Default: Yes
[2020.03.14-03.35.06:547][583]LogAudioMixer: Display: Sample Rate: 48000
[2020.03.14-03.35.06:547][583]LogAudioMixer: Display: Channel Count Used: 2
[2020.03.14-03.35.06:547][583]LogAudioMixer: Display: Device Channel Count: 2
[2020.03.14-03.35.06:547][583]LogAudioMixer: Display: Channel Order:
[2020.03.14-03.35.06:547][583]LogAudioMixer: Display: 0: FrontLeft
[2020.03.14-03.35.06:547][583]LogAudioMixer: Display: 1: FrontRight
[2020.03.14-03.35.06:566][583]LogAudioMixer: Display: Using Audio Device Altavoces (Realtek High Definition Audio)
[2020.03.14-03.35.06:569][583]LogInit: FAudioDevice initialized.
[2020.03.14-03.35.06:579][583]LogLoad: Game class is 'ThirdPersonGameMode_C'
[2020.03.14-03.35.06:592][583]LogWorld: Bringing World /Game/Maps/UEDPIE_0_ThirdPersonExampleMap.ThirdPersonExampleMap up for play (max tick rate 0) at 2020.03.14-04.35.06
[2020.03.14-03.35.06:594][583]LogWorld: Bringing up level for play took: 0.014916
[2020.03.14-03.35.06:595][583]LogOnline: OSS: Creating online subsystem instance for: :Context_13
[2020.03.14-03.35.06:598][583]PIE: Play in editor start time for /Game/Maps/UEDPIE_0_ThirdPersonExampleMap -0,462
[2020.03.14-03.35.06:599][583]LogBlueprintUserMessages: Late PlayInEditor Detection: Level '/Game/Maps/ThirdPersonExampleMap.ThirdPersonExampleMap:PersistentLevel' has LevelScriptBlueprint '/Game/Maps/ThirdPersonExampleMap.ThirdPersonExampleMap:PersistentLevel.ThirdPersonExampleMap' with GeneratedClass '/Game/Maps/ThirdPersonExampleMap.ThirdPersonExampleMap_C' with ClassGeneratedBy '/Game/Maps/ThirdPersonExampleMap.ThirdPersonExampleMap:PersistentLevel.ThirdPersonExampleMap'
[2020.03.14-03.36.54:768][424]LogPlayerController: Error: InputMode:UIOnly - Attempting to focus Non-Focusable widget SObjectWidget [Widget.cpp(776)]!
[2020.03.14-03.37.03:734][565]Cmd: RestartLevel
[2020.03.14-03.37.03:735][565]LogNet: Browse: /Game/Maps/ThirdPersonExampleMap?restart
[2020.03.14-03.37.03:735][565]LogLoad: LoadMap: /Game/Maps/ThirdPersonExampleMap
[2020.03.14-03.37.03:735][565]LogWorld: BeginTearingDown for /Game/Maps/UEDPIE_0_ThirdPersonExampleMap
[2020.03.14-03.37.03:850][565]LogWorld: UWorld::CleanupWorld for ThirdPersonExampleMap, bSessionEnded=true, bCleanupResources=true
[2020.03.14-03.37.03:851][565]LogSlate: InvalidateAllWidgets triggered.  All widgets were invalidated
[2020.03.14-03.37.03:869][565]LogAudioMixer: Display: Flush succeeded in the source manager command queue (1).
[2020.03.14-03.37.03:889][565]LogAudioMixer: Display: Flush succeeded the source manager command queue (2).
[2020.03.14-03.37.03:997][565]LogUObjectHash: Compacting FUObjectHashTables data took   4.05ms
[2020.03.14-03.37.03:999][565]LogPlayLevel: Creating play world package: /Game/Maps/UEDPIE_0_ThirdPersonExampleMap
[2020.03.14-03.37.04:117][565]LogPlayLevel: PIE: StaticDuplicateObject took: (0.119107s)
[2020.03.14-03.37.04:118][565]LogAIModule: Creating AISystem for world ThirdPersonExampleMap
[2020.03.14-03.37.04:119][565]LogPlayLevel: PIE: World Init took: (0.001148s)
[2020.03.14-03.37.04:119][565]LogPlayLevel: PIE: Created PIE world by copying editor world from /Game/Maps/ThirdPersonExampleMap.ThirdPersonExampleMap to /Game/Maps/UEDPIE_0_ThirdPersonExampleMap.ThirdPersonExampleMap (0.120470s)
[2020.03.14-03.37.04:119][565]LogLoad: Game class is 'ThirdPersonGameMode_C'
[2020.03.14-03.37.04:131][565]LogWorld: Bringing World /Game/Maps/UEDPIE_0_ThirdPersonExampleMap.ThirdPersonExampleMap up for play (max tick rate 0) at 2020.03.14-04.37.04
[2020.03.14-03.37.04:134][565]LogWorld: Bringing up level for play took: 0.014136
[2020.03.14-03.37.04:136][565]LogLoad: Took 0.401958 seconds to LoadMap(/Game/Maps/UEDPIE_0_ThirdPersonExampleMap)
[2020.03.14-03.37.31:320][780]LogAudioMixer: Display: No commands were queued while flushing the source manager.
[2020.03.14-03.37.31:338][780]LogAudioMixer: Display: Flush succeeded in the source manager command queue (1).
[2020.03.14-03.37.31:358][780]LogAudioMixer: Display: Flush succeeded the source manager command queue (2).
[2020.03.14-03.37.31:358][780]LogBlueprintUserMessages: Early EndPlayMap Detection: Level '/Game/Maps/ThirdPersonExampleMap.ThirdPersonExampleMap:PersistentLevel' has LevelScriptBlueprint '/Game/Maps/ThirdPersonExampleMap.ThirdPersonExampleMap:PersistentLevel.ThirdPersonExampleMap' with GeneratedClass '/Game/Maps/ThirdPersonExampleMap.ThirdPersonExampleMap_C' with ClassGeneratedBy '/Game/Maps/ThirdPersonExampleMap.ThirdPersonExampleMap:PersistentLevel.ThirdPersonExampleMap'
[2020.03.14-03.37.31:377][780]LogSlate: Updating window title bar state: overlay mode, drag disabled, window buttons hidden, title bar hidden
[2020.03.14-03.37.31:377][780]LogWorld: BeginTearingDown for /Game/Maps/UEDPIE_0_ThirdPersonExampleMap
[2020.03.14-03.37.31:377][780]LogAudioMixer: Display: No commands were queued while flushing the source manager.
[2020.03.14-03.37.31:377][780]LogWorld: UWorld::CleanupWorld for ThirdPersonExampleMap, bSessionEnded=true, bCleanupResources=true
[2020.03.14-03.37.31:380][780]LogSlate: InvalidateAllWidgets triggered.  All widgets were invalidated
[2020.03.14-03.37.31:388][780]LogPlayLevel: Display: Shutting down PIE online subsystems
[2020.03.14-03.37.31:388][780]LogBlueprintUserMessages: Late EndPlayMap Detection: Level '/Game/Maps/ThirdPersonExampleMap.ThirdPersonExampleMap:PersistentLevel' has LevelScriptBlueprint '/Game/Maps/ThirdPersonExampleMap.ThirdPersonExampleMap:PersistentLevel.ThirdPersonExampleMap' with GeneratedClass '/Game/Maps/ThirdPersonExampleMap.ThirdPersonExampleMap_C' with ClassGeneratedBy '/Game/Maps/ThirdPersonExampleMap.ThirdPersonExampleMap:PersistentLevel.ThirdPersonExampleMap'
[2020.03.14-03.37.31:399][780]LogSlate: InvalidateAllWidgets triggered.  All widgets were invalidated
[2020.03.14-03.37.31:452][780]LogAudioMixer: Display: No commands were queued while flushing the source manager.
[2020.03.14-03.37.31:455][780]LogSlate: Updating window title bar state: overlay mode, drag disabled, window buttons hidden, title bar hidden
[2020.03.14-03.37.31:481][780]LogUObjectHash: Compacting FUObjectHashTables data took   3.46ms
[2020.03.14-03.37.31:512][781]LogPlayLevel: Display: Destroying online subsystem :Context_13
[2020.03.14-03.37.38:108][166]LogEditorViewport: Clicking on Actor (LMB): AI_Character_C (AI_Character3)
[2020.03.14-03.37.40:478][249]LogAssetEditorSubsystem: Opening Asset editor for Blueprint /Game/AI/AI_Character.AI_Character
[2020.03.14-03.37.51:102][832]Cmd: OBJ SAVEPACKAGE PACKAGE="/Game/AI/AI_Character" FILE="../../../../../../Users/adria/Desktop/Projectes Unreal/GitHub/Unreal_Project/Unreal_Project/Content/AI/AI_Character.uasset" SILENT=true
[2020.03.14-03.37.51:439][832]LogSavePackage: Moving '../../../../../../Users/adria/Desktop/Projectes Unreal/GitHub/Unreal_Project/Unreal_Project/Saved/AI_Character934B2961440EBA6F16AECA8211A0808E.tmp' to '../../../../../../Users/adria/Desktop/Projectes Unreal/GitHub/Unreal_Project/Unreal_Project/Content/AI/AI_Character.uasset'
[2020.03.14-03.37.51:458][832]AssetCheck: New page: Asset Save: AI_Character
[2020.03.14-03.37.51:458][832]LogContentValidation: Display: Validating Blueprint /Game/AI/AI_Character.AI_Character
[2020.03.14-03.37.51:806][850]BlueprintLog: New page: Compile AI_Character
[2020.03.14-03.37.52:283][850]LogUObjectHash: Compacting FUObjectHashTables data took   6.33ms
[2020.03.14-03.38.18:100][272]LogUObjectHash: Compacting FUObjectHashTables data took   5.12ms
[2020.03.14-03.38.19:505][272]LogSlate: Window 'Save Content' being destroyed
[2020.03.14-03.38.19:616][272]LogUObjectHash: Compacting FUObjectHashTables data took   0.99ms
[2020.03.14-03.38.20:312][272]LogSavePackage: Moving '../../../../../../Users/adria/Desktop/Projectes Unreal/GitHub/Unreal_Project/Unreal_Project/Saved/ThirdPersonExampleMapAB2832274FDE746F6F0D4DAF624AA0E7.tmp' to '../../../../../../Users/adria/Desktop/Projectes Unreal/GitHub/Unreal_Project/Unreal_Project/Content/Maps/ThirdPersonExampleMap.umap'
[2020.03.14-03.38.20:368][272]LogFileHelpers: Saving map 'ThirdPersonExampleMap' took 0.807
[2020.03.14-03.38.20:368][272]Cmd: OBJ SAVEPACKAGE PACKAGE="/Game/Sounds/coin_Cue" FILE="../../../../../../Users/adria/Desktop/Projectes Unreal/GitHub/Unreal_Project/Unreal_Project/Content/Sounds/coin_Cue.uasset" SILENT=true
[2020.03.14-03.38.20:379][272]LogSavePackage: Moving '../../../../../../Users/adria/Desktop/Projectes Unreal/GitHub/Unreal_Project/Unreal_Project/Saved/coin_CueF078899548C60B36EE06B981BBD1E677.tmp' to '../../../../../../Users/adria/Desktop/Projectes Unreal/GitHub/Unreal_Project/Unreal_Project/Content/Sounds/coin_Cue.uasset'
[2020.03.14-03.38.20:442][272]AssetCheck: New page: Asset Save: multiple assets
[2020.03.14-03.38.20:442][272]LogContentValidation: Display: Validating World /Game/Maps/ThirdPersonExampleMap.ThirdPersonExampleMap
[2020.03.14-03.38.20:442][272]LogContentValidation: Display: Validating SoundCue /Game/Sounds/coin_Cue.coin_Cue
