Log file open, 03/02/20 15:29:46
LogWindows: Failed to load 'aqProf.dll' (GetLastError=126)
LogWindows: File 'aqProf.dll' does not exist
LogWindows: Failed to load 'VtuneApi.dll' (GetLastError=126)
LogWindows: File 'VtuneApi.dll' does not exist
LogWindows: Failed to load 'VtuneApi32e.dll' (GetLastError=126)
LogWindows: File 'VtuneApi32e.dll' does not exist
LogConsoleResponse: Display: Failed to find resolution value strings in scalability ini. Falling back to default.
LogInit: Display: Running engine for game: Unreal_Project
LogPlatformFile: Not using cached read wrapper
LogTaskGraph: Started task graph with 5 named threads and 35 total threads with 3 sets of task threads.
LogStats: Stats thread started at 0.091414
LogD3D11RHI: Loaded GFSDK_Aftermath_Lib.x64.dll
LogICUInternationalization: ICU TimeZone Detection - Raw Offset: +1:00, Platform Override: ''
LogPluginManager: Mounting plugin Paper2D
LogPluginManager: Mounting plugin AISupport
LogPluginManager: Mounting plugin LightPropagationVolume
LogPluginManager: Mounting plugin ActorLayerUtilities
LogPluginManager: Mounting plugin AnimationSharing
LogPluginManager: Mounting plugin CLionSourceCodeAccess
LogPluginManager: Mounting plugin CodeLiteSourceCodeAccess
LogPluginManager: Mounting plugin GitSourceControl
LogPluginManager: Mounting plugin KDevelopSourceCodeAccess
LogPluginManager: Mounting plugin NullSourceCodeAccess
LogPluginManager: Mounting plugin PerforceSourceControl
LogPluginManager: Mounting plugin PlasticSourceControl
LogPluginManager: Mounting plugin SubversionSourceControl
LogPluginManager: Mounting plugin UObjectPlugin
LogPluginManager: Mounting plugin VisualStudioCodeSourceCodeAccess
LogPluginManager: Mounting plugin VisualStudioSourceCodeAccess
LogPluginManager: Mounting plugin XCodeSourceCodeAccess
LogPluginManager: Mounting plugin AssetManagerEditor
LogPluginManager: Mounting plugin CryptoKeys
LogPluginManager: Mounting plugin CurveEditorTools
LogPluginManager: Mounting plugin DataValidation
LogPluginManager: Mounting plugin FacialAnimation
LogPluginManager: Mounting plugin GameplayTagsEditor
LogPluginManager: Mounting plugin MacGraphicsSwitching
LogPluginManager: Mounting plugin MaterialAnalyzer
LogPluginManager: Mounting plugin MobileLauncherProfileWizard
LogPluginManager: Mounting plugin PluginBrowser
LogPluginManager: Mounting plugin SpeedTreeImporter
LogPluginManager: Mounting plugin DatasmithContent
LogPluginManager: Mounting plugin VariantManagerContent
LogPluginManager: Mounting plugin AlembicImporter
LogPluginManager: Mounting plugin AutomationUtils
LogPluginManager: Mounting plugin BackChannel
LogPluginManager: Mounting plugin CharacterAI
LogPluginManager: Mounting plugin GeometryCache
LogPluginManager: Mounting plugin PlatformCrypto
LogPluginManager: Mounting plugin ProxyLODPlugin
LogPluginManager: Mounting plugin SkeletalReduction
LogPluginManager: Mounting plugin MagicLeap
LogPluginManager: Mounting plugin MagicLeapMedia
LogPluginManager: Mounting plugin MLSDK
LogPluginManager: Mounting plugin AndroidMedia
LogPluginManager: Mounting plugin AvfMedia
LogPluginManager: Mounting plugin ImgMedia
LogPluginManager: Mounting plugin MediaCompositing
LogPluginManager: Mounting plugin MediaPlayerEditor
LogPluginManager: Mounting plugin WebMMedia
LogPluginManager: Mounting plugin WmfMedia
LogPluginManager: Mounting plugin TcpMessaging
LogPluginManager: Mounting plugin UdpMessaging
LogPluginManager: Mounting plugin ActorSequence
LogPluginManager: Mounting plugin LevelSequenceEditor
LogPluginManager: Mounting plugin MatineeToLevelSequence
LogPluginManager: Mounting plugin NetcodeUnitTest
LogPluginManager: Mounting plugin NUTUnrealEngine4
LogPluginManager: Mounting plugin OnlineSubsystemGooglePlay
LogPluginManager: Mounting plugin OnlineSubsystemIOS
LogPluginManager: Mounting plugin OnlineSubsystem
LogPluginManager: Mounting plugin OnlineSubsystemNull
LogPluginManager: Mounting plugin OnlineSubsystemUtils
LogPluginManager: Mounting plugin LauncherChunkInstaller
LogPluginManager: Mounting plugin AndroidDeviceProfileSelector
LogPluginManager: Mounting plugin AndroidMoviePlayer
LogPluginManager: Mounting plugin AndroidPermission
LogPluginManager: Mounting plugin AppleImageUtils
LogPluginManager: Mounting plugin AppleMoviePlayer
LogPluginManager: Mounting plugin ArchVisCharacter
LogPluginManager: Mounting plugin AssetTags
LogPluginManager: Mounting plugin AudioCapture
LogPluginManager: Mounting plugin CableComponent
LogPluginManager: Mounting plugin CustomMeshComponent
LogPluginManager: Mounting plugin EditableMesh
LogPluginManager: Mounting plugin ExampleDeviceProfileSelector
LogPluginManager: Mounting plugin GoogleCloudMessaging
LogPluginManager: Mounting plugin IOSDeviceProfileSelector
LogPluginManager: Mounting plugin LinuxDeviceProfileSelector
LogPluginManager: Mounting plugin LocationServicesBPLibrary
LogPluginManager: Mounting plugin MobilePatchingUtils
LogPluginManager: Mounting plugin OculusVR
LogPluginManager: Mounting plugin PhysXVehicles
LogPluginManager: Mounting plugin PostSplashScreen
LogPluginManager: Mounting plugin ProceduralMeshComponent
LogPluginManager: Mounting plugin RuntimePhysXCooking
LogPluginManager: Mounting plugin SignificanceManager
LogPluginManager: Mounting plugin SteamVR
LogPluginManager: Mounting plugin WebMMoviePlayer
LogPluginManager: Mounting plugin WindowsMoviePlayer
LogPluginManager: Mounting plugin ScreenshotTools
LogInit: Using libcurl 7.55.1-DEV
LogInit:  - built for x86_64-pc-win32
LogInit:  - supports SSL with OpenSSL/1.1.1
LogInit:  - supports HTTP deflate (compression) using libz 1.2.8
LogInit:  - other features:
LogInit:      CURL_VERSION_SSL
LogInit:      CURL_VERSION_LIBZ
LogInit:      CURL_VERSION_IPV6
LogInit:      CURL_VERSION_ASYNCHDNS
LogInit:      CURL_VERSION_LARGEFILE
LogInit:      CURL_VERSION_IDN
LogInit:  CurlRequestOptions (configurable via config and command line):
LogInit:  - bVerifyPeer = true  - Libcurl will verify peer certificate
LogInit:  - bUseHttpProxy = false  - Libcurl will NOT use HTTP proxy
LogInit:  - bDontReuseConnections = false  - Libcurl will reuse connections
LogInit:  - MaxHostConnections = 16  - Libcurl will limit the number of connections to a host
LogInit:  - LocalHostAddr = Default
LogInit:  - BufferSize = 65536
LogOnline: OSS: Creating online subsystem instance for: NULL
LogInit: WinSock: version 1.1 (2.2), MaxSocks=32767, MaxUdp=65467
LogOnline: OSS: TryLoadSubsystemAndSetDefault: Loaded subsystem for module [NULL]
LogInit: Build: ++UE4+Release-4.24-CL-10757647
LogInit: Engine Version: 4.24.1-10757647+++UE4+Release-4.24
LogInit: Compatible Engine Version: 4.24.0-10570792+++UE4+Release-4.24
LogInit: Net CL: 10570792
LogInit: OS: Windows 10 (Release 1903) (), CPU: Intel(R) Core(TM) i7-8750H CPU @ 2.20GHz, GPU: Intel(R) UHD Graphics 630
LogInit: Compiled (64-bit): Dec 17 2019 02:08:03
LogInit: Compiled with Visual C++: 19.16.27032.01
LogInit: Build Configuration: Development
LogInit: Branch Name: ++UE4+Release-4.24
LogInit: Command Line: 
LogInit: Base Directory: C:/Program Files/Epic Games/UE_4.24/Engine/Binaries/Win64/
LogInit: Installed Engine Build: 1
LogDevObjectVersion: Number of dev versions registered: 25
LogDevObjectVersion:   Dev-Blueprints (B0D832E4-1F89-4F0D-ACCF-7EB736FD4AA2): 10
LogDevObjectVersion:   Dev-Build (E1C64328-A22C-4D53-A36C-8E866417BD8C): 0
LogDevObjectVersion:   Dev-Core (375EC13C-06E4-48FB-B500-84F0262A717E): 3
LogDevObjectVersion:   Dev-Editor (E4B068ED-F494-42E9-A231-DA0B2E46BB41): 37
LogDevObjectVersion:   Dev-Framework (CFFC743F-43B0-4480-9391-14DF171D2073): 36
LogDevObjectVersion:   Dev-Mobile (B02B49B5-BB20-44E9-A304-32B752E40360): 2
LogDevObjectVersion:   Dev-Networking (A4E4105C-59A1-49B5-A7C5-40C4547EDFEE): 0
LogDevObjectVersion:   Dev-Online (39C831C9-5AE6-47DC-9A44-9C173E1C8E7C): 0
LogDevObjectVersion:   Dev-Physics (78F01B33-EBEA-4F98-B9B4-84EACCB95AA2): 2
LogDevObjectVersion:   Dev-Platform (6631380F-2D4D-43E0-8009-CF276956A95A): 0
LogDevObjectVersion:   Dev-Rendering (12F88B9F-8875-4AFC-A67C-D90C383ABD29): 36
LogDevObjectVersion:   Dev-Sequencer (7B5AE74C-D270-4C10-A958-57980B212A5A): 11
LogDevObjectVersion:   Dev-VR (D7296918-1DD6-4BDD-9DE2-64A83CC13884): 2
LogDevObjectVersion:   Dev-LoadTimes (C2A15278-BFE7-4AFE-6C17-90FF531DF755): 1
LogDevObjectVersion:   Private-Geometry (6EACA3D4-40EC-4CC1-B786-8BED09428FC5): 3
LogDevObjectVersion:   Dev-AnimPhys (29E575DD-E0A3-4627-9D10-D276232CDCEA): 17
LogDevObjectVersion:   Dev-Anim (AF43A65D-7FD3-4947-9873-3E8ED9C1BB05): 2
LogDevObjectVersion:   Dev-ReflectionCapture (6B266CEC-1EC7-4B8F-A30B-E4D90942FC07): 1
LogDevObjectVersion:   Dev-Automation (0DF73D61-A23F-47EA-B727-89E90C41499A): 1
LogDevObjectVersion:   FortniteMain (601D1886-AC64-4F84-AA16-D3DE0DEAC7D6): 31
LogDevObjectVersion:   Dev-Enterprise (9DFFBCD6-494F-0158-E221-12823C92A888): 8
LogDevObjectVersion:   Dev-Niagara (F2AED0AC-9AFE-416F-8664-AA7FFA26D6FC): 1
LogDevObjectVersion:   Dev-Destruction (174F1F0B-B4C6-45A5-B13F-2EE8D0FB917D): 9
LogDevObjectVersion:   Dev-Physics-Ext (35F94A83-E258-406C-A318-09F59610247C): 8
LogDevObjectVersion:   Dev-CineCamera (B2E18506-4273-CFC2-A54E-F4BB758BBA07): 1
LogInit: Presizing for max 25165824 objects, including 0 objects not considered by GC, pre-allocating 0 bytes for permanent pool.
LogInit: Object subsystem initialized
LogConfig: Setting CVar [[con.DebugEarlyDefault:1]]
LogConfig: Setting CVar [[r.setres:1280x720]]
[2020.03.02-14.29.47:412][  0]LogConfig: Setting CVar [[r.VSync:0]]
[2020.03.02-14.29.47:412][  0]LogConfig: Setting CVar [[r.RHICmdBypass:0]]
[2020.03.02-14.29.47:412][  0]LogConfig: Applying CVar settings from Section [/Script/Engine.RendererSettings] File [C:/Users/adria/Desktop/Projectes Unreal/GitHub/Unreal_Project/Unreal_Project/Saved/Config/Windows/Engine.ini]
[2020.03.02-14.29.47:412][  0]LogConfig: Setting CVar [[r.GPUCrashDebugging:0]]
[2020.03.02-14.29.47:412][  0]LogConfig: Applying CVar settings from Section [/Script/Engine.RendererOverrideSettings] File [C:/Users/adria/Desktop/Projectes Unreal/GitHub/Unreal_Project/Unreal_Project/Saved/Config/Windows/Engine.ini]
[2020.03.02-14.29.47:412][  0]LogConfig: Applying CVar settings from Section [/Script/Engine.StreamingSettings] File [C:/Users/adria/Desktop/Projectes Unreal/GitHub/Unreal_Project/Unreal_Project/Saved/Config/Windows/Engine.ini]
[2020.03.02-14.29.47:412][  0]LogConfig: Setting CVar [[s.MinBulkDataSizeForAsyncLoading:131072]]
[2020.03.02-14.29.47:412][  0]LogConfig: Setting CVar [[s.AsyncLoadingThreadEnabled:0]]
[2020.03.02-14.29.47:412][  0]LogConfig: Setting CVar [[s.EventDrivenLoaderEnabled:1]]
[2020.03.02-14.29.47:412][  0]LogConfig: Setting CVar [[s.WarnIfTimeLimitExceeded:0]]
[2020.03.02-14.29.47:412][  0]LogConfig: Setting CVar [[s.TimeLimitExceededMultiplier:1.5]]
[2020.03.02-14.29.47:412][  0]LogConfig: Setting CVar [[s.TimeLimitExceededMinTime:0.005]]
[2020.03.02-14.29.47:413][  0]LogConfig: Setting CVar [[s.UseBackgroundLevelStreaming:1]]
[2020.03.02-14.29.47:413][  0]LogConfig: Setting CVar [[s.PriorityAsyncLoadingExtraTime:15.0]]
[2020.03.02-14.29.47:413][  0]LogConfig: Setting CVar [[s.LevelStreamingActorsUpdateTimeLimit:5.0]]
[2020.03.02-14.29.47:413][  0]LogConfig: Setting CVar [[s.PriorityLevelStreamingActorsUpdateExtraTime:5.0]]
[2020.03.02-14.29.47:413][  0]LogConfig: Setting CVar [[s.LevelStreamingComponentsRegistrationGranularity:10]]
[2020.03.02-14.29.47:413][  0]LogConfig: Setting CVar [[s.UnregisterComponentsTimeLimit:1.0]]
[2020.03.02-14.29.47:413][  0]LogConfig: Setting CVar [[s.LevelStreamingComponentsUnregistrationGranularity:5]]
[2020.03.02-14.29.47:413][  0]LogConfig: Setting CVar [[s.FlushStreamingOnExit:1]]
[2020.03.02-14.29.47:413][  0]LogConfig: Applying CVar settings from Section [/Script/Engine.GarbageCollectionSettings] File [C:/Users/adria/Desktop/Projectes Unreal/GitHub/Unreal_Project/Unreal_Project/Saved/Config/Windows/Engine.ini]
[2020.03.02-14.29.47:413][  0]LogConfig: Setting CVar [[gc.MaxObjectsNotConsideredByGC:1]]
[2020.03.02-14.29.47:413][  0]LogConfig: Setting CVar [[gc.SizeOfPermanentObjectPool:0]]
[2020.03.02-14.29.47:413][  0]LogConfig: Setting CVar [[gc.FlushStreamingOnGC:0]]
[2020.03.02-14.29.47:413][  0]LogConfig: Setting CVar [[gc.NumRetriesBeforeForcingGC:10]]
[2020.03.02-14.29.47:413][  0]LogConfig: Setting CVar [[gc.AllowParallelGC:1]]
[2020.03.02-14.29.47:413][  0]LogConfig: Setting CVar [[gc.TimeBetweenPurgingPendingKillObjects:61.1]]
[2020.03.02-14.29.47:413][  0]LogConfig: Setting CVar [[gc.MaxObjectsInEditor:25165824]]
[2020.03.02-14.29.47:413][  0]LogConfig: Setting CVar [[gc.IncrementalBeginDestroyEnabled:1]]
[2020.03.02-14.29.47:413][  0]LogConfig: Setting CVar [[gc.CreateGCClusters:1]]
[2020.03.02-14.29.47:413][  0]LogConfig: Setting CVar [[gc.MinGCClusterSize:5]]
[2020.03.02-14.29.47:413][  0]LogConfig: Setting CVar [[gc.ActorClusteringEnabled:0]]
[2020.03.02-14.29.47:413][  0]LogConfig: Setting CVar [[gc.BlueprintClusteringEnabled:0]]
[2020.03.02-14.29.47:413][  0]LogConfig: Setting CVar [[gc.UseDisregardForGCOnDedicatedServers:0]]
[2020.03.02-14.29.47:413][  0]LogConfig: Applying CVar settings from Section [/Script/Engine.NetworkSettings] File [C:/Users/adria/Desktop/Projectes Unreal/GitHub/Unreal_Project/Unreal_Project/Saved/Config/Windows/Engine.ini]
[2020.03.02-14.29.47:413][  0]LogConfig: Applying CVar settings from Section [/Script/UnrealEd.CookerSettings] File [C:/Users/adria/Desktop/Projectes Unreal/GitHub/Unreal_Project/Unreal_Project/Saved/Config/Windows/Engine.ini]
[2020.03.02-14.29.47:415][  0]LogConfig: Applying CVar settings from Section [ViewDistanceQuality@3] File [C:/Users/adria/Desktop/Projectes Unreal/GitHub/Unreal_Project/Unreal_Project/Saved/Config/Windows/Scalability.ini]
[2020.03.02-14.29.47:415][  0]LogConfig: Setting CVar [[r.SkeletalMeshLODBias:0]]
[2020.03.02-14.29.47:415][  0]LogConfig: Setting CVar [[r.ViewDistanceScale:1.0]]
[2020.03.02-14.29.47:415][  0]LogConfig: Applying CVar settings from Section [AntiAliasingQuality@3] File [C:/Users/adria/Desktop/Projectes Unreal/GitHub/Unreal_Project/Unreal_Project/Saved/Config/Windows/Scalability.ini]
[2020.03.02-14.29.47:415][  0]LogConfig: Setting CVar [[r.PostProcessAAQuality:4]]
[2020.03.02-14.29.47:415][  0]LogConfig: Applying CVar settings from Section [ShadowQuality@3] File [C:/Users/adria/Desktop/Projectes Unreal/GitHub/Unreal_Project/Unreal_Project/Saved/Config/Windows/Scalability.ini]
[2020.03.02-14.29.47:415][  0]LogConfig: Setting CVar [[r.LightFunctionQuality:1]]
[2020.03.02-14.29.47:415][  0]LogConfig: Setting CVar [[r.ShadowQuality:5]]
[2020.03.02-14.29.47:415][  0]LogConfig: Setting CVar [[r.Shadow.CSM.MaxCascades:10]]
[2020.03.02-14.29.47:415][  0]LogConfig: Setting CVar [[r.Shadow.MaxResolution:2048]]
[2020.03.02-14.29.47:415][  0]LogConfig: Setting CVar [[r.Shadow.MaxCSMResolution:2048]]
[2020.03.02-14.29.47:415][  0]LogConfig: Setting CVar [[r.Shadow.RadiusThreshold:0.01]]
[2020.03.02-14.29.47:415][  0]LogConfig: Setting CVar [[r.Shadow.DistanceScale:1.0]]
[2020.03.02-14.29.47:415][  0]LogConfig: Setting CVar [[r.Shadow.CSM.TransitionScale:1.0]]
[2020.03.02-14.29.47:415][  0]LogConfig: Setting CVar [[r.Shadow.PreShadowResolutionFactor:1.0]]
[2020.03.02-14.29.47:415][  0]LogConfig: Setting CVar [[r.DistanceFieldShadowing:1]]
[2020.03.02-14.29.47:415][  0]LogConfig: Setting CVar [[r.DistanceFieldAO:1]]
[2020.03.02-14.29.47:415][  0]LogConfig: Setting CVar [[r.AOQuality:2]]
[2020.03.02-14.29.47:415][  0]LogConfig: Setting CVar [[r.VolumetricFog:1]]
[2020.03.02-14.29.47:415][  0]LogConfig: Setting CVar [[r.VolumetricFog.GridPixelSize:8]]
[2020.03.02-14.29.47:415][  0]LogConfig: Setting CVar [[r.VolumetricFog.GridSizeZ:128]]
[2020.03.02-14.29.47:415][  0]LogConfig: Setting CVar [[r.VolumetricFog.HistoryMissSupersampleCount:4]]
[2020.03.02-14.29.47:415][  0]LogConfig: Setting CVar [[r.LightMaxDrawDistanceScale:1]]
[2020.03.02-14.29.47:415][  0]LogConfig: Setting CVar [[r.CapsuleShadows:1]]
[2020.03.02-14.29.47:415][  0]LogConfig: Applying CVar settings from Section [PostProcessQuality@3] File [C:/Users/adria/Desktop/Projectes Unreal/GitHub/Unreal_Project/Unreal_Project/Saved/Config/Windows/Scalability.ini]
[2020.03.02-14.29.47:415][  0]LogConfig: Setting CVar [[r.MotionBlurQuality:4]]
[2020.03.02-14.29.47:415][  0]LogConfig: Setting CVar [[r.AmbientOcclusionMipLevelFactor:0.4]]
[2020.03.02-14.29.47:415][  0]LogConfig: Setting CVar [[r.AmbientOcclusionMaxQuality:100]]
[2020.03.02-14.29.47:415][  0]LogConfig: Setting CVar [[r.AmbientOcclusionLevels:-1]]
[2020.03.02-14.29.47:415][  0]LogConfig: Setting CVar [[r.AmbientOcclusionRadiusScale:1.0]]
[2020.03.02-14.29.47:415][  0]LogConfig: Setting CVar [[r.DepthOfFieldQuality:2]]
[2020.03.02-14.29.47:415][  0]LogConfig: Setting CVar [[r.RenderTargetPoolMin:400]]
[2020.03.02-14.29.47:415][  0]LogConfig: Setting CVar [[r.LensFlareQuality:2]]
[2020.03.02-14.29.47:415][  0]LogConfig: Setting CVar [[r.SceneColorFringeQuality:1]]
[2020.03.02-14.29.47:415][  0]LogConfig: Setting CVar [[r.EyeAdaptationQuality:2]]
[2020.03.02-14.29.47:415][  0]LogConfig: Setting CVar [[r.BloomQuality:5]]
[2020.03.02-14.29.47:415][  0]LogConfig: Setting CVar [[r.FastBlurThreshold:100]]
[2020.03.02-14.29.47:415][  0]LogConfig: Setting CVar [[r.Upscale.Quality:3]]
[2020.03.02-14.29.47:415][  0]LogConfig: Setting CVar [[r.Tonemapper.GrainQuantization:1]]
[2020.03.02-14.29.47:416][  0]LogConfig: Setting CVar [[r.LightShaftQuality:1]]
[2020.03.02-14.29.47:416][  0]LogConfig: Setting CVar [[r.Filter.SizeScale:1]]
[2020.03.02-14.29.47:416][  0]LogConfig: Setting CVar [[r.Tonemapper.Quality:5]]
[2020.03.02-14.29.47:416][  0]LogConfig: Setting CVar [[r.DOF.Gather.AccumulatorQuality:1        ; higher gathering accumulator quality]]
[2020.03.02-14.29.47:416][  0]LogConfig: Setting CVar [[r.DOF.Gather.PostfilterMethod:1          ; Median3x3 postfilering method]]
[2020.03.02-14.29.47:416][  0]LogConfig: Setting CVar [[r.DOF.Gather.EnableBokehSettings:0       ; no bokeh simulation when gathering]]
[2020.03.02-14.29.47:416][  0]LogConfig: Setting CVar [[r.DOF.Gather.RingCount:4                 ; medium number of samples when gathering]]
[2020.03.02-14.29.47:416][  0]LogConfig: Setting CVar [[r.DOF.Scatter.ForegroundCompositing:1    ; additive foreground scattering]]
[2020.03.02-14.29.47:416][  0]LogConfig: Setting CVar [[r.DOF.Scatter.BackgroundCompositing:2    ; additive background scattering]]
[2020.03.02-14.29.47:416][  0]LogConfig: Setting CVar [[r.DOF.Scatter.EnableBokehSettings:1      ; bokeh simulation when scattering]]
[2020.03.02-14.29.47:416][  0]LogConfig: Setting CVar [[r.DOF.Scatter.MaxSpriteRatio:0.1         ; only a maximum of 10% of scattered bokeh]]
[2020.03.02-14.29.47:416][  0]LogConfig: Setting CVar [[r.DOF.Recombine.Quality:1                ; cheap slight out of focus]]
[2020.03.02-14.29.47:416][  0]LogConfig: Setting CVar [[r.DOF.Recombine.EnableBokehSettings:0    ; no bokeh simulation on slight out of focus]]
[2020.03.02-14.29.47:416][  0]LogConfig: Setting CVar [[r.DOF.TemporalAAQuality:1                ; more stable temporal accumulation]]
[2020.03.02-14.29.47:416][  0]LogConfig: Setting CVar [[r.DOF.Kernel.MaxForegroundRadius:0.025]]
[2020.03.02-14.29.47:416][  0]LogConfig: Setting CVar [[r.DOF.Kernel.MaxBackgroundRadius:0.025]]
[2020.03.02-14.29.47:416][  0]LogConfig: Applying CVar settings from Section [TextureQuality@3] File [C:/Users/adria/Desktop/Projectes Unreal/GitHub/Unreal_Project/Unreal_Project/Saved/Config/Windows/Scalability.ini]
[2020.03.02-14.29.47:416][  0]LogConfig: Setting CVar [[r.Streaming.MipBias:0]]
[2020.03.02-14.29.47:416][  0]LogConfig: Setting CVar [[r.Streaming.AmortizeCPUToGPUCopy:0]]
[2020.03.02-14.29.47:416][  0]LogConfig: Setting CVar [[r.Streaming.MaxNumTexturesToStreamPerFrame:0]]
[2020.03.02-14.29.47:416][  0]LogConfig: Setting CVar [[r.Streaming.Boost:1]]
[2020.03.02-14.29.47:416][  0]LogConfig: Setting CVar [[r.MaxAnisotropy:8]]
[2020.03.02-14.29.47:416][  0]LogConfig: Setting CVar [[r.VT.MaxAnisotropy:8]]
[2020.03.02-14.29.47:416][  0]LogConfig: Setting CVar [[r.Streaming.LimitPoolSizeToVRAM:0]]
[2020.03.02-14.29.47:416][  0]LogConfig: Setting CVar [[r.Streaming.PoolSize:1000]]
[2020.03.02-14.29.47:416][  0]LogConfig: Setting CVar [[r.Streaming.MaxEffectiveScreenSize:0]]
[2020.03.02-14.29.47:416][  0]LogConfig: Applying CVar settings from Section [EffectsQuality@3] File [C:/Users/adria/Desktop/Projectes Unreal/GitHub/Unreal_Project/Unreal_Project/Saved/Config/Windows/Scalability.ini]
[2020.03.02-14.29.47:416][  0]LogConfig: Setting CVar [[r.TranslucencyLightingVolumeDim:64]]
[2020.03.02-14.29.47:416][  0]LogConfig: Setting CVar [[r.RefractionQuality:2]]
[2020.03.02-14.29.47:416][  0]LogConfig: Setting CVar [[r.SSR.Quality:3]]
[2020.03.02-14.29.47:416][  0]LogConfig: Setting CVar [[r.SSR.HalfResSceneColor:0]]
[2020.03.02-14.29.47:416][  0]LogConfig: Setting CVar [[r.SceneColorFormat:4]]
[2020.03.02-14.29.47:416][  0]LogConfig: Setting CVar [[r.DetailMode:2]]
[2020.03.02-14.29.47:416][  0]LogConfig: Setting CVar [[r.TranslucencyVolumeBlur:1]]
[2020.03.02-14.29.47:416][  0]LogConfig: Setting CVar [[r.MaterialQualityLevel:1 ; High quality]]
[2020.03.02-14.29.47:416][  0]LogConfig: Setting CVar [[r.SSS.Scale:1]]
[2020.03.02-14.29.47:416][  0]LogConfig: Setting CVar [[r.SSS.SampleSet:2]]
[2020.03.02-14.29.47:416][  0]LogConfig: Setting CVar [[r.SSS.Quality:1]]
[2020.03.02-14.29.47:416][  0]LogConfig: Setting CVar [[r.SSS.HalfRes:1]]
[2020.03.02-14.29.47:416][  0]LogConfig: Setting CVar [[r.SSGI.Quality:3]]
[2020.03.02-14.29.47:416][  0]LogConfig: Setting CVar [[r.EmitterSpawnRateScale:1.0]]
[2020.03.02-14.29.47:416][  0]LogConfig: Setting CVar [[r.ParticleLightQuality:2]]
[2020.03.02-14.29.47:416][  0]LogConfig: Setting CVar [[r.SkyAtmosphere.AerialPerspectiveLUT.FastApplyOnOpaque:1 ; Always have FastSkyLUT 1 in this case to avoid wrong sky]]
[2020.03.02-14.29.47:416][  0]LogConfig: Setting CVar [[r.SkyAtmosphere.AerialPerspectiveLUT.SampleCountPerSlice:1]]
[2020.03.02-14.29.47:416][  0]LogConfig: Setting CVar [[r.SkyAtmosphere.AerialPerspectiveLUT.DepthResolution:16.0]]
[2020.03.02-14.29.47:416][  0]LogConfig: Setting CVar [[r.SkyAtmosphere.FastSkyLUT:1]]
[2020.03.02-14.29.47:416][  0]LogConfig: Setting CVar [[r.SkyAtmosphere.FastSkyLUT.SampleCountMin:4.0]]
[2020.03.02-14.29.47:416][  0]LogConfig: Setting CVar [[r.SkyAtmosphere.FastSkyLUT.SampleCountMax:32.0]]
[2020.03.02-14.29.47:416][  0]LogConfig: Setting CVar [[r.SkyAtmosphere.SampleCountMin:4.0]]
[2020.03.02-14.29.47:416][  0]LogConfig: Setting CVar [[r.SkyAtmosphere.SampleCountMax:32.0]]
[2020.03.02-14.29.47:416][  0]LogConfig: Setting CVar [[r.SkyAtmosphere.TransmittanceLUT.UseSmallFormat:0]]
[2020.03.02-14.29.47:416][  0]LogConfig: Setting CVar [[r.SkyAtmosphere.TransmittanceLUT.SampleCount:10.0]]
[2020.03.02-14.29.47:416][  0]LogConfig: Setting CVar [[r.SkyAtmosphere.MultiScatteringLUT.SampleCount:15.0]]
[2020.03.02-14.29.47:416][  0]LogConfig: Applying CVar settings from Section [FoliageQuality@3] File [C:/Users/adria/Desktop/Projectes Unreal/GitHub/Unreal_Project/Unreal_Project/Saved/Config/Windows/Scalability.ini]
[2020.03.02-14.29.47:416][  0]LogConfig: Setting CVar [[foliage.DensityScale:1.0]]
[2020.03.02-14.29.47:416][  0]LogConfig: Setting CVar [[grass.DensityScale:1.0]]
[2020.03.02-14.29.47:416][  0]LogConfig: Applying CVar settings from Section [ShadingQuality@3] File [C:/Users/adria/Desktop/Projectes Unreal/GitHub/Unreal_Project/Unreal_Project/Saved/Config/Windows/Scalability.ini]
[2020.03.02-14.29.47:416][  0]LogConfig: Setting CVar [[r.HairStrands.SkyLighting.SampleCount:16]]
[2020.03.02-14.29.47:416][  0]LogConfig: Setting CVar [[r.HairStrands.SkyLighting.JitterIntegration:0]]
[2020.03.02-14.29.47:416][  0]LogConfig: Setting CVar [[r.HairStrands.SkyAO.SampleCount:16]]
[2020.03.02-14.29.47:416][  0]LogInit: Selected Device Profile: [Windows]
[2020.03.02-14.29.47:416][  0]LogInit: Applying CVar settings loaded from the selected device profile: [Windows]
[2020.03.02-14.29.47:424][  0]LogHAL: Display: Platform has ~ 8 GB [8424574976 / 8589934592 / 8], which maps to Default [LargestMinGB=32, LargerMinGB=12, DefaultMinGB=8, SmallerMinGB=6, SmallestMinGB=0)
[2020.03.02-14.29.47:424][  0]LogInit: Going up to parent DeviceProfile []
[2020.03.02-14.29.47:424][  0]LogConfig: Applying CVar settings from Section [ViewDistanceQuality@3] File [C:/Users/adria/Desktop/Projectes Unreal/GitHub/Unreal_Project/Unreal_Project/Saved/Config/Windows/Scalability.ini]
[2020.03.02-14.29.47:424][  0]LogConfig: Setting CVar [[r.SkeletalMeshLODBias:0]]
[2020.03.02-14.29.47:424][  0]LogConfig: Setting CVar [[r.ViewDistanceScale:1.0]]
[2020.03.02-14.29.47:424][  0]LogConfig: Applying CVar settings from Section [AntiAliasingQuality@3] File [C:/Users/adria/Desktop/Projectes Unreal/GitHub/Unreal_Project/Unreal_Project/Saved/Config/Windows/Scalability.ini]
[2020.03.02-14.29.47:424][  0]LogConfig: Setting CVar [[r.PostProcessAAQuality:4]]
[2020.03.02-14.29.47:424][  0]LogConfig: Applying CVar settings from Section [ShadowQuality@3] File [C:/Users/adria/Desktop/Projectes Unreal/GitHub/Unreal_Project/Unreal_Project/Saved/Config/Windows/Scalability.ini]
[2020.03.02-14.29.47:424][  0]LogConfig: Setting CVar [[r.LightFunctionQuality:1]]
[2020.03.02-14.29.47:424][  0]LogConfig: Setting CVar [[r.ShadowQuality:5]]
[2020.03.02-14.29.47:424][  0]LogConfig: Setting CVar [[r.Shadow.CSM.MaxCascades:10]]
[2020.03.02-14.29.47:424][  0]LogConfig: Setting CVar [[r.Shadow.MaxResolution:2048]]
[2020.03.02-14.29.47:424][  0]LogConfig: Setting CVar [[r.Shadow.MaxCSMResolution:2048]]
[2020.03.02-14.29.47:424][  0]LogConfig: Setting CVar [[r.Shadow.RadiusThreshold:0.01]]
[2020.03.02-14.29.47:424][  0]LogConfig: Setting CVar [[r.Shadow.DistanceScale:1.0]]
[2020.03.02-14.29.47:424][  0]LogConfig: Setting CVar [[r.Shadow.CSM.TransitionScale:1.0]]
[2020.03.02-14.29.47:424][  0]LogConfig: Setting CVar [[r.Shadow.PreShadowResolutionFactor:1.0]]
[2020.03.02-14.29.47:424][  0]LogConfig: Setting CVar [[r.DistanceFieldShadowing:1]]
[2020.03.02-14.29.47:424][  0]LogConfig: Setting CVar [[r.DistanceFieldAO:1]]
[2020.03.02-14.29.47:424][  0]LogConfig: Setting CVar [[r.AOQuality:2]]
[2020.03.02-14.29.47:424][  0]LogConfig: Setting CVar [[r.VolumetricFog:1]]
[2020.03.02-14.29.47:424][  0]LogConfig: Setting CVar [[r.VolumetricFog.GridPixelSize:8]]
[2020.03.02-14.29.47:424][  0]LogConfig: Setting CVar [[r.VolumetricFog.GridSizeZ:128]]
[2020.03.02-14.29.47:424][  0]LogConfig: Setting CVar [[r.VolumetricFog.HistoryMissSupersampleCount:4]]
[2020.03.02-14.29.47:424][  0]LogConfig: Setting CVar [[r.LightMaxDrawDistanceScale:1]]
[2020.03.02-14.29.47:424][  0]LogConfig: Setting CVar [[r.CapsuleShadows:1]]
[2020.03.02-14.29.47:424][  0]LogConfig: Applying CVar settings from Section [PostProcessQuality@3] File [C:/Users/adria/Desktop/Projectes Unreal/GitHub/Unreal_Project/Unreal_Project/Saved/Config/Windows/Scalability.ini]
[2020.03.02-14.29.47:424][  0]LogConfig: Setting CVar [[r.MotionBlurQuality:4]]
[2020.03.02-14.29.47:424][  0]LogConfig: Setting CVar [[r.AmbientOcclusionMipLevelFactor:0.4]]
[2020.03.02-14.29.47:424][  0]LogConfig: Setting CVar [[r.AmbientOcclusionMaxQuality:100]]
[2020.03.02-14.29.47:424][  0]LogConfig: Setting CVar [[r.AmbientOcclusionLevels:-1]]
[2020.03.02-14.29.47:424][  0]LogConfig: Setting CVar [[r.AmbientOcclusionRadiusScale:1.0]]
[2020.03.02-14.29.47:424][  0]LogConfig: Setting CVar [[r.DepthOfFieldQuality:2]]
[2020.03.02-14.29.47:424][  0]LogConfig: Setting CVar [[r.RenderTargetPoolMin:400]]
[2020.03.02-14.29.47:424][  0]LogConfig: Setting CVar [[r.LensFlareQuality:2]]
[2020.03.02-14.29.47:424][  0]LogConfig: Setting CVar [[r.SceneColorFringeQuality:1]]
[2020.03.02-14.29.47:424][  0]LogConfig: Setting CVar [[r.EyeAdaptationQuality:2]]
[2020.03.02-14.29.47:424][  0]LogConfig: Setting CVar [[r.BloomQuality:5]]
[2020.03.02-14.29.47:424][  0]LogConfig: Setting CVar [[r.FastBlurThreshold:100]]
[2020.03.02-14.29.47:424][  0]LogConfig: Setting CVar [[r.Upscale.Quality:3]]
[2020.03.02-14.29.47:424][  0]LogConfig: Setting CVar [[r.Tonemapper.GrainQuantization:1]]
[2020.03.02-14.29.47:424][  0]LogConfig: Setting CVar [[r.LightShaftQuality:1]]
[2020.03.02-14.29.47:424][  0]LogConfig: Setting CVar [[r.Filter.SizeScale:1]]
[2020.03.02-14.29.47:424][  0]LogConfig: Setting CVar [[r.Tonemapper.Quality:5]]
[2020.03.02-14.29.47:424][  0]LogConfig: Setting CVar [[r.DOF.Gather.AccumulatorQuality:1        ; higher gathering accumulator quality]]
[2020.03.02-14.29.47:424][  0]LogConfig: Setting CVar [[r.DOF.Gather.PostfilterMethod:1          ; Median3x3 postfilering method]]
[2020.03.02-14.29.47:424][  0]LogConfig: Setting CVar [[r.DOF.Gather.EnableBokehSettings:0       ; no bokeh simulation when gathering]]
[2020.03.02-14.29.47:424][  0]LogConfig: Setting CVar [[r.DOF.Gather.RingCount:4                 ; medium number of samples when gathering]]
[2020.03.02-14.29.47:424][  0]LogConfig: Setting CVar [[r.DOF.Scatter.ForegroundCompositing:1    ; additive foreground scattering]]
[2020.03.02-14.29.47:424][  0]LogConfig: Setting CVar [[r.DOF.Scatter.BackgroundCompositing:2    ; additive background scattering]]
[2020.03.02-14.29.47:424][  0]LogConfig: Setting CVar [[r.DOF.Scatter.EnableBokehSettings:1      ; bokeh simulation when scattering]]
[2020.03.02-14.29.47:424][  0]LogConfig: Setting CVar [[r.DOF.Scatter.MaxSpriteRatio:0.1         ; only a maximum of 10% of scattered bokeh]]
[2020.03.02-14.29.47:424][  0]LogConfig: Setting CVar [[r.DOF.Recombine.Quality:1                ; cheap slight out of focus]]
[2020.03.02-14.29.47:424][  0]LogConfig: Setting CVar [[r.DOF.Recombine.EnableBokehSettings:0    ; no bokeh simulation on slight out of focus]]
[2020.03.02-14.29.47:424][  0]LogConfig: Setting CVar [[r.DOF.TemporalAAQuality:1                ; more stable temporal accumulation]]
[2020.03.02-14.29.47:424][  0]LogConfig: Setting CVar [[r.DOF.Kernel.MaxForegroundRadius:0.025]]
[2020.03.02-14.29.47:424][  0]LogConfig: Setting CVar [[r.DOF.Kernel.MaxBackgroundRadius:0.025]]
[2020.03.02-14.29.47:424][  0]LogConfig: Applying CVar settings from Section [TextureQuality@3] File [C:/Users/adria/Desktop/Projectes Unreal/GitHub/Unreal_Project/Unreal_Project/Saved/Config/Windows/Scalability.ini]
[2020.03.02-14.29.47:424][  0]LogConfig: Setting CVar [[r.Streaming.MipBias:0]]
[2020.03.02-14.29.47:424][  0]LogConfig: Setting CVar [[r.Streaming.AmortizeCPUToGPUCopy:0]]
[2020.03.02-14.29.47:424][  0]LogConfig: Setting CVar [[r.Streaming.MaxNumTexturesToStreamPerFrame:0]]
[2020.03.02-14.29.47:424][  0]LogConfig: Setting CVar [[r.Streaming.Boost:1]]
[2020.03.02-14.29.47:424][  0]LogConfig: Setting CVar [[r.MaxAnisotropy:8]]
[2020.03.02-14.29.47:424][  0]LogConfig: Setting CVar [[r.VT.MaxAnisotropy:8]]
[2020.03.02-14.29.47:424][  0]LogConfig: Setting CVar [[r.Streaming.LimitPoolSizeToVRAM:0]]
[2020.03.02-14.29.47:424][  0]LogConfig: Setting CVar [[r.Streaming.PoolSize:1000]]
[2020.03.02-14.29.47:424][  0]LogConfig: Setting CVar [[r.Streaming.MaxEffectiveScreenSize:0]]
[2020.03.02-14.29.47:424][  0]LogConfig: Applying CVar settings from Section [EffectsQuality@3] File [C:/Users/adria/Desktop/Projectes Unreal/GitHub/Unreal_Project/Unreal_Project/Saved/Config/Windows/Scalability.ini]
[2020.03.02-14.29.47:424][  0]LogConfig: Setting CVar [[r.TranslucencyLightingVolumeDim:64]]
[2020.03.02-14.29.47:425][  0]LogConfig: Setting CVar [[r.RefractionQuality:2]]
[2020.03.02-14.29.47:425][  0]LogConfig: Setting CVar [[r.SSR.Quality:3]]
[2020.03.02-14.29.47:425][  0]LogConfig: Setting CVar [[r.SSR.HalfResSceneColor:0]]
[2020.03.02-14.29.47:425][  0]LogConfig: Setting CVar [[r.SceneColorFormat:4]]
[2020.03.02-14.29.47:425][  0]LogConfig: Setting CVar [[r.DetailMode:2]]
[2020.03.02-14.29.47:425][  0]LogConfig: Setting CVar [[r.TranslucencyVolumeBlur:1]]
[2020.03.02-14.29.47:425][  0]LogConfig: Setting CVar [[r.MaterialQualityLevel:1 ; High quality]]
[2020.03.02-14.29.47:425][  0]LogConfig: Setting CVar [[r.SSS.Scale:1]]
[2020.03.02-14.29.47:425][  0]LogConfig: Setting CVar [[r.SSS.SampleSet:2]]
[2020.03.02-14.29.47:425][  0]LogConfig: Setting CVar [[r.SSS.Quality:1]]
[2020.03.02-14.29.47:425][  0]LogConfig: Setting CVar [[r.SSS.HalfRes:1]]
[2020.03.02-14.29.47:425][  0]LogConfig: Setting CVar [[r.SSGI.Quality:3]]
[2020.03.02-14.29.47:425][  0]LogConfig: Setting CVar [[r.EmitterSpawnRateScale:1.0]]
[2020.03.02-14.29.47:425][  0]LogConfig: Setting CVar [[r.ParticleLightQuality:2]]
[2020.03.02-14.29.47:425][  0]LogConfig: Setting CVar [[r.SkyAtmosphere.AerialPerspectiveLUT.FastApplyOnOpaque:1 ; Always have FastSkyLUT 1 in this case to avoid wrong sky]]
[2020.03.02-14.29.47:425][  0]LogConfig: Setting CVar [[r.SkyAtmosphere.AerialPerspectiveLUT.SampleCountPerSlice:1]]
[2020.03.02-14.29.47:425][  0]LogConfig: Setting CVar [[r.SkyAtmosphere.AerialPerspectiveLUT.DepthResolution:16.0]]
[2020.03.02-14.29.47:425][  0]LogConfig: Setting CVar [[r.SkyAtmosphere.FastSkyLUT:1]]
[2020.03.02-14.29.47:425][  0]LogConfig: Setting CVar [[r.SkyAtmosphere.FastSkyLUT.SampleCountMin:4.0]]
[2020.03.02-14.29.47:425][  0]LogConfig: Setting CVar [[r.SkyAtmosphere.FastSkyLUT.SampleCountMax:32.0]]
[2020.03.02-14.29.47:425][  0]LogConfig: Setting CVar [[r.SkyAtmosphere.SampleCountMin:4.0]]
[2020.03.02-14.29.47:425][  0]LogConfig: Setting CVar [[r.SkyAtmosphere.SampleCountMax:32.0]]
[2020.03.02-14.29.47:425][  0]LogConfig: Setting CVar [[r.SkyAtmosphere.TransmittanceLUT.UseSmallFormat:0]]
[2020.03.02-14.29.47:425][  0]LogConfig: Setting CVar [[r.SkyAtmosphere.TransmittanceLUT.SampleCount:10.0]]
[2020.03.02-14.29.47:425][  0]LogConfig: Setting CVar [[r.SkyAtmosphere.MultiScatteringLUT.SampleCount:15.0]]
[2020.03.02-14.29.47:425][  0]LogConfig: Applying CVar settings from Section [FoliageQuality@3] File [C:/Users/adria/Desktop/Projectes Unreal/GitHub/Unreal_Project/Unreal_Project/Saved/Config/Windows/Scalability.ini]
[2020.03.02-14.29.47:425][  0]LogConfig: Setting CVar [[foliage.DensityScale:1.0]]
[2020.03.02-14.29.47:425][  0]LogConfig: Setting CVar [[grass.DensityScale:1.0]]
[2020.03.02-14.29.47:425][  0]LogConfig: Applying CVar settings from Section [ShadingQuality@3] File [C:/Users/adria/Desktop/Projectes Unreal/GitHub/Unreal_Project/Unreal_Project/Saved/Config/Windows/Scalability.ini]
[2020.03.02-14.29.47:425][  0]LogConfig: Setting CVar [[r.HairStrands.SkyLighting.SampleCount:16]]
[2020.03.02-14.29.47:425][  0]LogConfig: Setting CVar [[r.HairStrands.SkyLighting.JitterIntegration:0]]
[2020.03.02-14.29.47:425][  0]LogConfig: Setting CVar [[r.HairStrands.SkyAO.SampleCount:16]]
[2020.03.02-14.29.47:425][  0]LogConfig: Applying CVar settings from Section [Startup] File [../../../Engine/Config/ConsoleVariables.ini]
[2020.03.02-14.29.47:429][  0]LogConfig: Setting CVar [[net.UseAdaptiveNetUpdateFrequency:0]]
[2020.03.02-14.29.47:430][  0]LogConfig: Setting CVar [[p.chaos.AllowCreatePhysxBodies:1]]
[2020.03.02-14.29.47:430][  0]LogConfig: Applying CVar settings from Section [ConsoleVariables] File [C:/Users/adria/Desktop/Projectes Unreal/GitHub/Unreal_Project/Unreal_Project/Saved/Config/Windows/Engine.ini]
[2020.03.02-14.29.47:430][  0]LogInit: Computer: LAPTOP-NI3JV54U
[2020.03.02-14.29.47:430][  0]LogInit: User: adria
[2020.03.02-14.29.47:430][  0]LogInit: CPU Page size=4096, Cores=6
[2020.03.02-14.29.47:430][  0]LogInit: High frequency timer resolution =10.000000 MHz
[2020.03.02-14.29.47:430][  0]LogMemory: Memory total: Physical=7.8GB (8GB approx)
[2020.03.02-14.29.47:430][  0]LogMemory: Platform Memory Stats for Windows
[2020.03.02-14.29.47:430][  0]LogMemory: Process Physical Memory: 106.82 MB used, 106.82 MB peak
[2020.03.02-14.29.47:430][  0]LogMemory: Process Virtual Memory: 101.39 MB used, 101.39 MB peak
[2020.03.02-14.29.47:430][  0]LogMemory: Physical Memory: 5639.89 MB used,  2394.41 MB free, 8034.30 MB total
[2020.03.02-14.29.47:430][  0]LogMemory: Virtual Memory: 5159.22 MB used,  134212568.00 MB free, 134217728.00 MB total
[2020.03.02-14.29.47:433][  0]LogWindows: WindowsPlatformFeatures enabled
[2020.03.02-14.29.47:559][  0]LogInit: Using OS detected language (ca-ES).
[2020.03.02-14.29.47:559][  0]LogInit: Using OS detected locale (ca-ES).
[2020.03.02-14.29.47:560][  0]LogTextLocalizationManager: No localization for 'ca-ES' exists, so 'en' will be used for the language.
[2020.03.02-14.29.47:739][  0]LogInit: Setting process to per monitor DPI aware
[2020.03.02-14.29.47:794][  0]LogSlate: New Slate User Created.  User Index 0, Is Virtual User: 0
[2020.03.02-14.29.47:794][  0]LogSlate: Slate User Registered.  User Index 0, Is Virtual User: 0
[2020.03.02-14.29.49:634][  0]LogHMD: Failed to initialize OpenVR with code 110
[2020.03.02-14.29.49:634][  0]LogD3D11RHI: D3D11 min allowed feature level: 11_0
[2020.03.02-14.29.49:634][  0]LogD3D11RHI: D3D11 max allowed feature level: 11_0
[2020.03.02-14.29.49:634][  0]LogD3D11RHI: D3D11 adapters:
[2020.03.02-14.29.49:694][  0]LogD3D11RHI:    0. 'NVIDIA GeForce GTX 1060' (Feature Level 11_0)
[2020.03.02-14.29.49:694][  0]LogD3D11RHI:       6052/0/4017 MB DedicatedVideo/DedicatedSystem/SharedSystem, Outputs:1, VendorId:0x10de
[2020.03.02-14.29.49:707][  0]LogD3D11RHI:    1. 'Intel(R) UHD Graphics 630' (Feature Level 11_0)
[2020.03.02-14.29.49:707][  0]LogD3D11RHI:       128/0/4017 MB DedicatedVideo/DedicatedSystem/SharedSystem, Outputs:0, VendorId:0x8086
[2020.03.02-14.29.49:709][  0]LogD3D11RHI:    2. 'Microsoft Basic Render Driver' (Feature Level 11_0)
[2020.03.02-14.29.49:709][  0]LogD3D11RHI:       0/0/4017 MB DedicatedVideo/DedicatedSystem/SharedSystem, Outputs:0, VendorId:0x1414
[2020.03.02-14.29.49:709][  0]LogD3D11RHI: Chosen D3D11 Adapter: 0
[2020.03.02-14.29.49:738][  0]LogD3D11RHI: Creating new Direct3DDevice
[2020.03.02-14.29.49:739][  0]LogD3D11RHI:     GPU DeviceId: 0x1c20 (for the marketing name, search the web for "GPU Device Id")
[2020.03.02-14.29.49:739][  0]LogWindows: EnumDisplayDevices:
[2020.03.02-14.29.49:739][  0]LogWindows:    0. 'Intel(R) UHD Graphics 630' (P:1 D:1)
[2020.03.02-14.29.49:739][  0]LogWindows:    1. 'Intel(R) UHD Graphics 630' (P:0 D:0)
[2020.03.02-14.29.49:739][  0]LogWindows:    2. 'Intel(R) UHD Graphics 630' (P:0 D:0)
[2020.03.02-14.29.49:739][  0]LogWindows:    3. 'NVIDIA GeForce GTX 1060' (P:0 D:0)
[2020.03.02-14.29.49:740][  0]LogWindows: DebugString: PrimaryIsNotTheChoosenAdapter PrimaryIsNotTheChoosenAdapter PrimaryIsNotTheChoosenAdapter 
[2020.03.02-14.29.49:740][  0]LogD3D11RHI:     Adapter Name: NVIDIA GeForce GTX 1060
[2020.03.02-14.29.49:740][  0]LogD3D11RHI:   Driver Version: 419.72 (internal:25.21.14.1972, unified:419.72)
[2020.03.02-14.29.49:740][  0]LogD3D11RHI:      Driver Date: 3-18-2019
[2020.03.02-14.29.49:740][  0]LogRHI: Texture pool is 4236 MB (70% of 6052 MB)
[2020.03.02-14.29.49:774][  0]LogD3D11RHI: RHI has support for 64 bit atomics
[2020.03.02-14.29.49:774][  0]LogD3D11RHI: Async texture creation enabled
[2020.03.02-14.29.49:786][  0]LogD3D11RHI: GPU Timing Frequency: 1000.000000 (Debug: 2 1)
[2020.03.02-14.29.50:038][  0]LogTargetPlatformManager: Display: Loaded TargetPlatform 'AllDesktop'
[2020.03.02-14.29.50:065][  0]LogTargetPlatformManager: Display: Loaded TargetPlatform 'Android'
[2020.03.02-14.29.50:065][  0]LogTargetPlatformManager: Display: Loaded TargetPlatform 'Android_ASTC'
[2020.03.02-14.29.50:065][  0]LogTargetPlatformManager: Display: Loaded TargetPlatform 'Android_ATC'
[2020.03.02-14.29.50:065][  0]LogTargetPlatformManager: Display: Loaded TargetPlatform 'Android_DXT'
[2020.03.02-14.29.50:065][  0]LogTargetPlatformManager: Display: Loaded TargetPlatform 'Android_ETC1'
[2020.03.02-14.29.50:065][  0]LogTargetPlatformManager: Display: Loaded TargetPlatform 'Android_ETC1a'
[2020.03.02-14.29.50:065][  0]LogTargetPlatformManager: Display: Loaded TargetPlatform 'Android_ETC2'
[2020.03.02-14.29.50:065][  0]LogTargetPlatformManager: Display: Loaded TargetPlatform 'Android_PVRTC'
[2020.03.02-14.29.50:065][  0]LogTargetPlatformManager: Display: Loaded TargetPlatform 'AndroidClient'
[2020.03.02-14.29.50:065][  0]LogTargetPlatformManager: Display: Loaded TargetPlatform 'Android_ASTCClient'
[2020.03.02-14.29.50:065][  0]LogTargetPlatformManager: Display: Loaded TargetPlatform 'Android_ATCClient'
[2020.03.02-14.29.50:065][  0]LogTargetPlatformManager: Display: Loaded TargetPlatform 'Android_DXTClient'
[2020.03.02-14.29.50:065][  0]LogTargetPlatformManager: Display: Loaded TargetPlatform 'Android_ETC1Client'
[2020.03.02-14.29.50:065][  0]LogTargetPlatformManager: Display: Loaded TargetPlatform 'Android_ETC1aClient'
[2020.03.02-14.29.50:065][  0]LogTargetPlatformManager: Display: Loaded TargetPlatform 'Android_ETC2Client'
[2020.03.02-14.29.50:065][  0]LogTargetPlatformManager: Display: Loaded TargetPlatform 'Android_PVRTCClient'
[2020.03.02-14.29.50:065][  0]LogTargetPlatformManager: Display: Loaded TargetPlatform 'Android_Multi'
[2020.03.02-14.29.50:065][  0]LogTargetPlatformManager: Display: Loaded TargetPlatform 'Android_MultiClient'
[2020.03.02-14.29.50:082][  0]LogTargetPlatformManager: Display: Loaded TargetPlatform 'IOSClient'
[2020.03.02-14.29.50:082][  0]LogTargetPlatformManager: Display: Loaded TargetPlatform 'IOS'
[2020.03.02-14.29.50:089][  0]LogTargetPlatformManager: Display: Loaded TargetPlatform 'LinuxNoEditor'
[2020.03.02-14.29.50:095][  0]LogTargetPlatformManager: Display: Loaded TargetPlatform 'LinuxClient'
[2020.03.02-14.29.50:102][  0]LogTargetPlatformManager: Display: Loaded TargetPlatform 'LinuxServer'
[2020.03.02-14.29.50:109][  0]LogTargetPlatformManager: Display: Loaded TargetPlatform 'LinuxAArch64NoEditor'
[2020.03.02-14.29.50:116][  0]LogTargetPlatformManager: Display: Loaded TargetPlatform 'LinuxAArch64Client'
[2020.03.02-14.29.50:123][  0]LogTargetPlatformManager: Display: Loaded TargetPlatform 'LinuxAArch64Server'
[2020.03.02-14.29.50:146][  0]LogTargetPlatformManager: Display: Loaded TargetPlatform 'Lumin'
[2020.03.02-14.29.50:146][  0]LogTargetPlatformManager: Display: Loaded TargetPlatform 'LuminClient'
[2020.03.02-14.29.50:159][  0]LogTargetPlatformManager: Display: Loaded TargetPlatform 'TVOSClient'
[2020.03.02-14.29.50:159][  0]LogTargetPlatformManager: Display: Loaded TargetPlatform 'TVOS'
[2020.03.02-14.29.50:166][  0]LogTargetPlatformManager: Display: Loaded TargetPlatform 'WindowsNoEditor'
[2020.03.02-14.29.50:173][  0]LogTargetPlatformManager: Display: Loaded TargetPlatform 'Windows'
[2020.03.02-14.29.50:180][  0]LogTargetPlatformManager: Display: Loaded TargetPlatform 'WindowsClient'
[2020.03.02-14.29.50:187][  0]LogTargetPlatformManager: Display: Loaded TargetPlatform 'WindowsServer'
[2020.03.02-14.29.50:187][  0]LogTargetPlatformManager: Display: Building Assets For Windows
[2020.03.02-14.29.50:233][  0]LogAudioDebug: Display: Lib vorbis DLL was dynamically loaded.
[2020.03.02-14.29.50:275][  0]LogShaderCompilers: Guid format shader working directory is -46 characters bigger than the processId version (../../../../../../Users/adria/Desktop/Projectes Unreal/GitHub/Unreal_Project/Unreal_Project/Intermediate/Shaders/WorkingDirectory/14916/).
[2020.03.02-14.29.50:276][  0]LogShaderCompilers: Cleaned the shader compiler working directory 'C:/Users/adria/AppData/Local/Temp/UnrealShaderWorkingDir/5E2E696C46295A56E934D383151CA094/'.
[2020.03.02-14.29.50:276][  0]LogXGEController: Cannot use XGE Controller as Incredibuild is not installed on this machine.
[2020.03.02-14.29.50:276][  0]LogShaderCompilers: Cannot use XGE Shader Compiler as Incredibuild is not installed on this machine.
[2020.03.02-14.29.50:276][  0]LogShaderCompilers: Display: Using Local Shader Compiler.
[2020.03.02-14.29.51:044][  0]LogDerivedDataCache: Display: Max Cache Size: 512 MB
[2020.03.02-14.29.51:100][  0]LogDerivedDataCache: Loaded boot cache 0.06s 78MB C:/Users/adria/AppData/Local/UnrealEngine/4.24/DerivedDataCache/Boot.ddc.
[2020.03.02-14.29.51:100][  0]LogDerivedDataCache: Display: Loaded Boot cache: C:/Users/adria/AppData/Local/UnrealEngine/4.24/DerivedDataCache/Boot.ddc
[2020.03.02-14.29.51:100][  0]LogDerivedDataCache: FDerivedDataBackendGraph:  Pak pak cache file ../../../../../../Users/adria/Desktop/Projectes Unreal/GitHub/Unreal_Project/Unreal_Project/DerivedDataCache/DDC.ddp not found, will not use a pak cache.
[2020.03.02-14.29.51:100][  0]LogDerivedDataCache: Unable to find inner node Pak for hierarchical cache Hierarchy.
[2020.03.02-14.29.51:100][  0]LogDerivedDataCache: FDerivedDataBackendGraph:  CompressedPak pak cache file ../../../../../../Users/adria/Desktop/Projectes Unreal/GitHub/Unreal_Project/Unreal_Project/DerivedDataCache/Compressed.ddp not found, will not use a pak cache.
[2020.03.02-14.29.51:100][  0]LogDerivedDataCache: Unable to find inner node CompressedPak for hierarchical cache Hierarchy.
[2020.03.02-14.29.51:108][  0]LogDerivedDataCache: Display: Pak cache opened for reading ../../../Engine/DerivedDataCache/Compressed.ddp.
[2020.03.02-14.29.51:109][  0]LogDerivedDataCache: FDerivedDataBackendGraph:  EnterprisePak pak cache file ../../../Enterprise/DerivedDataCache/Compressed.ddp not found, will not use a pak cache.
[2020.03.02-14.29.51:109][  0]LogDerivedDataCache: Unable to find inner node EnterprisePak for hierarchical cache Hierarchy.
[2020.03.02-14.29.51:110][  0]LogDerivedDataCache: Using Local data cache path C:/Users/adria/AppData/Local/UnrealEngine/Common/DerivedDataCache: Writable
[2020.03.02-14.29.51:110][  0]LogDerivedDataCache: Shared data cache path not found in *engine.ini, will not use an Shared cache.
[2020.03.02-14.29.51:110][  0]LogDerivedDataCache: Unable to find inner node Shared for hierarchical cache Hierarchy.
[2020.03.02-14.29.51:132][  0]LogMaterial: Verifying Global Shaders for PCD3D_SM5
[2020.03.02-14.29.51:134][  0]LogSlate: Using FreeType 2.10.0
[2020.03.02-14.29.51:134][  0]LogSlate: SlateFontServices - WITH_FREETYPE: 1, WITH_HARFBUZZ: 1
[2020.03.02-14.29.51:183][  0]LogAssetRegistry: FAssetRegistry took 0.0021 seconds to start up
[2020.03.02-14.29.51:424][  0]LogInit: Selected Device Profile: [Windows]
[2020.03.02-14.29.51:562][  0]LogMeshReduction: Using QuadricMeshReduction for automatic static mesh reduction
[2020.03.02-14.29.51:562][  0]LogMeshReduction: Using SimplygonMeshReduction for automatic skeletal mesh reduction
[2020.03.02-14.29.51:562][  0]LogMeshReduction: Using ProxyLODMeshReduction for automatic mesh merging
[2020.03.02-14.29.51:562][  0]LogMeshReduction: No distributed automatic mesh merging module available
[2020.03.02-14.29.51:562][  0]LogMeshMerging: No distributed automatic mesh merging module available
[2020.03.02-14.29.51:571][  0]LogNetVersion: Unreal_Project 1.0.0, NetCL: 10570792, EngineNetVer: 13, GameNetVer: 0 (Checksum: 1551711951)
[2020.03.02-14.29.52:486][  0]LogPackageLocalizationCache: Processed 10 localized package path(s) for 1 prioritized culture(s) in 0.051287 seconds
[2020.03.02-14.29.52:491][  0]LogUObjectArray: 46750 objects as part of root set at end of initial load.
[2020.03.02-14.29.52:491][  0]LogUObjectAllocator: 8137160 out of 0 bytes used by permanent object pool.
[2020.03.02-14.29.52:491][  0]LogUObjectArray: CloseDisregardForGC: 0/0 objects in disregard for GC pool
[2020.03.02-14.29.52:828][  0]LogTcpMessaging: Initializing TcpMessaging bridge
[2020.03.02-14.29.52:830][  0]LogUdpMessaging: Initializing bridge on interface 0.0.0.0:0 to multicast group 230.0.0.1:6666.
[2020.03.02-14.29.52:873][  0]SourceControl: Source control is disabled
[2020.03.02-14.29.52:873][  0]SourceControl: Source control is disabled
[2020.03.02-14.29.52:874][  0]SourceControl: Source control is disabled
[2020.03.02-14.29.52:874][  0]SourceControl: Source control is disabled
[2020.03.02-14.29.52:875][  0]SourceControl: Source control is disabled
[2020.03.02-14.29.52:945][  0]LogAndroidPermission: UAndroidPermissionCallbackProxy::GetInstance
[2020.03.02-14.29.52:955][  0]LogAudioCaptureCore: Display: No Audio Capture implementations found. Audio input will be silent.
[2020.03.02-14.29.52:955][  0]LogAudioCaptureCore: Display: No Audio Capture implementations found. Audio input will be silent.
[2020.03.02-14.29.53:049][  0]LogOcInput: OculusInput pre-init called
[2020.03.02-14.29.53:057][  0]LogWindows: Failed to load 'OVRPlugin.dll' (GetLastError=126)
[2020.03.02-14.29.53:057][  0]LogWindows: File 'OVRPlugin.dll' does not exist
[2020.03.02-14.29.53:122][  0]LogEngine: Initializing Engine...
[2020.03.02-14.29.53:123][  0]LogHMD: Failed to initialize OpenVR with code 110
[2020.03.02-14.29.53:123][  0]LogStats: UGameplayTagsManager::InitializeManager -  0.000 s
[2020.03.02-14.29.53:431][  0]LogInit: Initializing FReadOnlyCVARCache
[2020.03.02-14.29.53:437][  0]LogAIModule: Creating AISystem for world Untitled
[2020.03.02-14.29.53:511][  0]LogAudioMixer: Display: Audio Mixer Platform Settings:
[2020.03.02-14.29.53:511][  0]LogAudioMixer: Display: 	Sample Rate:						  48000
[2020.03.02-14.29.53:511][  0]LogAudioMixer: Display: 	Callback Buffer Frame Size Requested: 1024
[2020.03.02-14.29.53:511][  0]LogAudioMixer: Display: 	Callback Buffer Frame Size To Use:	  1024
[2020.03.02-14.29.53:511][  0]LogAudioMixer: Display: 	Number of buffers to queue:			  2
[2020.03.02-14.29.53:511][  0]LogAudioMixer: Display: 	Max Channels (voices):				  32
[2020.03.02-14.29.53:511][  0]LogAudioMixer: Display: 	Number of Async Source Workers:		  0
[2020.03.02-14.29.53:511][  0]LogAudio: Display: AudioDevice MaxSources: 32
[2020.03.02-14.29.53:512][  0]LogAudio: Display: Using built-in audio occlusion.
[2020.03.02-14.29.53:512][  0]LogAudioMixer: Display: Initializing audio mixer.
[2020.03.02-14.29.53:521][  0]LogAudioMixer: Display: Audio Device Output Speaker Info:
[2020.03.02-14.29.53:521][  0]LogAudioMixer: Display: Name: Altavoces (Realtek High Definition Audio)
[2020.03.02-14.29.53:521][  0]LogAudioMixer: Display: Is Default: Yes
[2020.03.02-14.29.53:521][  0]LogAudioMixer: Display: Sample Rate: 48000
[2020.03.02-14.29.53:521][  0]LogAudioMixer: Display: Channel Count Used: 2
[2020.03.02-14.29.53:521][  0]LogAudioMixer: Display: Device Channel Count: 2
[2020.03.02-14.29.53:521][  0]LogAudioMixer: Display: Channel Order:
[2020.03.02-14.29.53:521][  0]LogAudioMixer: Display: 0: FrontLeft
[2020.03.02-14.29.53:521][  0]LogAudioMixer: Display: 1: FrontRight
[2020.03.02-14.29.53:689][  0]LogAudioMixer: Display: Using Audio Device Altavoces (Realtek High Definition Audio)
[2020.03.02-14.29.53:701][  0]LogInit: FAudioDevice initialized.
[2020.03.02-14.29.53:702][  0]LogNetVersion: Set ProjectVersion to 1.0.0.0. Version Checksum will be recalculated on next use.
[2020.03.02-14.29.53:975][  0]LogDerivedDataCache: Saved boot cache 0.27s 78MB C:/Users/adria/AppData/Local/UnrealEngine/4.24/DerivedDataCache/Boot.ddc.
[2020.03.02-14.29.53:983][  0]LogInit: Texture streaming: Enabled
[2020.03.02-14.29.53:995][  0]LogEngineSessionManager: EngineSessionManager initialized
[2020.03.02-14.29.53:995][  0]LogEditorSessionSummary: Verbose: Initializing EditorSessionSummaryWriter for editor session tracking
[2020.03.02-14.29.53:997][  0]LogEditorSessionSummary: EditorSessionSummaryWriter initialized
[2020.03.02-14.29.54:086][  0]LogInit: Transaction tracking system initialized
[2020.03.02-14.29.54:095][  0]BlueprintLog: New page: Editor Load
[2020.03.02-14.29.54:123][  0]LocalizationService: Localization service is disabled
[2020.03.02-14.29.54:408][  0]LogFileCache: Scanning file cache for directory 'C:/Users/adria/Desktop/Projectes Unreal/GitHub/Unreal_Project/Unreal_Project/Content/' took 0.01s
[2020.03.02-14.29.54:408][  0]LogCook: Display: Max memory allowance for cook 16384mb min free memory 0mb
[2020.03.02-14.29.54:408][  0]LogCook: Display: Mobile HDR setting 1
[2020.03.02-14.29.54:972][  0]SourceControl: Source control is disabled
[2020.03.02-14.29.54:972][  0]LightingResults: New page: Lighting Build
[2020.03.02-14.29.54:973][  0]LogWorld: UWorld::CleanupWorld for Untitled, bSessionEnded=true, bCleanupResources=true
[2020.03.02-14.29.54:973][  0]LogSlate: InvalidateAllWidgets triggered.  All widgets were invalidated
[2020.03.02-14.29.54:973][  0]MapCheck: New page: Map Check
[2020.03.02-14.29.54:973][  0]LightingResults: New page: Lighting Build
[2020.03.02-14.29.55:003][  0]LogUObjectHash: Compacting FUObjectHashTables data took   1.46ms
[2020.03.02-14.29.57:615][  0]LogBlueprint: Warning: [Compiler Ue4ASP_Character] InputAction Event references unknown Action 'Crouch' for  InputAction Crouch
[2020.03.02-14.30.01:353][  0]LogLinker: Warning: While loading '../../../../../../Users/adria/Desktop/Projectes Unreal/GitHub/Unreal_Project/Unreal_Project/Content/AbandonedFactory/Environment/Props/Lamp_01/sm_en_Lamp_01_01.uasset' failed to load '/Game/AbandonedFactory/Environment/Pipe_01/Materials/mi_en_Pipe_01_01': Can't find file.
[2020.03.02-14.30.01:353][  0]LogLinker: Warning: While loading '../../../../../../Users/adria/Desktop/Projectes Unreal/GitHub/Unreal_Project/Unreal_Project/Content/AbandonedFactory/Environment/Props/Lamp_01/sm_en_Lamp_01_01.uasset' failed to load '/Game/AbandonedFactory/Environment/Pipe_01/Materials/mi_en_Pipe_01_01': Can't find file.
[2020.03.02-14.30.01:354][  0]LogLinker: Warning: While loading '../../../../../../Users/adria/Desktop/Projectes Unreal/GitHub/Unreal_Project/Unreal_Project/Content/AbandonedFactory/Environment/Props/Lamp_01/sm_en_Lamp_01_01.uasset' failed to load '/Game/AbandonedFactory/Environment/Pipe_01/Materials/mi_en_Pipe_01_01': Can't find file.
[2020.03.02-14.30.01:354][  0]LogLinker: Warning: While loading '../../../../../../Users/adria/Desktop/Projectes Unreal/GitHub/Unreal_Project/Unreal_Project/Content/AbandonedFactory/Environment/Props/Lamp_01/sm_en_Lamp_01_01.uasset' failed to load '/Game/AbandonedFactory/Environment/Pipe_01/Materials/mi_en_Pipe_01_01': Can't find file.
[2020.03.02-14.30.03:117][  0]LogLinker: Warning: While loading '../../../../../../Users/adria/Desktop/Projectes Unreal/GitHub/Unreal_Project/Unreal_Project/Content/AbandonedFactory/Environment/Props/Lamp_01/sm_en_Lamp_01_01.uasset' failed to load '/Game/AbandonedFactory/Environment/Pipe_01/Materials/mi_en_Pipe_01_01': Can't find file.
[2020.03.02-14.30.03:117][  0]LoadErrors: Failed to load /Game/AbandonedFactory/Environment/Pipe_01/Materials/mi_en_Pipe_01_01.mi_en_Pipe_01_01 Referenced by sm_en_Lamp_01_01
[2020.03.02-14.30.03:117][  0]LogLinker: Warning: While loading '../../../../../../Users/adria/Desktop/Projectes Unreal/GitHub/Unreal_Project/Unreal_Project/Content/AbandonedFactory/Environment/Props/Lamp_01/sm_en_Lamp_01_01.uasset' failed to load '/Game/AbandonedFactory/Environment/Pipe_01/Materials/mi_en_Pipe_01_01': Can't find file.
[2020.03.02-14.30.03:117][  0]LoadErrors: Failed to load /Game/AbandonedFactory/Environment/Pipe_01/Materials/mi_en_Pipe_01_01.mi_en_Pipe_01_01 Referenced by sm_en_Lamp_01_01
[2020.03.02-14.30.03:117][  0]LogLinker: Warning: While loading '../../../../../../Users/adria/Desktop/Projectes Unreal/GitHub/Unreal_Project/Unreal_Project/Content/AbandonedFactory/Environment/Props/Lamp_01/sm_en_Lamp_01_01.uasset' failed to load '/Game/AbandonedFactory/Environment/Pipe_01/Materials/mi_en_Pipe_01_01': Can't find file.
[2020.03.02-14.30.03:117][  0]LoadErrors: Failed to load /Game/AbandonedFactory/Environment/Pipe_01/Materials/mi_en_Pipe_01_01.mi_en_Pipe_01_01 Referenced by sm_en_Lamp_01_01
[2020.03.02-14.30.03:118][  0]LogLinker: Warning: While loading '../../../../../../Users/adria/Desktop/Projectes Unreal/GitHub/Unreal_Project/Unreal_Project/Content/AbandonedFactory/Environment/Props/Lamp_01/sm_en_Lamp_01_01.uasset' failed to load '/Game/AbandonedFactory/Environment/Pipe_01/Materials/mi_en_Pipe_01_01': Can't find file.
[2020.03.02-14.30.03:118][  0]LoadErrors: Failed to load /Game/AbandonedFactory/Environment/Pipe_01/Materials/mi_en_Pipe_01_01.mi_en_Pipe_01_01 Referenced by sm_en_Lamp_01_01
[2020.03.02-14.30.10:130][  0]LogSkeletalMesh: Building Skeletal Mesh SK_Mannequin...
[2020.03.02-14.30.10:236][  0]LogSkeletalMesh: Built Skeletal Mesh [0.11s] /Game/Mannequin/Character/Mesh/SK_Mannequin.SK_Mannequin
[2020.03.02-14.30.10:261][  0]LogAIModule: Creating AISystem for world ThirdPersonExampleMap
[2020.03.02-14.30.12:176][  0]LogEditorServer: Finished looking for orphan Actors (0.000 secs)
[2020.03.02-14.30.12:259][  0]LogUObjectHash: Compacting FUObjectHashTables data took   2.45ms
[2020.03.02-14.30.12:266][  0]Cmd: MAP CHECKDEP NOCLEARLOG
[2020.03.02-14.30.12:266][  0]MapCheck: Map check complete: 0 Error(s), 0 Warning(s), took 0,254ms to complete.
[2020.03.02-14.30.12:266][  0]LogFileHelpers: Loading map 'ThirdPersonExampleMap' took 17.294
[2020.03.02-14.30.12:563][  0]LogSlate: Updating window title bar state: overlay mode, drag disabled, window buttons hidden, title bar hidden
[2020.03.02-14.30.12:570][  0]LogSlate: Updating window title bar state: overlay mode, drag disabled, window buttons hidden, title bar hidden
[2020.03.02-14.30.12:576][  0]LogSlate: Updating window title bar state: overlay mode, drag disabled, window buttons hidden, title bar hidden
[2020.03.02-14.30.12:583][  0]LogSlate: Updating window title bar state: overlay mode, drag disabled, window buttons hidden, title bar hidden
[2020.03.02-14.30.12:627][  0]LogCollectionManager: Loaded 0 collections in 0.001754 seconds
[2020.03.02-14.30.12:674][  0]LogFileCache: Scanning file cache for directory 'C:/Users/adria/Desktop/Projectes Unreal/GitHub/Unreal_Project/Unreal_Project/Saved/Collections/' took 0.00s
[2020.03.02-14.30.12:674][  0]LogFileCache: Scanning file cache for directory 'C:/Users/adria/Desktop/Projectes Unreal/GitHub/Unreal_Project/Unreal_Project/Content/Developers/adria/Collections/' took 0.00s
[2020.03.02-14.30.12:674][  0]LogFileCache: Scanning file cache for directory 'C:/Users/adria/Desktop/Projectes Unreal/GitHub/Unreal_Project/Unreal_Project/Content/Collections/' took 0.00s
[2020.03.02-14.30.12:674][  0]LogContentBrowser: Native class hierarchy populated in 0.0091 seconds. Added 3017 classes and 720 folders.
[2020.03.02-14.30.12:692][  0]LogContentBrowser: Native class hierarchy updated for 'WidgetCarousel' in 0.0003 seconds. Added 0 classes and 0 folders.
[2020.03.02-14.30.13:958][  0]LogContentBrowser: Native class hierarchy updated for 'AddContentDialog' in 0.0002 seconds. Added 0 classes and 0 folders.
[2020.03.02-14.30.14:546][  0]LogSlate: Took 0.000450 seconds to synchronously load lazily loaded font '../../../Engine/Content/Slate/Fonts/Roboto-Regular.ttf' (155K)
[2020.03.02-14.30.14:562][  0]LogSlate: Took 0.000578 seconds to synchronously load lazily loaded font '../../../Engine/Content/Slate/Fonts/Roboto-Bold.ttf' (160K)
[2020.03.02-14.30.14:574][  0]LogSlate: Took 0.007290 seconds to synchronously load lazily loaded font '../../../Engine/Content/Editor/Slate/Fonts/FontAwesome.ttf' (139K)
[2020.03.02-14.30.14:776][  0]LogRenderer: Reallocating scene render targets to support 928x368 Format 10 NumSamples 1 (Frame:1).
[2020.03.02-14.30.14:967][  0]LogContentBrowser: Native class hierarchy updated for 'HierarchicalLODOutliner' in 0.0003 seconds. Added 0 classes and 0 folders.
[2020.03.02-14.30.14:967][  0]LogLoad: (Engine Initialization) Total time: 29.25 seconds
[2020.03.02-14.30.14:967][  0]LogLoad: (Engine Initialization) Total Blueprint compile time: 0.00 seconds
[2020.03.02-14.30.15:031][  0]LogContentStreaming: Texture pool size now 1000 MB
[2020.03.02-14.30.15:210][  3]LogAssetRegistry: Asset discovery search completed in 24.0276 seconds
[2020.03.02-14.30.15:217][  3]LogCollectionManager: Fixed up redirectors for 0 collections in 0.000007 seconds (updated 0 objects)
[2020.03.02-14.30.37:730][204]LogSlate: Took 0.004433 seconds to synchronously load lazily loaded font '../../../Engine/Content/Slate/Fonts/Roboto-Light.ttf' (167K)
[2020.03.02-14.31.05:740][795]LogSlate: Took 0.000177 seconds to synchronously load lazily loaded font '../../../Engine/Content/Slate/Fonts/Roboto-Light.ttf' (167K)
[2020.03.02-14.31.50:037][795]LogSlate: Window 'Pick Skeleton' being destroyed
[2020.03.02-14.32.07:348][641]LogAssetEditorSubsystem: Opening Asset editor for BlendSpace1D /Game/Animations/AI_Walk.AI_Walk
[2020.03.02-14.32.07:394][641]LogContentBrowser: Native class hierarchy updated for 'SkeletonEditor' in 0.0003 seconds. Added 1 classes and 2 folders.
[2020.03.02-14.32.07:747][641]LogActorComponent: RegisterComponentWithWorld: (/Engine/Transient.World_2:PersistentLevel.AnimationEditorPreviewActor_0.DebugSkelMeshComponent_0) Already registered. Aborting.
[2020.03.02-14.32.07:749][641]LogContentBrowser: Native class hierarchy updated for 'PinnedCommandList' in 0.0003 seconds. Added 1 classes and 0 folders.
[2020.03.02-14.32.07:873][641]LogSkeletalMesh: USkeletalMeshComponent::InitArticulated : Bodies already created (/Engine/Transient.World_2:PersistentLevel.AnimationEditorPreviewActor_0.DebugSkelMeshComponent_0) - call TermArticulated first.
[2020.03.02-14.32.08:307][641]LogContentBrowser: Verbose: The majority of assets in the view are of type: AnimSequence
[2020.03.02-14.32.10:652][728]LogRenderer: Reallocating scene render targets to support 928x420 Format 10 NumSamples 1 (Frame:89).
[2020.03.02-14.32.57:909][787]LogSlate: Window 'Walking_Anim_mixamo_com1' being destroyed
[2020.03.02-14.33.00:300][915]LogAssetEditorSubsystem: Opening Asset editor for BlendSpace1D /Game/Animations/WeaponWalk.WeaponWalk
[2020.03.02-14.33.00:395][915]LogWorld: UWorld::CleanupWorld for World_7, bSessionEnded=true, bCleanupResources=true
[2020.03.02-14.33.00:395][915]LogSlate: InvalidateAllWidgets triggered.  All widgets were invalidated
[2020.03.02-14.33.03:117][ 64]LogAssetEditorSubsystem: Opening Asset editor for BlendSpace1D /Game/Animations/AI_Walk.AI_Walk
[2020.03.02-14.33.03:789][102]LogHttp: Warning: 000001D36110FD80: invalid HTTP response code received. URL: https://datarouter.ol.epicgames.com/datarouter/api/v1/public/data?SessionID=%7B3E6C2056-4352-9101-D9C1-5CAA6BBA05C6%7D&AppID=UEEditor.Rocket.Release&AppVersion=4.24.1-10757647%2B%2B%2BUE4%2BRelease-4.24&UserID=a2a2455a43edbb59cec18b8d5a4d2e77%7C687ef0b5a3ed48e78d4fcfe543ca805e%7C319de974-fdc1-46d7-86ba-4fc84d6ab591&AppEnvironment=datacollector-binary&UploadType=eteventstream, HTTP code: 0, content length: 0, actual payload size: 0
[2020.03.02-14.33.03:789][102]LogHttp: Warning: 000001D36110FD80: request failed, libcurl error: 56 (Failure when receiving data from the peer)
[2020.03.02-14.33.03:789][102]LogHttp: Warning: 000001D36110FD80: libcurl info message cache 0 (Found bundle for host datarouter.ol.epicgames.com: 0x1d3402f7f70 [can pipeline])
[2020.03.02-14.33.03:789][102]LogHttp: Warning: 000001D36110FD80: libcurl info message cache 1 (Re-using existing connection! (#0) with host datarouter.ol.epicgames.com)
[2020.03.02-14.33.03:789][102]LogHttp: Warning: 000001D36110FD80: libcurl info message cache 2 (Connected to datarouter.ol.epicgames.com (54.80.69.247) port 443 (#0))
[2020.03.02-14.33.03:789][102]LogHttp: Warning: 000001D36110FD80: libcurl info message cache 3 (We are completely uploaded and fine)
[2020.03.02-14.33.03:789][102]LogHttp: Warning: 000001D36110FD80: libcurl info message cache 4 (OpenSSL SSL_read: SSL_ERROR_SYSCALL, errno 10054)
[2020.03.02-14.33.03:789][102]LogHttp: Warning: 000001D36110FD80: libcurl info message cache 5 (Connection died, retrying a fresh connect)
[2020.03.02-14.33.03:789][102]LogHttp: Warning: 000001D36110FD80: libcurl info message cache 6 (necessary data rewind wasn't possible)
[2020.03.02-14.33.03:790][102]LogHttp: Warning: 000001D36110FD80: libcurl info message cache 7 (Closing connection 0)
[2020.03.02-14.33.03:790][102]LogHttp: Warning: Retry exhausted on https://datarouter.ol.epicgames.com/datarouter/api/v1/public/data?SessionID=%7B3E6C2056-4352-9101-D9C1-5CAA6BBA05C6%7D&AppID=UEEditor.Rocket.Release&AppVersion=4.24.1-10757647%2B%2B%2BUE4%2BRelease-4.24&UserID=a2a2455a43edbb59cec18b8d5a4d2e77%7C687ef0b5a3ed48e78d4fcfe543ca805e%7C319de974-fdc1-46d7-86ba-4fc84d6ab591&AppEnvironment=datacollector-binary&UploadType=eteventstream
[2020.03.02-14.33.16:959][892]Cmd: TRANSACTION UNDO
[2020.03.02-14.33.16:959][892]LogEditorTransaction: Undo Adding Blend Grid Sample
[2020.03.02-14.33.17:034][892]LogActorComponent: RegisterComponentWithWorld: (/Engine/Transient.World_2:PersistentLevel.AnimationEditorPreviewActor_0.DebugSkelMeshComponent_0) Already registered. Aborting.
[2020.03.02-14.34.11:702][157]Cmd: OBJ SAVEPACKAGE PACKAGE="/Game/Animations/AI_Walk" FILE="../../../../../../Users/adria/Desktop/Projectes Unreal/GitHub/Unreal_Project/Unreal_Project/Content/Animations/AI_Walk.uasset" SILENT=true
[2020.03.02-14.34.11:741][157]LogSavePackage: Moving '../../../../../../Users/adria/Desktop/Projectes Unreal/GitHub/Unreal_Project/Unreal_Project/Saved/AI_WalkFF95864245835591C41D92A0F48779F5.tmp' to '../../../../../../Users/adria/Desktop/Projectes Unreal/GitHub/Unreal_Project/Unreal_Project/Content/Animations/AI_Walk.uasset'
[2020.03.02-14.34.11:763][157]AssetCheck: New page: Asset Save: AI_Walk
[2020.03.02-14.34.11:763][157]LogContentValidation: Display: Validating BlendSpace1D /Game/Animations/AI_Walk.AI_Walk
[2020.03.02-14.35.05:126][790]LogUObjectHash: Compacting FUObjectHashTables data took   2.64ms
[2020.03.02-14.35.05:412][790]LogUObjectHash: Compacting FUObjectHashTables data took   2.12ms
[2020.03.02-14.35.05:412][790]LogMetaData: Removing '/Game/Animations/AI_Walk_Interface.AI_Walk_Interface_C' ref from Metadata '/Game/Animations/Shooting.PackageMetaData'
[2020.03.02-14.35.05:412][790]LogMetaData: Removing '/Game/Animations/AI_Walk_Interface.AI_Walk_Interface:Enable Shooting.K2Node_FunctionEntry_0' ref from Metadata '/Game/Animations/Shooting.PackageMetaData'
[2020.03.02-14.35.05:413][790]LogMetaData: Removing '/Game/Animations/AI_Walk_Interface.AI_Walk_Interface:Disable Shooting.K2Node_FunctionEntry_0' ref from Metadata '/Game/Animations/Shooting.PackageMetaData'
[2020.03.02-14.35.05:413][790]LogMetaData: Removing '/Game/Animations/AI_Walk_Interface.SKEL_AI_Walk_Interface_C' ref from Metadata '/Game/Animations/Shooting.PackageMetaData'
[2020.03.02-14.35.05:478][790]LogSavePackage: Moving '../../../../../../Users/adria/Desktop/Projectes Unreal/GitHub/Unreal_Project/Unreal_Project/Saved/AI_Walk_InterfaceB5B11A674B4A07EFD6835D8B121AEFED.tmp' to '../../../../../../Users/adria/Desktop/Projectes Unreal/GitHub/Unreal_Project/Unreal_Project/Content/Animations/AI_Walk_Interface.uasset'
[2020.03.02-14.35.05:641][790]LogUObjectHash: Compacting FUObjectHashTables data took   2.19ms
[2020.03.02-14.35.05:677][790]LogUObjectHash: Compacting FUObjectHashTables data took   1.57ms
[2020.03.02-14.35.05:705][790]LogUObjectHash: Compacting FUObjectHashTables data took   0.65ms
[2020.03.02-14.35.06:180][790]LogSavePackage: Moving '../../../../../../Users/adria/Desktop/Projectes Unreal/GitHub/Unreal_Project/Unreal_Project/Saved/ThirdPersonCharacter3F2AABFB449C785E4488A5BDD63DF3C0.tmp' to '../../../../../../Users/adria/Desktop/Projectes Unreal/GitHub/Unreal_Project/Unreal_Project/Content/ThirdPersonBP/Blueprints/ThirdPersonCharacter.uasset'
[2020.03.02-14.35.06:842][790]AssetCheck: New page: Asset Save: multiple assets
[2020.03.02-14.35.06:842][790]LogContentValidation: Display: Validating Blueprint /Game/Animations/AI_Walk_Interface.AI_Walk_Interface
[2020.03.02-14.35.06:842][790]LogContentValidation: Display: Validating Blueprint /Game/ThirdPersonBP/Blueprints/ThirdPersonCharacter.ThirdPersonCharacter
[2020.03.02-14.35.07:205][792]LogAssetEditorSubsystem: Opening Asset editor for AnimMontage /Game/Animations/ShootAnimMontage.ShootAnimMontage
[2020.03.02-14.35.11:415][973]LogAssetEditorSubsystem: Opening Asset editor for Blueprint /Game/Animations/AI_Walk_Interface.AI_Walk_Interface
[2020.03.02-14.35.11:499][973]LogContentBrowser: Native class hierarchy updated for 'BlueprintGraph' in 0.0005 seconds. Added 121 classes and 0 folders.
[2020.03.02-14.35.15:876][185]LogWorld: UWorld::CleanupWorld for World_2, bSessionEnded=true, bCleanupResources=true
[2020.03.02-14.35.15:876][185]LogSlate: InvalidateAllWidgets triggered.  All widgets were invalidated
[2020.03.02-14.35.16:037][185]LogWorld: UWorld::CleanupWorld for World_3, bSessionEnded=true, bCleanupResources=true
[2020.03.02-14.35.16:037][185]LogSlate: InvalidateAllWidgets triggered.  All widgets were invalidated
[2020.03.02-14.35.46:587][ 10]BlueprintLog: New page: Compile AI_Walk_Interface
[2020.03.02-14.35.46:628][ 10]LogUObjectHash: Compacting FUObjectHashTables data took   3.48ms
[2020.03.02-14.35.47:140][ 39]LogSavePackage: Moving '../../../../../../Users/adria/Desktop/Projectes Unreal/GitHub/Unreal_Project/Unreal_Project/Saved/AI_Walk_Interface75261561435168086C2FDC9FF5AE0ED6.tmp' to '../../../../../../Users/adria/Desktop/Projectes Unreal/GitHub/Unreal_Project/Unreal_Project/Content/Animations/AI_Walk_Interface.uasset'
[2020.03.02-14.35.47:157][ 39]AssetCheck: New page: Asset Save: AI_Walk_Interface
[2020.03.02-14.35.47:157][ 39]LogContentValidation: Display: Validating Blueprint /Game/Animations/AI_Walk_Interface.AI_Walk_Interface
[2020.03.02-14.35.48:678][117]LogUObjectHash: Compacting FUObjectHashTables data took   3.27ms
[2020.03.02-14.35.49:233][117]LogSavePackage: Moving '../../../../../../Users/adria/Desktop/Projectes Unreal/GitHub/Unreal_Project/Unreal_Project/Saved/ThirdPersonExampleMapCBC4D55A499454539453DD930212A0E3.tmp' to '../../../../../../Users/adria/Desktop/Projectes Unreal/GitHub/Unreal_Project/Unreal_Project/Content/ThirdPersonBP/Maps/ThirdPersonExampleMap.umap'
[2020.03.02-14.35.50:773][117]LogSavePackage: Moving '../../../../../../Users/adria/Desktop/Projectes Unreal/GitHub/Unreal_Project/Unreal_Project/Saved/ThirdPersonExampleMap_BuiltData8DF9F0554590149F64A08E96B24E8F50.tmp' to '../../../../../../Users/adria/Desktop/Projectes Unreal/GitHub/Unreal_Project/Unreal_Project/Content/ThirdPersonBP/Maps/ThirdPersonExampleMap_BuiltData.uasset'
[2020.03.02-14.35.50:821][117]AssetCheck: New page: Asset Save: multiple assets
[2020.03.02-14.35.50:821][117]LogContentValidation: Display: Validating World /Game/ThirdPersonBP/Maps/ThirdPersonExampleMap.ThirdPersonExampleMap
[2020.03.02-14.35.50:821][117]LogContentValidation: Display: Validating MapBuildDataRegistry /Game/ThirdPersonBP/Maps/ThirdPersonExampleMap_BuiltData.ThirdPersonExampleMap_BuiltData
[2020.03.02-14.35.52:086][181]LogTemp: Repeating last play command: Selected Viewport
[2020.03.02-14.35.52:130][181]LogBlueprintUserMessages: Early PlayInEditor Detection: Level '/Game/ThirdPersonBP/Maps/ThirdPersonExampleMap.ThirdPersonExampleMap:PersistentLevel' has LevelScriptBlueprint '/Game/ThirdPersonBP/Maps/ThirdPersonExampleMap.ThirdPersonExampleMap:PersistentLevel.ThirdPersonExampleMap' with GeneratedClass '/Game/ThirdPersonBP/Maps/ThirdPersonExampleMap.ThirdPersonExampleMap_C' with ClassGeneratedBy '/Game/ThirdPersonBP/Maps/ThirdPersonExampleMap.ThirdPersonExampleMap:PersistentLevel.ThirdPersonExampleMap'
[2020.03.02-14.35.52:131][181]BlueprintLog: New page: Pre-Play auto-recompile
[2020.03.02-14.35.52:150][181]LogPlayLevel: [PlayLevel] Compiling ThirdPersonCharacter before play...
[2020.03.02-14.35.52:425][181]LogUObjectHash: Compacting FUObjectHashTables data took   3.46ms
[2020.03.02-14.35.52:426][181]LogPlayLevel: PlayLevel: Blueprint regeneration took 295 ms (1 blueprints)
[2020.03.02-14.35.52:428][181]PIE: New page: PIE session: ThirdPersonExampleMap (2 de març 2020, 16:35:52)
[2020.03.02-14.35.52:429][181]LogOnline: OSS: Creating online subsystem instance for: NULL
[2020.03.02-14.35.52:430][181]LogOnline: OSS: TryLoadSubsystemAndSetDefault: Loaded subsystem for module [NULL]
[2020.03.02-14.35.52:431][181]LogPlayLevel: Creating play world package: /Game/ThirdPersonBP/Maps/UEDPIE_0_ThirdPersonExampleMap
[2020.03.02-14.35.52:659][181]LogPlayLevel: PIE: StaticDuplicateObject took: (0.227812s)
[2020.03.02-14.35.52:660][181]LogAIModule: Creating AISystem for world ThirdPersonExampleMap
[2020.03.02-14.35.52:661][181]LogPlayLevel: PIE: World Init took: (0.001511s)
[2020.03.02-14.35.52:661][181]LogPlayLevel: PIE: Created PIE world by copying editor world from /Game/ThirdPersonBP/Maps/ThirdPersonExampleMap.ThirdPersonExampleMap to /Game/ThirdPersonBP/Maps/UEDPIE_0_ThirdPersonExampleMap.ThirdPersonExampleMap (0.229668s)
[2020.03.02-14.35.52:700][181]LogUObjectHash: Compacting FUObjectHashTables data took   2.60ms
[2020.03.02-14.35.52:701][181]LogAudioMixer: Display: Audio Mixer Platform Settings:
[2020.03.02-14.35.52:701][181]LogAudioMixer: Display: 	Sample Rate:						  48000
[2020.03.02-14.35.52:701][181]LogAudioMixer: Display: 	Callback Buffer Frame Size Requested: 1024
[2020.03.02-14.35.52:701][181]LogAudioMixer: Display: 	Callback Buffer Frame Size To Use:	  1024
[2020.03.02-14.35.52:701][181]LogAudioMixer: Display: 	Number of buffers to queue:			  2
[2020.03.02-14.35.52:701][181]LogAudioMixer: Display: 	Max Channels (voices):				  32
[2020.03.02-14.35.52:701][181]LogAudioMixer: Display: 	Number of Async Source Workers:		  0
[2020.03.02-14.35.52:701][181]LogAudio: Display: AudioDevice MaxSources: 32
[2020.03.02-14.35.52:702][181]LogAudio: Display: Using built-in audio occlusion.
[2020.03.02-14.35.52:702][181]LogAudioMixer: Display: Initializing audio mixer.
[2020.03.02-14.35.52:706][181]LogAudioMixer: Display: Audio Device Output Speaker Info:
[2020.03.02-14.35.52:706][181]LogAudioMixer: Display: Name: Altavoces (Realtek High Definition Audio)
[2020.03.02-14.35.52:706][181]LogAudioMixer: Display: Is Default: Yes
[2020.03.02-14.35.52:706][181]LogAudioMixer: Display: Sample Rate: 48000
[2020.03.02-14.35.52:706][181]LogAudioMixer: Display: Channel Count Used: 2
[2020.03.02-14.35.52:706][181]LogAudioMixer: Display: Device Channel Count: 2
[2020.03.02-14.35.52:706][181]LogAudioMixer: Display: Channel Order:
[2020.03.02-14.35.52:706][181]LogAudioMixer: Display: 0: FrontLeft
[2020.03.02-14.35.52:706][181]LogAudioMixer: Display: 1: FrontRight
[2020.03.02-14.35.52:721][181]LogAudioMixer: Display: Using Audio Device Altavoces (Realtek High Definition Audio)
[2020.03.02-14.35.52:722][181]LogInit: FAudioDevice initialized.
[2020.03.02-14.35.52:731][181]LogLoad: Game class is 'ThirdPersonGameMode_C'
[2020.03.02-14.35.52:741][181]LogWorld: Bringing World /Game/ThirdPersonBP/Maps/UEDPIE_0_ThirdPersonExampleMap.ThirdPersonExampleMap up for play (max tick rate 0) at 2020.03.02-15.35.52
[2020.03.02-14.35.52:748][181]LogWorld: Bringing up level for play took: 0.015388
[2020.03.02-14.35.52:748][181]LogOnline: OSS: Creating online subsystem instance for: :Context_11
[2020.03.02-14.35.52:757][181]LogContentBrowser: Native class hierarchy updated for 'MovieSceneCapture' in 0.0003 seconds. Added 20 classes and 0 folders.
[2020.03.02-14.35.52:759][181]PIE: Play in editor start time for /Game/ThirdPersonBP/Maps/UEDPIE_0_ThirdPersonExampleMap 0,692
[2020.03.02-14.35.52:760][181]LogBlueprintUserMessages: Late PlayInEditor Detection: Level '/Game/ThirdPersonBP/Maps/ThirdPersonExampleMap.ThirdPersonExampleMap:PersistentLevel' has LevelScriptBlueprint '/Game/ThirdPersonBP/Maps/ThirdPersonExampleMap.ThirdPersonExampleMap:PersistentLevel.ThirdPersonExampleMap' with GeneratedClass '/Game/ThirdPersonBP/Maps/ThirdPersonExampleMap.ThirdPersonExampleMap_C' with ClassGeneratedBy '/Game/ThirdPersonBP/Maps/ThirdPersonExampleMap.ThirdPersonExampleMap:PersistentLevel.ThirdPersonExampleMap'
[2020.03.02-14.35.57:940][365]LogAudioMixer: Display: No commands were queued while flushing the source manager.
[2020.03.02-14.35.57:949][365]LogAudioMixer: Display: Flush succeeded in the source manager command queue (1).
[2020.03.02-14.35.57:970][365]LogAudioMixer: Display: Flush succeeded the source manager command queue (2).
[2020.03.02-14.35.57:970][365]LogBlueprintUserMessages: Early EndPlayMap Detection: Level '/Game/ThirdPersonBP/Maps/ThirdPersonExampleMap.ThirdPersonExampleMap:PersistentLevel' has LevelScriptBlueprint '/Game/ThirdPersonBP/Maps/ThirdPersonExampleMap.ThirdPersonExampleMap:PersistentLevel.ThirdPersonExampleMap' with GeneratedClass '/Game/ThirdPersonBP/Maps/ThirdPersonExampleMap.ThirdPersonExampleMap_C' with ClassGeneratedBy '/Game/ThirdPersonBP/Maps/ThirdPersonExampleMap.ThirdPersonExampleMap:PersistentLevel.ThirdPersonExampleMap'
[2020.03.02-14.35.57:973][365]LogSlate: Updating window title bar state: overlay mode, drag disabled, window buttons hidden, title bar hidden
[2020.03.02-14.35.57:973][365]LogWorld: BeginTearingDown for /Game/ThirdPersonBP/Maps/UEDPIE_0_ThirdPersonExampleMap
[2020.03.02-14.35.57:974][365]LogAudioMixer: Display: No commands were queued while flushing the source manager.
[2020.03.02-14.35.57:974][365]LogWorld: UWorld::CleanupWorld for ThirdPersonExampleMap, bSessionEnded=true, bCleanupResources=true
[2020.03.02-14.35.57:976][365]LogSlate: InvalidateAllWidgets triggered.  All widgets were invalidated
[2020.03.02-14.35.57:982][365]LogPlayLevel: Display: Shutting down PIE online subsystems
[2020.03.02-14.35.57:982][365]LogBlueprintUserMessages: Late EndPlayMap Detection: Level '/Game/ThirdPersonBP/Maps/ThirdPersonExampleMap.ThirdPersonExampleMap:PersistentLevel' has LevelScriptBlueprint '/Game/ThirdPersonBP/Maps/ThirdPersonExampleMap.ThirdPersonExampleMap:PersistentLevel.ThirdPersonExampleMap' with GeneratedClass '/Game/ThirdPersonBP/Maps/ThirdPersonExampleMap.ThirdPersonExampleMap_C' with ClassGeneratedBy '/Game/ThirdPersonBP/Maps/ThirdPersonExampleMap.ThirdPersonExampleMap:PersistentLevel.ThirdPersonExampleMap'
[2020.03.02-14.35.57:989][365]LogSlate: InvalidateAllWidgets triggered.  All widgets were invalidated
[2020.03.02-14.35.58:019][365]LogAudioMixer: Display: No commands were queued while flushing the source manager.
[2020.03.02-14.35.58:022][365]LogSlate: Updating window title bar state: overlay mode, drag disabled, window buttons hidden, title bar hidden
[2020.03.02-14.35.58:057][365]LogUObjectHash: Compacting FUObjectHashTables data took   4.00ms
[2020.03.02-14.35.58:087][366]LogPlayLevel: Display: Destroying online subsystem :Context_11
[2020.03.02-14.36.01:323][536]LogAssetEditorSubsystem: Opening Asset editor for Blueprint /Game/ThirdPersonBP/Blueprints/ThirdPersonCharacter.ThirdPersonCharacter
[2020.03.02-14.36.01:975][536]LogSlate: Took 0.004058 seconds to synchronously load lazily loaded font '../../../Engine/Content/Slate/Fonts/Roboto-BoldCondensed.ttf' (158K)
[2020.03.02-14.36.02:180][537]LogSlate: Took 0.004302 seconds to synchronously load lazily loaded font '../../../Engine/Content/Slate/Fonts/Roboto-Italic.ttf' (157K)
[2020.03.02-14.36.03:600][618]BlueprintLog: New page: Compile ThirdPersonCharacter
[2020.03.02-14.36.03:940][618]LogUObjectHash: Compacting FUObjectHashTables data took   4.62ms
[2020.03.02-14.36.06:769][770]LogSavePackage: Moving '../../../../../../Users/adria/Desktop/Projectes Unreal/GitHub/Unreal_Project/Unreal_Project/Saved/ThirdPersonCharacterE942D7464BB01D4DAC4F70B7CF43ADEE.tmp' to '../../../../../../Users/adria/Desktop/Projectes Unreal/GitHub/Unreal_Project/Unreal_Project/Content/ThirdPersonBP/Blueprints/ThirdPersonCharacter.uasset'
[2020.03.02-14.36.06:784][770]AssetCheck: New page: Asset Save: ThirdPersonCharacter
[2020.03.02-14.36.06:784][770]LogContentValidation: Display: Validating Blueprint /Game/ThirdPersonBP/Blueprints/ThirdPersonCharacter.ThirdPersonCharacter
[2020.03.02-14.36.08:583][881]LogTemp: Repeating last play command: Selected Viewport
[2020.03.02-14.36.08:607][881]LogBlueprintUserMessages: Early PlayInEditor Detection: Level '/Game/ThirdPersonBP/Maps/ThirdPersonExampleMap.ThirdPersonExampleMap:PersistentLevel' has LevelScriptBlueprint '/Game/ThirdPersonBP/Maps/ThirdPersonExampleMap.ThirdPersonExampleMap:PersistentLevel.ThirdPersonExampleMap' with GeneratedClass '/Game/ThirdPersonBP/Maps/ThirdPersonExampleMap.ThirdPersonExampleMap_C' with ClassGeneratedBy '/Game/ThirdPersonBP/Maps/ThirdPersonExampleMap.ThirdPersonExampleMap:PersistentLevel.ThirdPersonExampleMap'
[2020.03.02-14.36.08:607][881]LogPlayLevel: PlayLevel: No blueprints needed recompiling
[2020.03.02-14.36.08:607][881]PIE: New page: PIE session: ThirdPersonExampleMap (2 de març 2020, 16:36:08)
[2020.03.02-14.36.08:608][881]LogPlayLevel: Creating play world package: /Game/ThirdPersonBP/Maps/UEDPIE_0_ThirdPersonExampleMap
[2020.03.02-14.36.08:756][881]LogPlayLevel: PIE: StaticDuplicateObject took: (0.147791s)
[2020.03.02-14.36.08:757][881]LogAIModule: Creating AISystem for world ThirdPersonExampleMap
[2020.03.02-14.36.08:757][881]LogPlayLevel: PIE: World Init took: (0.001207s)
[2020.03.02-14.36.08:757][881]LogPlayLevel: PIE: Created PIE world by copying editor world from /Game/ThirdPersonBP/Maps/ThirdPersonExampleMap.ThirdPersonExampleMap to /Game/ThirdPersonBP/Maps/UEDPIE_0_ThirdPersonExampleMap.ThirdPersonExampleMap (0.149163s)
[2020.03.02-14.36.08:804][881]LogUObjectHash: Compacting FUObjectHashTables data took   4.19ms
[2020.03.02-14.36.08:805][881]LogAudioMixer: Display: Audio Mixer Platform Settings:
[2020.03.02-14.36.08:805][881]LogAudioMixer: Display: 	Sample Rate:						  48000
[2020.03.02-14.36.08:805][881]LogAudioMixer: Display: 	Callback Buffer Frame Size Requested: 1024
[2020.03.02-14.36.08:805][881]LogAudioMixer: Display: 	Callback Buffer Frame Size To Use:	  1024
[2020.03.02-14.36.08:805][881]LogAudioMixer: Display: 	Number of buffers to queue:			  2
[2020.03.02-14.36.08:806][881]LogAudioMixer: Display: 	Max Channels (voices):				  32
[2020.03.02-14.36.08:806][881]LogAudioMixer: Display: 	Number of Async Source Workers:		  0
[2020.03.02-14.36.08:806][881]LogAudio: Display: AudioDevice MaxSources: 32
[2020.03.02-14.36.08:806][881]LogAudio: Display: Using built-in audio occlusion.
[2020.03.02-14.36.08:806][881]LogAudioMixer: Display: Initializing audio mixer.
[2020.03.02-14.36.08:810][881]LogAudioMixer: Display: Audio Device Output Speaker Info:
[2020.03.02-14.36.08:810][881]LogAudioMixer: Display: Name: Altavoces (Realtek High Definition Audio)
[2020.03.02-14.36.08:810][881]LogAudioMixer: Display: Is Default: Yes
[2020.03.02-14.36.08:810][881]LogAudioMixer: Display: Sample Rate: 48000
[2020.03.02-14.36.08:810][881]LogAudioMixer: Display: Channel Count Used: 2
[2020.03.02-14.36.08:810][881]LogAudioMixer: Display: Device Channel Count: 2
[2020.03.02-14.36.08:810][881]LogAudioMixer: Display: Channel Order:
[2020.03.02-14.36.08:810][881]LogAudioMixer: Display: 0: FrontLeft
[2020.03.02-14.36.08:810][881]LogAudioMixer: Display: 1: FrontRight
[2020.03.02-14.36.08:825][881]LogAudioMixer: Display: Using Audio Device Altavoces (Realtek High Definition Audio)
[2020.03.02-14.36.08:826][881]LogInit: FAudioDevice initialized.
[2020.03.02-14.36.08:831][881]LogLoad: Game class is 'ThirdPersonGameMode_C'
[2020.03.02-14.36.08:840][881]LogWorld: Bringing World /Game/ThirdPersonBP/Maps/UEDPIE_0_ThirdPersonExampleMap.ThirdPersonExampleMap up for play (max tick rate 0) at 2020.03.02-15.36.08
[2020.03.02-14.36.08:841][881]LogWorld: Bringing up level for play took: 0.009070
[2020.03.02-14.36.08:841][881]LogOnline: OSS: Creating online subsystem instance for: :Context_13
[2020.03.02-14.36.08:843][881]PIE: Play in editor start time for /Game/ThirdPersonBP/Maps/UEDPIE_0_ThirdPersonExampleMap 0,776
[2020.03.02-14.36.08:843][881]LogBlueprintUserMessages: Late PlayInEditor Detection: Level '/Game/ThirdPersonBP/Maps/ThirdPersonExampleMap.ThirdPersonExampleMap:PersistentLevel' has LevelScriptBlueprint '/Game/ThirdPersonBP/Maps/ThirdPersonExampleMap.ThirdPersonExampleMap:PersistentLevel.ThirdPersonExampleMap' with GeneratedClass '/Game/ThirdPersonBP/Maps/ThirdPersonExampleMap.ThirdPersonExampleMap_C' with ClassGeneratedBy '/Game/ThirdPersonBP/Maps/ThirdPersonExampleMap.ThirdPersonExampleMap:PersistentLevel.ThirdPersonExampleMap'
[2020.03.02-14.37.30:176][352]LogAudioMixer: Display: No commands were queued while flushing the source manager.
[2020.03.02-14.37.30:190][352]LogAudioMixer: Display: Flush succeeded in the source manager command queue (1).
[2020.03.02-14.37.30:209][352]LogAudioMixer: Display: Flush succeeded the source manager command queue (2).
[2020.03.02-14.37.30:210][352]LogBlueprintUserMessages: Early EndPlayMap Detection: Level '/Game/ThirdPersonBP/Maps/ThirdPersonExampleMap.ThirdPersonExampleMap:PersistentLevel' has LevelScriptBlueprint '/Game/ThirdPersonBP/Maps/ThirdPersonExampleMap.ThirdPersonExampleMap:PersistentLevel.ThirdPersonExampleMap' with GeneratedClass '/Game/ThirdPersonBP/Maps/ThirdPersonExampleMap.ThirdPersonExampleMap_C' with ClassGeneratedBy '/Game/ThirdPersonBP/Maps/ThirdPersonExampleMap.ThirdPersonExampleMap:PersistentLevel.ThirdPersonExampleMap'
[2020.03.02-14.37.30:243][352]LogSlate: Updating window title bar state: overlay mode, drag disabled, window buttons hidden, title bar hidden
[2020.03.02-14.37.30:243][352]LogWorld: BeginTearingDown for /Game/ThirdPersonBP/Maps/UEDPIE_0_ThirdPersonExampleMap
[2020.03.02-14.37.30:244][352]LogAudioMixer: Display: No commands were queued while flushing the source manager.
[2020.03.02-14.37.30:244][352]LogWorld: UWorld::CleanupWorld for ThirdPersonExampleMap, bSessionEnded=true, bCleanupResources=true
[2020.03.02-14.37.30:246][352]LogSlate: InvalidateAllWidgets triggered.  All widgets were invalidated
[2020.03.02-14.37.30:266][352]LogPlayLevel: Display: Shutting down PIE online subsystems
[2020.03.02-14.37.30:266][352]LogBlueprintUserMessages: Late EndPlayMap Detection: Level '/Game/ThirdPersonBP/Maps/ThirdPersonExampleMap.ThirdPersonExampleMap:PersistentLevel' has LevelScriptBlueprint '/Game/ThirdPersonBP/Maps/ThirdPersonExampleMap.ThirdPersonExampleMap:PersistentLevel.ThirdPersonExampleMap' with GeneratedClass '/Game/ThirdPersonBP/Maps/ThirdPersonExampleMap.ThirdPersonExampleMap_C' with ClassGeneratedBy '/Game/ThirdPersonBP/Maps/ThirdPersonExampleMap.ThirdPersonExampleMap:PersistentLevel.ThirdPersonExampleMap'
[2020.03.02-14.37.30:279][352]LogSlate: InvalidateAllWidgets triggered.  All widgets were invalidated
[2020.03.02-14.37.30:314][352]LogAudioMixer: Display: No commands were queued while flushing the source manager.
[2020.03.02-14.37.30:317][352]LogSlate: Updating window title bar state: overlay mode, drag disabled, window buttons hidden, title bar hidden
[2020.03.02-14.37.30:364][352]LogUObjectHash: Compacting FUObjectHashTables data took   3.61ms
[2020.03.02-14.37.30:393][353]LogPlayLevel: Display: Destroying online subsystem :Context_13
[2020.03.02-14.42.05:905][297]LogContentBrowser: Verbose: The majority of assets in the view are of type: Skeleton
[2020.03.02-14.42.12:503][297]LogSlate: Window 'Create Animation Blueprint' being destroyed
[2020.03.02-14.42.32:374][338]LogAssetEditorSubsystem: Opening Asset editor for AnimBlueprint /Game/Animations/AI_AnimBP.AI_AnimBP
[2020.03.02-14.42.32:383][338]LogActorComponent: RegisterComponentWithWorld: (/Engine/Transient.World_14:PersistentLevel.AnimationEditorPreviewActor_0.DebugSkelMeshComponent_0) Already registered. Aborting.
[2020.03.02-14.42.32:634][338]LogSkeletalMesh: USkeletalMeshComponent::InitArticulated : Bodies already created (/Engine/Transient.World_14:PersistentLevel.AnimationEditorPreviewActor_0.DebugSkelMeshComponent_0) - call TermArticulated first.
[2020.03.02-14.42.35:950][485]LogUObjectHash: Compacting FUObjectHashTables data took   3.45ms
[2020.03.02-14.42.37:374][485]LogSlate: Window 'Save Content' being destroyed
[2020.03.02-14.42.37:436][485]Cmd: OBJ SAVEPACKAGE PACKAGE="/Game/Animations/AI_AnimBP" FILE="../../../../../../Users/adria/Desktop/Projectes Unreal/GitHub/Unreal_Project/Unreal_Project/Content/Animations/AI_AnimBP.uasset" SILENT=true
[2020.03.02-14.42.37:458][485]LogSavePackage: Moving '../../../../../../Users/adria/Desktop/Projectes Unreal/GitHub/Unreal_Project/Unreal_Project/Saved/AI_AnimBP8E27F3504D409D08CBBAEC9C21A3B38B.tmp' to '../../../../../../Users/adria/Desktop/Projectes Unreal/GitHub/Unreal_Project/Unreal_Project/Content/Animations/AI_AnimBP.uasset'
[2020.03.02-14.42.37:504][485]LogUObjectHash: Compacting FUObjectHashTables data took   0.97ms
[2020.03.02-14.42.38:089][485]LogSavePackage: Moving '../../../../../../Users/adria/Desktop/Projectes Unreal/GitHub/Unreal_Project/Unreal_Project/Saved/ThirdPersonExampleMapB8BDAB924FA78AD646B99D94A3E0C92A.tmp' to '../../../../../../Users/adria/Desktop/Projectes Unreal/GitHub/Unreal_Project/Unreal_Project/Content/ThirdPersonBP/Maps/ThirdPersonExampleMap.umap'
[2020.03.02-14.42.38:134][485]LogFileHelpers: Saving map 'ThirdPersonExampleMap' took 0.673
[2020.03.02-14.42.38:194][485]AssetCheck: New page: Asset Save: multiple assets
[2020.03.02-14.42.38:194][485]LogContentValidation: Display: Validating AnimBlueprint /Game/Animations/AI_AnimBP.AI_AnimBP
[2020.03.02-14.42.38:194][485]LogContentValidation: Display: Validating World /Game/ThirdPersonBP/Maps/ThirdPersonExampleMap.ThirdPersonExampleMap
[2020.03.02-14.42.59:689][757]LogContentBrowser: Verbose: The majority of assets in the view are of type: AnimSequence
[2020.03.02-14.43.31:276][651]BlueprintLog: New page: Compile AI_AnimBP
[2020.03.02-14.43.31:604][651]LogUObjectHash: Compacting FUObjectHashTables data took   5.01ms
[2020.03.02-14.43.32:643][699]Cmd: OBJ SAVEPACKAGE PACKAGE="/Game/Animations/AI_AnimBP" FILE="../../../../../../Users/adria/Desktop/Projectes Unreal/GitHub/Unreal_Project/Unreal_Project/Content/Animations/AI_AnimBP.uasset" SILENT=true
[2020.03.02-14.43.32:678][699]LogSavePackage: Moving '../../../../../../Users/adria/Desktop/Projectes Unreal/GitHub/Unreal_Project/Unreal_Project/Saved/AI_AnimBP21EECF8C4B1309386A45AF90134DC94E.tmp' to '../../../../../../Users/adria/Desktop/Projectes Unreal/GitHub/Unreal_Project/Unreal_Project/Content/Animations/AI_AnimBP.uasset'
[2020.03.02-14.43.32:695][699]AssetCheck: New page: Asset Save: AI_AnimBP
[2020.03.02-14.43.32:695][699]LogContentValidation: Display: Validating AnimBlueprint /Game/Animations/AI_AnimBP.AI_AnimBP
